{"numTotalTestSuites":20,"numPassedTestSuites":20,"numFailedTestSuites":0,"numPendingTestSuites":0,"numTotalTests":46,"numPassedTests":46,"numFailedTests":0,"numPendingTests":0,"numTodoTests":0,"snapshot":{"added":0,"failure":false,"filesAdded":0,"filesRemoved":0,"filesRemovedList":[],"filesUnmatched":0,"filesUpdated":0,"matched":0,"total":0,"unchecked":0,"uncheckedKeysByFile":[],"unmatched":0,"updated":0,"didUpdate":false},"startTime":1775715265862,"success":true,"testResults":[{"assertionResults":[{"ancestorTitles":["Auth API"],"fullName":"Auth API promotes the first registered user to admin and returns a valid session","status":"passed","title":"promotes the first registered user to admin and returns a valid session","duration":552.8145999999997,"failureMessages":[],"meta":{},"tags":[]},{"ancestorTitles":["Auth API"],"fullName":"Auth API rejects duplicate registration attempts with 409","status":"passed","title":"rejects duplicate registration attempts with 409","duration":638.3896999999997,"failureMessages":[],"meta":{},"tags":[]},{"ancestorTitles":["Auth API"],"fullName":"Auth API rejects invalid login credentials with 401","status":"passed","title":"rejects invalid login credentials with 401","duration":473.70889999999963,"failureMessages":[],"meta":{},"tags":[]},{"ancestorTitles":["Auth API"],"fullName":"Auth API rotates refresh tokens and rejects reuse of a revoked token","status":"passed","title":"rotates refresh tokens and rejects reuse of a revoked token","duration":451.3204999999998,"failureMessages":[],"meta":{},"tags":[]},{"ancestorTitles":["Auth API"],"fullName":"Auth API rejects refresh requests without a refresh cookie","status":"passed","title":"rejects refresh requests without a refresh cookie","duration":324.33330000000024,"failureMessages":[],"meta":{},"tags":[]},{"ancestorTitles":["Auth API"],"fullName":"Auth API rejects expired refresh tokens with 401","status":"passed","title":"rejects expired refresh tokens with 401","duration":536.9227000000001,"failureMessages":[],"meta":{},"tags":[]},{"ancestorTitles":["Auth API"],"fullName":"Auth API requires a valid access token for /auth/me","status":"passed","title":"requires a valid access token for /auth/me","duration":429.08670000000075,"failureMessages":[],"meta":{},"tags":[]},{"ancestorTitles":["Auth API"],"fullName":"Auth API revokes refresh tokens during logout","status":"passed","title":"revokes refresh tokens during logout","duration":694.9639000000006,"failureMessages":[],"meta":{},"tags":[]}],"startTime":1775715288050,"endTime":1775715292152.9639,"status":"passed","message":"","name":"C:/Users/talgatov_a/Desktop/aqa_1/server/src/test/auth.integration.test.ts"},{"assertionResults":[{"ancestorTitles":["Blog API"],"fullName":"Blog API blocks unauthenticated post, comment, and like mutations","status":"passed","title":"blocks unauthenticated post, comment, and like mutations","duration":362.9888000000001,"failureMessages":[],"meta":{},"tags":[]},{"ancestorTitles":["Blog API"],"fullName":"Blog API allows an author to create, update, and delete their own post","status":"passed","title":"allows an author to create, update, and delete their own post","duration":829.8119999999999,"failureMessages":[],"meta":{},"tags":[]},{"ancestorTitles":["Blog API"],"fullName":"Blog API rejects create and update requests that reference missing categories or tags","status":"passed","title":"rejects create and update requests that reference missing categories or tags","duration":611.4700000000003,"failureMessages":[],"meta":{},"tags":[]},{"ancestorTitles":["Blog API"],"fullName":"Blog API prevents non-authors from managing posts while still allowing admins to moderate them","status":"passed","title":"prevents non-authors from managing posts while still allowing admins to moderate them","duration":1046.8005000000003,"failureMessages":[],"meta":{},"tags":[]},{"ancestorTitles":["Blog API"],"fullName":"Blog API validates comment content and returns 404 for missing comments","status":"passed","title":"validates comment content and returns 404 for missing comments","duration":770.1257000000005,"failureMessages":[],"meta":{},"tags":[]},{"ancestorTitles":["Blog API"],"fullName":"Blog API prevents duplicate likes and returns 404 when removing a missing like","status":"passed","title":"prevents duplicate likes and returns 404 when removing a missing like","duration":720.1059000000005,"failureMessages":[],"meta":{},"tags":[]},{"ancestorTitles":["Blog API"],"fullName":"Blog API serializes parallel like requests into one created like and one duplicate rejection","status":"passed","title":"serializes parallel like requests into one created like and one duplicate rejection","duration":1299.9183000000012,"failureMessages":[],"meta":{},"tags":[]},{"ancestorTitles":["Blog API"],"fullName":"Blog API keeps parallel bookmark requests idempotent and persists a single bookmark record","status":"passed","title":"keeps parallel bookmark requests idempotent and persists a single bookmark record","duration":1217.1113000000005,"failureMessages":[],"meta":{},"tags":[]}],"startTime":1775715304944,"endTime":1775715311803.1113,"status":"passed","message":"","name":"C:/Users/talgatov_a/Desktop/aqa_1/server/src/test/blog.integration.test.ts"},{"assertionResults":[{"ancestorTitles":["blog.service unit logic"],"fullName":"blog.service unit logic falls back to published-only scope when a non-admin requests draft posts for another author","status":"passed","title":"falls back to published-only scope when a non-admin requests draft posts for another author","duration":693.7353000000003,"failureMessages":[],"meta":{},"tags":[]}],"startTime":1775715352311,"endTime":1775715353004.7354,"status":"passed","message":"","name":"C:/Users/talgatov_a/Desktop/aqa_1/server/src/test/blog.service.unit.test.ts"},{"assertionResults":[{"ancestorTitles":["Database seed scripts"],"fullName":"Database seed scripts creates a deterministic demo dataset with valid relations","status":"passed","title":"creates a deterministic demo dataset with valid relations","duration":1496.0509000000002,"failureMessages":[],"meta":{},"tags":[]},{"ancestorTitles":["Database seed scripts"],"fullName":"Database seed scripts cleans all application tables without dropping the schema","status":"passed","title":"cleans all application tables without dropping the schema","duration":2394.6429,"failureMessages":[],"meta":{},"tags":[]},{"ancestorTitles":["Database seed scripts"],"fullName":"Database seed scripts rejects destructive actions for production-like database names","status":"passed","title":"rejects destructive actions for production-like database names","duration":490.27170000000024,"failureMessages":[],"meta":{},"tags":[]},{"ancestorTitles":["Database seed scripts"],"fullName":"Database seed scripts reseeds deterministically when run more than once","status":"passed","title":"reseeds deterministically when run more than once","duration":2356.9406,"failureMessages":[],"meta":{},"tags":[]}],"startTime":1775715324682,"endTime":1775715331420.9407,"status":"passed","message":"","name":"C:/Users/talgatov_a/Desktop/aqa_1/server/src/test/db-scripts.integration.test.ts"},{"assertionResults":[{"ancestorTitles":["Editorial workspace API"],"fullName":"Editorial workspace API supports draft -> publish -> archive -> restore workflow","status":"passed","title":"supports draft -> publish -> archive -> restore workflow","duration":898.1219000000001,"failureMessages":[],"meta":{},"tags":[]},{"ancestorTitles":["Editorial workspace API"],"fullName":"Editorial workspace API returns only published posts in the public feed and supports filters","status":"passed","title":"returns only published posts in the public feed and supports filters","duration":1348.8918999999996,"failureMessages":[],"meta":{},"tags":[]},{"ancestorTitles":["Editorial workspace API"],"fullName":"Editorial workspace API allows authenticated users to bookmark and report published content","status":"passed","title":"allows authenticated users to bookmark and report published content","duration":798.1246999999994,"failureMessages":[],"meta":{},"tags":[]},{"ancestorTitles":["Editorial workspace API"],"fullName":"Editorial workspace API rejects reports that target both entities or neither entity","status":"passed","title":"rejects reports that target both entities or neither entity","duration":858.5307000000003,"failureMessages":[],"meta":{},"tags":[]},{"ancestorTitles":["Editorial workspace API"],"fullName":"Editorial workspace API lets admins moderate reports and taxonomy records","status":"passed","title":"lets admins moderate reports and taxonomy records","duration":811.7618000000002,"failureMessages":[],"meta":{},"tags":[]}],"startTime":1775715336692,"endTime":1775715341408.7617,"status":"passed","message":"","name":"C:/Users/talgatov_a/Desktop/aqa_1/server/src/test/editorial.integration.test.ts"},{"assertionResults":[{"ancestorTitles":["Profile and admin API"],"fullName":"Profile and admin API requires authentication and admin privileges for admin routes","status":"passed","title":"requires authentication and admin privileges for admin routes","duration":1059.8829999999998,"failureMessages":[],"meta":{},"tags":[]},{"ancestorTitles":["Profile and admin API"],"fullName":"Profile and admin API rejects duplicate emails during profile updates","status":"passed","title":"rejects duplicate emails during profile updates","duration":563.0760999999984,"failureMessages":[],"meta":{},"tags":[]},{"ancestorTitles":["Profile and admin API"],"fullName":"Profile and admin API returns a profile summary and accepts a unique profile update","status":"passed","title":"returns a profile summary and accepts a unique profile update","duration":673.6169000000009,"failureMessages":[],"meta":{},"tags":[]},{"ancestorTitles":["Profile and admin API"],"fullName":"Profile and admin API uploads a valid avatar and persists the returned file path","status":"passed","title":"uploads a valid avatar and persists the returned file path","duration":563.4814000000006,"failureMessages":[],"meta":{},"tags":[]},{"ancestorTitles":["Profile and admin API"],"fullName":"Profile and admin API rejects avatar uploads with unsupported mime types","status":"passed","title":"rejects avatar uploads with unsupported mime types","duration":496.1175000000003,"failureMessages":[],"meta":{},"tags":[]},{"ancestorTitles":["Profile and admin API"],"fullName":"Profile and admin API rejects avatar uploads when no file is attached","status":"passed","title":"rejects avatar uploads when no file is attached","duration":478.08380000000034,"failureMessages":[],"meta":{},"tags":[]},{"ancestorTitles":["Profile and admin API"],"fullName":"Profile and admin API rejects avatar uploads larger than 5MB","status":"passed","title":"rejects avatar uploads larger than 5MB","duration":527.7698999999993,"failureMessages":[],"meta":{},"tags":[]},{"ancestorTitles":["Profile and admin API"],"fullName":"Profile and admin API lets admins inspect moderation data, update roles, and delete like records","status":"passed","title":"lets admins inspect moderation data, update roles, and delete like records","duration":830.2379000000001,"failureMessages":[],"meta":{},"tags":[]},{"ancestorTitles":["Profile and admin API"],"fullName":"Profile and admin API prevents deleting or demoting the last admin account","status":"passed","title":"prevents deleting or demoting the last admin account","duration":664.3174999999992,"failureMessages":[],"meta":{},"tags":[]},{"ancestorTitles":["Profile and admin API"],"fullName":"Profile and admin API allows admins to delete a non-admin user account","status":"passed","title":"allows admins to delete a non-admin user account","duration":865.7380000000012,"failureMessages":[],"meta":{},"tags":[]}],"startTime":1775715275280,"endTime":1775715282003.738,"status":"passed","message":"","name":"C:/Users/talgatov_a/Desktop/aqa_1/server/src/test/profile-admin.integration.test.ts"},{"assertionResults":[{"ancestorTitles":["qa reporting"],"fullName":"qa reporting summarizes vitest, playwright, and coverage inputs into a single QA summary","status":"passed","title":"summarizes vitest, playwright, and coverage inputs into a single QA summary","duration":329.23189999999977,"failureMessages":[],"meta":{},"tags":[]},{"ancestorTitles":["qa reporting"],"fullName":"qa reporting fails quality gates when coverage or execution outcomes fall below thresholds","status":"passed","title":"fails quality gates when coverage or execution outcomes fall below thresholds","duration":352.64560000000074,"failureMessages":[],"meta":{},"tags":[]}],"startTime":1775715346657,"endTime":1775715347338.6455,"status":"passed","message":"","name":"C:/Users/talgatov_a/Desktop/aqa_1/server/src/test/qa-reporting.unit.test.ts"},{"assertionResults":[{"ancestorTitles":["report.service unit logic"],"fullName":"report.service unit logic rejects report inputs that target both entities or neither entity","status":"passed","title":"rejects report inputs that target both entities or neither entity","duration":409.34580000000005,"failureMessages":[],"meta":{},"tags":[]}],"startTime":1775715357776,"endTime":1775715358185.3457,"status":"passed","message":"","name":"C:/Users/talgatov_a/Desktop/aqa_1/server/src/test/report.service.unit.test.ts"},{"assertionResults":[{"ancestorTitles":["Security middleware"],"fullName":"Security middleware adds hardened response headers and omits x-powered-by","status":"passed","title":"adds hardened response headers and omits x-powered-by","duration":315.3020000000006,"failureMessages":[],"meta":{},"tags":[]},{"ancestorTitles":["Security middleware"],"fullName":"Security middleware marks auth responses as non-cacheable","status":"passed","title":"marks auth responses as non-cacheable","duration":541.2318999999998,"failureMessages":[],"meta":{},"tags":[]},{"ancestorTitles":["Security middleware"],"fullName":"Security middleware throttles repeated auth attempts per client while keeping other clients unaffected","status":"passed","title":"throttles repeated auth attempts per client while keeping other clients unaffected","duration":965.2858999999999,"failureMessages":[],"meta":{},"tags":[]}],"startTime":1775715297246,"endTime":1775715299068.286,"status":"passed","message":"","name":"C:/Users/talgatov_a/Desktop/aqa_1/server/src/test/security.integration.test.ts"},{"assertionResults":[{"ancestorTitles":["Taxonomy API"],"fullName":"Taxonomy API lists, creates, updates, and deletes categories through the admin API","status":"passed","title":"lists, creates, updates, and deletes categories through the admin API","duration":702.8035,"failureMessages":[],"meta":{},"tags":[]},{"ancestorTitles":["Taxonomy API"],"fullName":"Taxonomy API rejects invalid category names, duplicate categories, and missing category records","status":"passed","title":"rejects invalid category names, duplicate categories, and missing category records","duration":705.5432000000001,"failureMessages":[],"meta":{},"tags":[]},{"ancestorTitles":["Taxonomy API"],"fullName":"Taxonomy API lists, creates, updates, and deletes tags through the admin API","status":"passed","title":"lists, creates, updates, and deletes tags through the admin API","duration":811.9852000000001,"failureMessages":[],"meta":{},"tags":[]},{"ancestorTitles":["Taxonomy API"],"fullName":"Taxonomy API rejects invalid tag names, duplicate tags, and missing tag records","status":"passed","title":"rejects invalid tag names, duplicate tags, and missing tag records","duration":642.0781000000006,"failureMessages":[],"meta":{},"tags":[]}],"startTime":1775715316956,"endTime":1775715319820.0781,"status":"passed","message":"","name":"C:/Users/talgatov_a/Desktop/aqa_1/server/src/test/taxonomy.integration.test.ts"}],"coverageMap":{"C:\\Users\\talgatov_a\\Desktop\\aqa_1\\server\\src\\controllers\\comment.controller.ts":{"path":"C:\\Users\\talgatov_a\\Desktop\\aqa_1\\server\\src\\controllers\\comment.controller.ts","statementMap":{"0":{"start":{"line":5,"column":13},"end":{"line":9,"column":null}},"1":{"start":{"line":6,"column":2},"end":{"line":8,"column":null}},"2":{"start":{"line":11,"column":13},"end":{"line":14,"column":null}},"3":{"start":{"line":12,"column":2},"end":{"line":12,"column":null}},"4":{"start":{"line":13,"column":2},"end":{"line":13,"column":null}}},"fnMap":{"0":{"name":"(anonymous_0)","decl":{"start":{"line":5,"column":42},"end":{"line":5,"column":49}},"loc":{"start":{"line":5,"column":90},"end":{"line":9,"column":1}},"line":5},"1":{"name":"(anonymous_1)","decl":{"start":{"line":11,"column":42},"end":{"line":11,"column":49}},"loc":{"start":{"line":11,"column":90},"end":{"line":14,"column":1}},"line":11}},"branchMap":{},"s":{"0":6,"1":6,"2":6,"3":1,"4":0},"f":{"0":6,"1":1},"b":{},"meta":{"lastBranch":0,"lastFunction":2,"lastStatement":5,"seen":{"s:5:13:9:Infinity":0,"f:5:42:5:49":0,"s:6:2:8:Infinity":1,"s:11:13:14:Infinity":2,"f:11:42:11:49":1,"s:12:2:12:Infinity":3,"s:13:2:13:Infinity":4}}},"C:\\Users\\talgatov_a\\Desktop\\aqa_1\\server\\src\\controllers\\like.controller.ts":{"path":"C:\\Users\\talgatov_a\\Desktop\\aqa_1\\server\\src\\controllers\\like.controller.ts","statementMap":{"0":{"start":{"line":5,"column":13},"end":{"line":9,"column":null}},"1":{"start":{"line":6,"column":2},"end":{"line":8,"column":null}},"2":{"start":{"line":11,"column":13},"end":{"line":14,"column":null}},"3":{"start":{"line":12,"column":2},"end":{"line":12,"column":null}},"4":{"start":{"line":13,"column":2},"end":{"line":13,"column":null}}},"fnMap":{"0":{"name":"(anonymous_0)","decl":{"start":{"line":5,"column":37},"end":{"line":5,"column":44}},"loc":{"start":{"line":5,"column":85},"end":{"line":9,"column":1}},"line":5},"1":{"name":"(anonymous_1)","decl":{"start":{"line":11,"column":39},"end":{"line":11,"column":46}},"loc":{"start":{"line":11,"column":87},"end":{"line":14,"column":1}},"line":11}},"branchMap":{},"s":{"0":6,"1":5,"2":6,"3":2,"4":1},"f":{"0":5,"1":2},"b":{},"meta":{"lastBranch":0,"lastFunction":2,"lastStatement":5,"seen":{"s:5:13:9:Infinity":0,"f:5:37:5:44":0,"s:6:2:8:Infinity":1,"s:11:13:14:Infinity":2,"f:11:39:11:46":1,"s:12:2:12:Infinity":3,"s:13:2:13:Infinity":4}}},"C:\\Users\\talgatov_a\\Desktop\\aqa_1\\server\\src\\controllers\\auth.controller.ts":{"path":"C:\\Users\\talgatov_a\\Desktop\\aqa_1\\server\\src\\controllers\\auth.controller.ts","statementMap":{"0":{"start":{"line":10,"column":24},"end":{"line":13,"column":null}},"1":{"start":{"line":10,"column":85},"end":{"line":13,"column":null}},"2":{"start":{"line":15,"column":13},"end":{"line":19,"column":null}},"3":{"start":{"line":16,"column":18},"end":{"line":16,"column":null}},"4":{"start":{"line":17,"column":2},"end":{"line":17,"column":null}},"5":{"start":{"line":18,"column":2},"end":{"line":18,"column":null}},"6":{"start":{"line":21,"column":13},"end":{"line":25,"column":null}},"7":{"start":{"line":22,"column":18},"end":{"line":22,"column":null}},"8":{"start":{"line":23,"column":2},"end":{"line":23,"column":null}},"9":{"start":{"line":24,"column":2},"end":{"line":24,"column":null}},"10":{"start":{"line":27,"column":13},"end":{"line":31,"column":null}},"11":{"start":{"line":28,"column":18},"end":{"line":28,"column":null}},"12":{"start":{"line":29,"column":2},"end":{"line":29,"column":null}},"13":{"start":{"line":30,"column":2},"end":{"line":30,"column":null}},"14":{"start":{"line":33,"column":13},"end":{"line":37,"column":null}},"15":{"start":{"line":34,"column":2},"end":{"line":34,"column":null}},"16":{"start":{"line":35,"column":2},"end":{"line":35,"column":null}},"17":{"start":{"line":36,"column":2},"end":{"line":36,"column":null}},"18":{"start":{"line":39,"column":13},"end":{"line":41,"column":null}},"19":{"start":{"line":40,"column":2},"end":{"line":40,"column":null}}},"fnMap":{"0":{"name":"(anonymous_0)","decl":{"start":{"line":10,"column":24},"end":{"line":10,"column":25}},"loc":{"start":{"line":10,"column":85},"end":{"line":13,"column":null}},"line":10},"1":{"name":"(anonymous_1)","decl":{"start":{"line":15,"column":37},"end":{"line":15,"column":44}},"loc":{"start":{"line":15,"column":85},"end":{"line":19,"column":1}},"line":15},"2":{"name":"(anonymous_2)","decl":{"start":{"line":21,"column":34},"end":{"line":21,"column":41}},"loc":{"start":{"line":21,"column":82},"end":{"line":25,"column":1}},"line":21},"3":{"name":"(anonymous_3)","decl":{"start":{"line":27,"column":36},"end":{"line":27,"column":43}},"loc":{"start":{"line":27,"column":84},"end":{"line":31,"column":1}},"line":27},"4":{"name":"(anonymous_4)","decl":{"start":{"line":33,"column":35},"end":{"line":33,"column":42}},"loc":{"start":{"line":33,"column":83},"end":{"line":37,"column":1}},"line":33},"5":{"name":"(anonymous_5)","decl":{"start":{"line":39,"column":31},"end":{"line":39,"column":38}},"loc":{"start":{"line":39,"column":79},"end":{"line":41,"column":1}},"line":39}},"branchMap":{"0":{"loc":{"start":{"line":28,"column":36},"end":{"line":28,"column":85}},"type":"binary-expr","locations":[{"start":{"line":28,"column":36},"end":{"line":28,"column":83}},{"start":{"line":28,"column":83},"end":{"line":28,"column":85}}],"line":28},"1":{"loc":{"start":{"line":34,"column":20},"end":{"line":34,"column":68}},"type":"binary-expr","locations":[{"start":{"line":34,"column":20},"end":{"line":34,"column":66}},{"start":{"line":34,"column":66},"end":{"line":34,"column":68}}],"line":34}},"s":{"0":6,"1":50,"2":6,"3":49,"4":48,"5":48,"6":6,"7":8,"8":1,"9":1,"10":6,"11":5,"12":1,"13":1,"14":6,"15":1,"16":1,"17":1,"18":6,"19":1},"f":{"0":50,"1":49,"2":8,"3":5,"4":1,"5":1},"b":{"0":[5,1],"1":[1,0]},"meta":{"lastBranch":2,"lastFunction":6,"lastStatement":20,"seen":{"s:10:24:13:Infinity":0,"f:10:24:10:25":0,"s:10:85:13:Infinity":1,"s:15:13:19:Infinity":2,"f:15:37:15:44":1,"s:16:18:16:Infinity":3,"s:17:2:17:Infinity":4,"s:18:2:18:Infinity":5,"s:21:13:25:Infinity":6,"f:21:34:21:41":2,"s:22:18:22:Infinity":7,"s:23:2:23:Infinity":8,"s:24:2:24:Infinity":9,"s:27:13:31:Infinity":10,"f:27:36:27:43":3,"s:28:18:28:Infinity":11,"b:28:36:28:83:28:83:28:85":0,"s:29:2:29:Infinity":12,"s:30:2:30:Infinity":13,"s:33:13:37:Infinity":14,"f:33:35:33:42":4,"s:34:2:34:Infinity":15,"b:34:20:34:66:34:66:34:68":1,"s:35:2:35:Infinity":16,"s:36:2:36:Infinity":17,"s:39:13:41:Infinity":18,"f:39:31:39:38":5,"s:40:2:40:Infinity":19}}},"C:\\Users\\talgatov_a\\Desktop\\aqa_1\\server\\src\\controllers\\admin.controller.ts":{"path":"C:\\Users\\talgatov_a\\Desktop\\aqa_1\\server\\src\\controllers\\admin.controller.ts","statementMap":{"0":{"start":{"line":6,"column":13},"end":{"line":8,"column":null}},"1":{"start":{"line":7,"column":2},"end":{"line":7,"column":null}},"2":{"start":{"line":10,"column":13},"end":{"line":14,"column":null}},"3":{"start":{"line":11,"column":2},"end":{"line":13,"column":null}},"4":{"start":{"line":16,"column":13},"end":{"line":19,"column":null}},"5":{"start":{"line":17,"column":2},"end":{"line":17,"column":null}},"6":{"start":{"line":18,"column":2},"end":{"line":18,"column":null}},"7":{"start":{"line":21,"column":13},"end":{"line":23,"column":null}},"8":{"start":{"line":22,"column":2},"end":{"line":22,"column":null}},"9":{"start":{"line":25,"column":13},"end":{"line":27,"column":null}},"10":{"start":{"line":26,"column":2},"end":{"line":26,"column":null}},"11":{"start":{"line":29,"column":13},"end":{"line":32,"column":null}},"12":{"start":{"line":30,"column":2},"end":{"line":30,"column":null}},"13":{"start":{"line":31,"column":2},"end":{"line":31,"column":null}},"14":{"start":{"line":34,"column":13},"end":{"line":36,"column":null}},"15":{"start":{"line":35,"column":2},"end":{"line":35,"column":null}},"16":{"start":{"line":38,"column":13},"end":{"line":41,"column":null}},"17":{"start":{"line":39,"column":2},"end":{"line":39,"column":null}},"18":{"start":{"line":40,"column":2},"end":{"line":40,"column":null}},"19":{"start":{"line":43,"column":13},"end":{"line":45,"column":null}},"20":{"start":{"line":44,"column":2},"end":{"line":44,"column":null}},"21":{"start":{"line":47,"column":13},"end":{"line":50,"column":null}},"22":{"start":{"line":48,"column":2},"end":{"line":48,"column":null}},"23":{"start":{"line":49,"column":2},"end":{"line":49,"column":null}}},"fnMap":{"0":{"name":"(anonymous_0)","decl":{"start":{"line":6,"column":43},"end":{"line":6,"column":50}},"loc":{"start":{"line":6,"column":91},"end":{"line":8,"column":1}},"line":6},"1":{"name":"(anonymous_1)","decl":{"start":{"line":10,"column":44},"end":{"line":10,"column":51}},"loc":{"start":{"line":10,"column":92},"end":{"line":14,"column":1}},"line":10},"2":{"name":"(anonymous_2)","decl":{"start":{"line":16,"column":44},"end":{"line":16,"column":51}},"loc":{"start":{"line":16,"column":92},"end":{"line":19,"column":1}},"line":16},"3":{"name":"(anonymous_3)","decl":{"start":{"line":21,"column":43},"end":{"line":21,"column":50}},"loc":{"start":{"line":21,"column":92},"end":{"line":23,"column":1}},"line":21},"4":{"name":"(anonymous_4)","decl":{"start":{"line":25,"column":48},"end":{"line":25,"column":55}},"loc":{"start":{"line":25,"column":96},"end":{"line":27,"column":1}},"line":25},"5":{"name":"(anonymous_5)","decl":{"start":{"line":29,"column":44},"end":{"line":29,"column":51}},"loc":{"start":{"line":29,"column":92},"end":{"line":32,"column":1}},"line":29},"6":{"name":"(anonymous_6)","decl":{"start":{"line":34,"column":46},"end":{"line":34,"column":53}},"loc":{"start":{"line":34,"column":95},"end":{"line":36,"column":1}},"line":34},"7":{"name":"(anonymous_7)","decl":{"start":{"line":38,"column":47},"end":{"line":38,"column":54}},"loc":{"start":{"line":38,"column":95},"end":{"line":41,"column":1}},"line":38},"8":{"name":"(anonymous_8)","decl":{"start":{"line":43,"column":43},"end":{"line":43,"column":50}},"loc":{"start":{"line":43,"column":92},"end":{"line":45,"column":1}},"line":43},"9":{"name":"(anonymous_9)","decl":{"start":{"line":47,"column":44},"end":{"line":47,"column":51}},"loc":{"start":{"line":47,"column":92},"end":{"line":50,"column":1}},"line":47}},"branchMap":{},"s":{"0":6,"1":1,"2":6,"3":0,"4":6,"5":0,"6":0,"7":6,"8":2,"9":6,"10":2,"11":6,"12":2,"13":1,"14":6,"15":1,"16":6,"17":0,"18":0,"19":6,"20":1,"21":6,"22":1,"23":1},"f":{"0":1,"1":0,"2":0,"3":2,"4":2,"5":2,"6":1,"7":0,"8":1,"9":1},"b":{},"meta":{"lastBranch":0,"lastFunction":10,"lastStatement":24,"seen":{"s:6:13:8:Infinity":0,"f:6:43:6:50":0,"s:7:2:7:Infinity":1,"s:10:13:14:Infinity":2,"f:10:44:10:51":1,"s:11:2:13:Infinity":3,"s:16:13:19:Infinity":4,"f:16:44:16:51":2,"s:17:2:17:Infinity":5,"s:18:2:18:Infinity":6,"s:21:13:23:Infinity":7,"f:21:43:21:50":3,"s:22:2:22:Infinity":8,"s:25:13:27:Infinity":9,"f:25:48:25:55":4,"s:26:2:26:Infinity":10,"s:29:13:32:Infinity":11,"f:29:44:29:51":5,"s:30:2:30:Infinity":12,"s:31:2:31:Infinity":13,"s:34:13:36:Infinity":14,"f:34:46:34:53":6,"s:35:2:35:Infinity":15,"s:38:13:41:Infinity":16,"f:38:47:38:54":7,"s:39:2:39:Infinity":17,"s:40:2:40:Infinity":18,"s:43:13:45:Infinity":19,"f:43:43:43:50":8,"s:44:2:44:Infinity":20,"s:47:13:50:Infinity":21,"f:47:44:47:51":9,"s:48:2:48:Infinity":22,"s:49:2:49:Infinity":23}}},"C:\\Users\\talgatov_a\\Desktop\\aqa_1\\server\\src\\controllers\\report.controller.ts":{"path":"C:\\Users\\talgatov_a\\Desktop\\aqa_1\\server\\src\\controllers\\report.controller.ts","statementMap":{"0":{"start":{"line":5,"column":13},"end":{"line":7,"column":null}},"1":{"start":{"line":6,"column":2},"end":{"line":6,"column":null}},"2":{"start":{"line":9,"column":13},"end":{"line":15,"column":null}},"3":{"start":{"line":10,"column":2},"end":{"line":14,"column":null}},"4":{"start":{"line":17,"column":13},"end":{"line":21,"column":null}},"5":{"start":{"line":18,"column":2},"end":{"line":20,"column":null}}},"fnMap":{"0":{"name":"(anonymous_0)","decl":{"start":{"line":5,"column":41},"end":{"line":5,"column":48}},"loc":{"start":{"line":5,"column":89},"end":{"line":7,"column":1}},"line":5},"1":{"name":"(anonymous_1)","decl":{"start":{"line":9,"column":45},"end":{"line":9,"column":52}},"loc":{"start":{"line":9,"column":93},"end":{"line":15,"column":1}},"line":9},"2":{"name":"(anonymous_2)","decl":{"start":{"line":17,"column":46},"end":{"line":17,"column":53}},"loc":{"start":{"line":17,"column":94},"end":{"line":21,"column":1}},"line":17}},"branchMap":{"0":{"loc":{"start":{"line":12,"column":14},"end":{"line":12,"column":null}},"type":"cond-expr","locations":[{"start":{"line":12,"column":57},"end":{"line":12,"column":80}},{"start":{"line":12,"column":80},"end":{"line":12,"column":null}}],"line":12}},"s":{"0":6,"1":5,"2":6,"3":1,"4":6,"5":1},"f":{"0":5,"1":1,"2":1},"b":{"0":[0,1]},"meta":{"lastBranch":1,"lastFunction":3,"lastStatement":6,"seen":{"s:5:13:7:Infinity":0,"f:5:41:5:48":0,"s:6:2:6:Infinity":1,"s:9:13:15:Infinity":2,"f:9:45:9:52":1,"s:10:2:14:Infinity":3,"b:12:57:12:80:12:80:12:Infinity":0,"s:17:13:21:Infinity":4,"f:17:46:17:53":2,"s:18:2:20:Infinity":5}}},"C:\\Users\\talgatov_a\\Desktop\\aqa_1\\server\\src\\controllers\\profile.controller.ts":{"path":"C:\\Users\\talgatov_a\\Desktop\\aqa_1\\server\\src\\controllers\\profile.controller.ts","statementMap":{"0":{"start":{"line":6,"column":13},"end":{"line":8,"column":null}},"1":{"start":{"line":7,"column":2},"end":{"line":7,"column":null}},"2":{"start":{"line":10,"column":13},"end":{"line":12,"column":null}},"3":{"start":{"line":11,"column":2},"end":{"line":11,"column":null}},"4":{"start":{"line":14,"column":13},"end":{"line":21,"column":null}},"5":{"start":{"line":15,"column":2},"end":{"line":17,"column":null}},"6":{"start":{"line":16,"column":4},"end":{"line":16,"column":null}},"7":{"start":{"line":19,"column":20},"end":{"line":19,"column":null}},"8":{"start":{"line":20,"column":2},"end":{"line":20,"column":null}}},"fnMap":{"0":{"name":"(anonymous_0)","decl":{"start":{"line":6,"column":39},"end":{"line":6,"column":46}},"loc":{"start":{"line":6,"column":87},"end":{"line":8,"column":1}},"line":6},"1":{"name":"(anonymous_1)","decl":{"start":{"line":10,"column":42},"end":{"line":10,"column":49}},"loc":{"start":{"line":10,"column":90},"end":{"line":12,"column":1}},"line":10},"2":{"name":"(anonymous_2)","decl":{"start":{"line":14,"column":41},"end":{"line":14,"column":48}},"loc":{"start":{"line":14,"column":89},"end":{"line":21,"column":1}},"line":14}},"branchMap":{"0":{"loc":{"start":{"line":15,"column":2},"end":{"line":17,"column":null}},"type":"if","locations":[{"start":{"line":15,"column":2},"end":{"line":17,"column":null}},{"start":{},"end":{}}],"line":15}},"s":{"0":6,"1":1,"2":6,"3":2,"4":6,"5":2,"6":1,"7":1,"8":1},"f":{"0":1,"1":2,"2":2},"b":{"0":[1,1]},"meta":{"lastBranch":1,"lastFunction":3,"lastStatement":9,"seen":{"s:6:13:8:Infinity":0,"f:6:39:6:46":0,"s:7:2:7:Infinity":1,"s:10:13:12:Infinity":2,"f:10:42:10:49":1,"s:11:2:11:Infinity":3,"s:14:13:21:Infinity":4,"f:14:41:14:48":2,"b:15:2:17:Infinity:undefined:undefined:undefined:undefined":0,"s:15:2:17:Infinity":5,"s:16:4:16:Infinity":6,"s:19:20:19:Infinity":7,"s:20:2:20:Infinity":8}}},"C:\\Users\\talgatov_a\\Desktop\\aqa_1\\server\\src\\middleware\\error-handler.ts":{"path":"C:\\Users\\talgatov_a\\Desktop\\aqa_1\\server\\src\\middleware\\error-handler.ts","statementMap":{"0":{"start":{"line":5,"column":31},"end":{"line":7,"column":null}},"1":{"start":{"line":6,"column":2},"end":{"line":6,"column":null}},"2":{"start":{"line":9,"column":28},"end":{"line":34,"column":null}},"3":{"start":{"line":15,"column":2},"end":{"line":15,"column":null}},"4":{"start":{"line":17,"column":2},"end":{"line":20,"column":null}},"5":{"start":{"line":18,"column":4},"end":{"line":18,"column":null}},"6":{"start":{"line":19,"column":4},"end":{"line":19,"column":null}},"7":{"start":{"line":22,"column":2},"end":{"line":30,"column":null}},"8":{"start":{"line":23,"column":4},"end":{"line":26,"column":null}},"9":{"start":{"line":24,"column":6},"end":{"line":24,"column":null}},"10":{"start":{"line":25,"column":6},"end":{"line":25,"column":null}},"11":{"start":{"line":28,"column":4},"end":{"line":28,"column":null}},"12":{"start":{"line":29,"column":4},"end":{"line":29,"column":null}},"13":{"start":{"line":32,"column":2},"end":{"line":32,"column":null}},"14":{"start":{"line":33,"column":2},"end":{"line":33,"column":null}}},"fnMap":{"0":{"name":"(anonymous_0)","decl":{"start":{"line":5,"column":31},"end":{"line":5,"column":32}},"loc":{"start":{"line":5,"column":95},"end":{"line":7,"column":null}},"line":5},"1":{"name":"(anonymous_1)","decl":{"start":{"line":9,"column":28},"end":{"line":9,"column":null}},"loc":{"start":{"line":14,"column":5},"end":{"line":34,"column":null}},"line":14}},"branchMap":{"0":{"loc":{"start":{"line":17,"column":2},"end":{"line":20,"column":null}},"type":"if","locations":[{"start":{"line":17,"column":2},"end":{"line":20,"column":null}},{"start":{},"end":{}}],"line":17},"1":{"loc":{"start":{"line":22,"column":2},"end":{"line":30,"column":null}},"type":"if","locations":[{"start":{"line":22,"column":2},"end":{"line":30,"column":null}},{"start":{},"end":{}}],"line":22},"2":{"loc":{"start":{"line":23,"column":4},"end":{"line":26,"column":null}},"type":"if","locations":[{"start":{"line":23,"column":4},"end":{"line":26,"column":null}},{"start":{},"end":{}}],"line":23}},"s":{"0":6,"1":0,"2":6,"3":43,"4":43,"5":42,"6":42,"7":1,"8":1,"9":1,"10":1,"11":0,"12":0,"13":0,"14":0},"f":{"0":0,"1":43},"b":{"0":[42,1],"1":[1,0],"2":[1,0]},"meta":{"lastBranch":3,"lastFunction":2,"lastStatement":15,"seen":{"s:5:31:7:Infinity":0,"f:5:31:5:32":0,"s:6:2:6:Infinity":1,"s:9:28:34:Infinity":2,"f:9:28:9:Infinity":1,"s:15:2:15:Infinity":3,"b:17:2:20:Infinity:undefined:undefined:undefined:undefined":0,"s:17:2:20:Infinity":4,"s:18:4:18:Infinity":5,"s:19:4:19:Infinity":6,"b:22:2:30:Infinity:undefined:undefined:undefined:undefined":1,"s:22:2:30:Infinity":7,"b:23:4:26:Infinity:undefined:undefined:undefined:undefined":2,"s:23:4:26:Infinity":8,"s:24:6:24:Infinity":9,"s:25:6:25:Infinity":10,"s:28:4:28:Infinity":11,"s:29:4:29:Infinity":12,"s:32:2:32:Infinity":13,"s:33:2:33:Infinity":14}}},"C:\\Users\\talgatov_a\\Desktop\\aqa_1\\server\\src\\controllers\\taxonomy.controller.ts":{"path":"C:\\Users\\talgatov_a\\Desktop\\aqa_1\\server\\src\\controllers\\taxonomy.controller.ts","statementMap":{"0":{"start":{"line":5,"column":13},"end":{"line":7,"column":null}},"1":{"start":{"line":6,"column":2},"end":{"line":6,"column":null}},"2":{"start":{"line":9,"column":13},"end":{"line":11,"column":null}},"3":{"start":{"line":10,"column":2},"end":{"line":10,"column":null}},"4":{"start":{"line":13,"column":13},"end":{"line":15,"column":null}},"5":{"start":{"line":14,"column":2},"end":{"line":14,"column":null}},"6":{"start":{"line":17,"column":13},"end":{"line":19,"column":null}},"7":{"start":{"line":18,"column":2},"end":{"line":18,"column":null}},"8":{"start":{"line":21,"column":13},"end":{"line":24,"column":null}},"9":{"start":{"line":22,"column":2},"end":{"line":22,"column":null}},"10":{"start":{"line":23,"column":2},"end":{"line":23,"column":null}},"11":{"start":{"line":26,"column":13},"end":{"line":28,"column":null}},"12":{"start":{"line":27,"column":2},"end":{"line":27,"column":null}},"13":{"start":{"line":30,"column":13},"end":{"line":32,"column":null}},"14":{"start":{"line":31,"column":2},"end":{"line":31,"column":null}},"15":{"start":{"line":34,"column":13},"end":{"line":37,"column":null}},"16":{"start":{"line":35,"column":2},"end":{"line":35,"column":null}},"17":{"start":{"line":36,"column":2},"end":{"line":36,"column":null}}},"fnMap":{"0":{"name":"(anonymous_0)","decl":{"start":{"line":5,"column":43},"end":{"line":5,"column":50}},"loc":{"start":{"line":5,"column":92},"end":{"line":7,"column":1}},"line":5},"1":{"name":"(anonymous_1)","decl":{"start":{"line":9,"column":37},"end":{"line":9,"column":44}},"loc":{"start":{"line":9,"column":86},"end":{"line":11,"column":1}},"line":9},"2":{"name":"(anonymous_2)","decl":{"start":{"line":13,"column":43},"end":{"line":13,"column":50}},"loc":{"start":{"line":13,"column":91},"end":{"line":15,"column":1}},"line":13},"3":{"name":"(anonymous_3)","decl":{"start":{"line":17,"column":43},"end":{"line":17,"column":50}},"loc":{"start":{"line":17,"column":91},"end":{"line":19,"column":1}},"line":17},"4":{"name":"(anonymous_4)","decl":{"start":{"line":21,"column":43},"end":{"line":21,"column":50}},"loc":{"start":{"line":21,"column":91},"end":{"line":24,"column":1}},"line":21},"5":{"name":"(anonymous_5)","decl":{"start":{"line":26,"column":38},"end":{"line":26,"column":45}},"loc":{"start":{"line":26,"column":86},"end":{"line":28,"column":1}},"line":26},"6":{"name":"(anonymous_6)","decl":{"start":{"line":30,"column":38},"end":{"line":30,"column":45}},"loc":{"start":{"line":30,"column":86},"end":{"line":32,"column":1}},"line":30},"7":{"name":"(anonymous_7)","decl":{"start":{"line":34,"column":38},"end":{"line":34,"column":45}},"loc":{"start":{"line":34,"column":86},"end":{"line":37,"column":1}},"line":34}},"branchMap":{},"s":{"0":6,"1":2,"2":6,"3":2,"4":6,"5":7,"6":6,"7":2,"8":6,"9":3,"10":2,"11":6,"12":7,"13":6,"14":2,"15":6,"16":3,"17":2},"f":{"0":2,"1":2,"2":7,"3":2,"4":3,"5":7,"6":2,"7":3},"b":{},"meta":{"lastBranch":0,"lastFunction":8,"lastStatement":18,"seen":{"s:5:13:7:Infinity":0,"f:5:43:5:50":0,"s:6:2:6:Infinity":1,"s:9:13:11:Infinity":2,"f:9:37:9:44":1,"s:10:2:10:Infinity":3,"s:13:13:15:Infinity":4,"f:13:43:13:50":2,"s:14:2:14:Infinity":5,"s:17:13:19:Infinity":6,"f:17:43:17:50":3,"s:18:2:18:Infinity":7,"s:21:13:24:Infinity":8,"f:21:43:21:50":4,"s:22:2:22:Infinity":9,"s:23:2:23:Infinity":10,"s:26:13:28:Infinity":11,"f:26:38:26:45":5,"s:27:2:27:Infinity":12,"s:30:13:32:Infinity":13,"f:30:38:30:45":6,"s:31:2:31:Infinity":14,"s:34:13:37:Infinity":15,"f:34:38:34:45":7,"s:35:2:35:Infinity":16,"s:36:2:36:Infinity":17}}},"C:\\Users\\talgatov_a\\Desktop\\aqa_1\\server\\src\\middleware\\authenticate.ts":{"path":"C:\\Users\\talgatov_a\\Desktop\\aqa_1\\server\\src\\middleware\\authenticate.ts","statementMap":{"0":{"start":{"line":7,"column":28},"end":{"line":15,"column":null}},"1":{"start":{"line":8,"column":24},"end":{"line":8,"column":null}},"2":{"start":{"line":10,"column":2},"end":{"line":12,"column":null}},"3":{"start":{"line":11,"column":4},"end":{"line":11,"column":null}},"4":{"start":{"line":14,"column":2},"end":{"line":14,"column":null}},"5":{"start":{"line":17,"column":20},"end":{"line":29,"column":null}},"6":{"start":{"line":18,"column":16},"end":{"line":18,"column":null}},"7":{"start":{"line":20,"column":2},"end":{"line":22,"column":null}},"8":{"start":{"line":21,"column":4},"end":{"line":21,"column":null}},"9":{"start":{"line":24,"column":8},"end":{"line":24,"column":null}},"10":{"start":{"line":25,"column":25},"end":{"line":25,"column":null}},"11":{"start":{"line":26,"column":15},"end":{"line":26,"column":null}},"12":{"start":{"line":28,"column":2},"end":{"line":28,"column":null}},"13":{"start":{"line":31,"column":35},"end":{"line":43,"column":null}},"14":{"start":{"line":36,"column":2},"end":{"line":42,"column":null}},"15":{"start":{"line":37,"column":4},"end":{"line":37,"column":null}},"16":{"start":{"line":38,"column":4},"end":{"line":38,"column":null}},"17":{"start":{"line":40,"column":4},"end":{"line":40,"column":null}},"18":{"start":{"line":41,"column":4},"end":{"line":41,"column":null}},"19":{"start":{"line":45,"column":28},"end":{"line":59,"column":null}},"20":{"start":{"line":46,"column":2},"end":{"line":58,"column":null}},"21":{"start":{"line":47,"column":17},"end":{"line":47,"column":null}},"22":{"start":{"line":49,"column":4},"end":{"line":52,"column":null}},"23":{"start":{"line":50,"column":6},"end":{"line":50,"column":null}},"24":{"start":{"line":51,"column":6},"end":{"line":51,"column":null}},"25":{"start":{"line":54,"column":4},"end":{"line":54,"column":null}},"26":{"start":{"line":55,"column":4},"end":{"line":55,"column":null}},"27":{"start":{"line":57,"column":4},"end":{"line":57,"column":null}},"28":{"start":{"line":61,"column":28},"end":{"line":68,"column":null}},"29":{"start":{"line":62,"column":2},"end":{"line":65,"column":null}},"30":{"start":{"line":63,"column":4},"end":{"line":63,"column":null}},"31":{"start":{"line":64,"column":4},"end":{"line":64,"column":null}},"32":{"start":{"line":67,"column":2},"end":{"line":67,"column":null}}},"fnMap":{"0":{"name":"(anonymous_0)","decl":{"start":{"line":7,"column":28},"end":{"line":7,"column":29}},"loc":{"start":{"line":7,"column":50},"end":{"line":15,"column":null}},"line":7},"1":{"name":"(anonymous_1)","decl":{"start":{"line":17,"column":20},"end":{"line":17,"column":27}},"loc":{"start":{"line":17,"column":48},"end":{"line":29,"column":null}},"line":17},"2":{"name":"(anonymous_2)","decl":{"start":{"line":31,"column":35},"end":{"line":31,"column":null}},"loc":{"start":{"line":35,"column":5},"end":{"line":43,"column":null}},"line":35},"3":{"name":"(anonymous_3)","decl":{"start":{"line":45,"column":28},"end":{"line":45,"column":35}},"loc":{"start":{"line":45,"column":96},"end":{"line":59,"column":null}},"line":45},"4":{"name":"(anonymous_4)","decl":{"start":{"line":61,"column":28},"end":{"line":61,"column":29}},"loc":{"start":{"line":61,"column":90},"end":{"line":68,"column":null}},"line":61}},"branchMap":{"0":{"loc":{"start":{"line":10,"column":2},"end":{"line":12,"column":null}},"type":"if","locations":[{"start":{"line":10,"column":2},"end":{"line":12,"column":null}},{"start":{},"end":{}}],"line":10},"1":{"loc":{"start":{"line":20,"column":2},"end":{"line":22,"column":null}},"type":"if","locations":[{"start":{"line":20,"column":2},"end":{"line":22,"column":null}},{"start":{},"end":{}}],"line":20},"2":{"loc":{"start":{"line":28,"column":9},"end":{"line":28,"column":null}},"type":"cond-expr","locations":[{"start":{"line":28,"column":9},"end":{"line":28,"column":38}},{"start":{"line":28,"column":38},"end":{"line":28,"column":null}}],"line":28},"3":{"loc":{"start":{"line":37,"column":20},"end":{"line":37,"column":null}},"type":"binary-expr","locations":[{"start":{"line":37,"column":20},"end":{"line":37,"column":51}},{"start":{"line":37,"column":51},"end":{"line":37,"column":null}}],"line":37},"4":{"loc":{"start":{"line":49,"column":4},"end":{"line":52,"column":null}},"type":"if","locations":[{"start":{"line":49,"column":4},"end":{"line":52,"column":null}},{"start":{},"end":{}}],"line":49},"5":{"loc":{"start":{"line":62,"column":2},"end":{"line":65,"column":null}},"type":"if","locations":[{"start":{"line":62,"column":2},"end":{"line":65,"column":null}},{"start":{},"end":{}}],"line":62},"6":{"loc":{"start":{"line":62,"column":6},"end":{"line":62,"column":54}},"type":"binary-expr","locations":[{"start":{"line":62,"column":6},"end":{"line":62,"column":23}},{"start":{"line":62,"column":23},"end":{"line":62,"column":54}}],"line":62}},"s":{"0":6,"1":140,"2":140,"3":8,"4":132,"5":6,"6":140,"7":140,"8":8,"9":132,"10":132,"11":132,"12":131,"13":6,"14":3,"15":3,"16":3,"17":0,"18":0,"19":6,"20":137,"21":137,"22":136,"23":5,"24":5,"25":131,"26":131,"27":1,"28":6,"29":61,"30":1,"31":1,"32":60},"f":{"0":140,"1":140,"2":3,"3":137,"4":61},"b":{"0":[8,132],"1":[8,132],"2":[131,0],"3":[3,3],"4":[5,131],"5":[1,60],"6":[61,61]},"meta":{"lastBranch":7,"lastFunction":5,"lastStatement":33,"seen":{"s:7:28:15:Infinity":0,"f:7:28:7:29":0,"s:8:24:8:Infinity":1,"b:10:2:12:Infinity:undefined:undefined:undefined:undefined":0,"s:10:2:12:Infinity":2,"s:11:4:11:Infinity":3,"s:14:2:14:Infinity":4,"s:17:20:29:Infinity":5,"f:17:20:17:27":1,"s:18:16:18:Infinity":6,"b:20:2:22:Infinity:undefined:undefined:undefined:undefined":1,"s:20:2:22:Infinity":7,"s:21:4:21:Infinity":8,"s:24:8:24:Infinity":9,"s:25:25:25:Infinity":10,"s:26:15:26:Infinity":11,"s:28:2:28:Infinity":12,"b:28:9:28:38:28:38:28:Infinity":2,"s:31:35:43:Infinity":13,"f:31:35:31:Infinity":2,"s:36:2:42:Infinity":14,"s:37:4:37:Infinity":15,"b:37:20:37:51:37:51:37:Infinity":3,"s:38:4:38:Infinity":16,"s:40:4:40:Infinity":17,"s:41:4:41:Infinity":18,"s:45:28:59:Infinity":19,"f:45:28:45:35":3,"s:46:2:58:Infinity":20,"s:47:17:47:Infinity":21,"b:49:4:52:Infinity:undefined:undefined:undefined:undefined":4,"s:49:4:52:Infinity":22,"s:50:6:50:Infinity":23,"s:51:6:51:Infinity":24,"s:54:4:54:Infinity":25,"s:55:4:55:Infinity":26,"s:57:4:57:Infinity":27,"s:61:28:68:Infinity":28,"f:61:28:61:29":4,"b:62:2:65:Infinity:undefined:undefined:undefined:undefined":5,"s:62:2:65:Infinity":29,"b:62:6:62:23:62:23:62:54":6,"s:63:4:63:Infinity":30,"s:64:4:64:Infinity":31,"s:67:2:67:Infinity":32}}},"C:\\Users\\talgatov_a\\Desktop\\aqa_1\\server\\src\\middleware\\upload.ts":{"path":"C:\\Users\\talgatov_a\\Desktop\\aqa_1\\server\\src\\middleware\\upload.ts","statementMap":{"0":{"start":{"line":7,"column":24},"end":{"line":7,"column":null}},"1":{"start":{"line":8,"column":57},"end":{"line":13,"column":null}},"2":{"start":{"line":15,"column":34},"end":{"line":15,"column":null}},"3":{"start":{"line":17,"column":0},"end":{"line":17,"column":null}},"4":{"start":{"line":19,"column":13},"end":{"line":40,"column":null}},"5":{"start":{"line":21,"column":4},"end":{"line":24,"column":null}},"6":{"start":{"line":22,"column":6},"end":{"line":22,"column":null}},"7":{"start":{"line":23,"column":6},"end":{"line":23,"column":null}},"8":{"start":{"line":26,"column":4},"end":{"line":26,"column":null}},"9":{"start":{"line":30,"column":6},"end":{"line":30,"column":null}},"10":{"start":{"line":33,"column":24},"end":{"line":33,"column":null}},"11":{"start":{"line":34,"column":6},"end":{"line":34,"column":null}}},"fnMap":{"0":{"name":"(anonymous_0)","decl":{"start":{"line":20,"column":14},"end":{"line":20,"column":15}},"loc":{"start":{"line":20,"column":44},"end":{"line":27,"column":null}},"line":20},"1":{"name":"(anonymous_1)","decl":{"start":{"line":29,"column":17},"end":{"line":29,"column":18}},"loc":{"start":{"line":29,"column":48},"end":{"line":31,"column":null}},"line":29},"2":{"name":"(anonymous_2)","decl":{"start":{"line":32,"column":14},"end":{"line":32,"column":15}},"loc":{"start":{"line":32,"column":44},"end":{"line":35,"column":null}},"line":32}},"branchMap":{"0":{"loc":{"start":{"line":21,"column":4},"end":{"line":24,"column":null}},"type":"if","locations":[{"start":{"line":21,"column":4},"end":{"line":24,"column":null}},{"start":{},"end":{}}],"line":21},"1":{"loc":{"start":{"line":33,"column":24},"end":{"line":33,"column":null}},"type":"binary-expr","locations":[{"start":{"line":33,"column":24},"end":{"line":33,"column":67}},{"start":{"line":33,"column":67},"end":{"line":33,"column":null}}],"line":33}},"s":{"0":6,"1":6,"2":6,"3":6,"4":6,"5":3,"6":1,"7":1,"8":2,"9":2,"10":2,"11":2},"f":{"0":3,"1":2,"2":2},"b":{"0":[1,2],"1":[2,0]},"meta":{"lastBranch":2,"lastFunction":3,"lastStatement":12,"seen":{"s:7:24:7:Infinity":0,"s:8:57:13:Infinity":1,"s:15:34:15:Infinity":2,"s:17:0:17:Infinity":3,"s:19:13:40:Infinity":4,"f:20:14:20:15":0,"b:21:4:24:Infinity:undefined:undefined:undefined:undefined":0,"s:21:4:24:Infinity":5,"s:22:6:22:Infinity":6,"s:23:6:23:Infinity":7,"s:26:4:26:Infinity":8,"f:29:17:29:18":1,"s:30:6:30:Infinity":9,"f:32:14:32:15":2,"s:33:24:33:Infinity":10,"b:33:24:33:67:33:67:33:Infinity":1,"s:34:6:34:Infinity":11}}},"C:\\Users\\talgatov_a\\Desktop\\aqa_1\\server\\src\\controllers\\post.controller.ts":{"path":"C:\\Users\\talgatov_a\\Desktop\\aqa_1\\server\\src\\controllers\\post.controller.ts","statementMap":{"0":{"start":{"line":5,"column":13},"end":{"line":16,"column":null}},"1":{"start":{"line":6,"column":2},"end":{"line":15,"column":null}},"2":{"start":{"line":18,"column":13},"end":{"line":20,"column":null}},"3":{"start":{"line":19,"column":2},"end":{"line":19,"column":null}},"4":{"start":{"line":22,"column":13},"end":{"line":24,"column":null}},"5":{"start":{"line":23,"column":2},"end":{"line":23,"column":null}},"6":{"start":{"line":26,"column":13},"end":{"line":30,"column":null}},"7":{"start":{"line":27,"column":2},"end":{"line":29,"column":null}},"8":{"start":{"line":32,"column":13},"end":{"line":35,"column":null}},"9":{"start":{"line":33,"column":2},"end":{"line":33,"column":null}},"10":{"start":{"line":34,"column":2},"end":{"line":34,"column":null}},"11":{"start":{"line":37,"column":13},"end":{"line":39,"column":null}},"12":{"start":{"line":38,"column":2},"end":{"line":38,"column":null}},"13":{"start":{"line":41,"column":13},"end":{"line":43,"column":null}},"14":{"start":{"line":42,"column":2},"end":{"line":42,"column":null}},"15":{"start":{"line":45,"column":13},"end":{"line":47,"column":null}},"16":{"start":{"line":46,"column":2},"end":{"line":46,"column":null}},"17":{"start":{"line":49,"column":13},"end":{"line":55,"column":null}},"18":{"start":{"line":50,"column":2},"end":{"line":54,"column":null}},"19":{"start":{"line":57,"column":13},"end":{"line":59,"column":null}},"20":{"start":{"line":58,"column":2},"end":{"line":58,"column":null}},"21":{"start":{"line":61,"column":13},"end":{"line":65,"column":null}},"22":{"start":{"line":62,"column":2},"end":{"line":64,"column":null}},"23":{"start":{"line":67,"column":13},"end":{"line":70,"column":null}},"24":{"start":{"line":68,"column":2},"end":{"line":68,"column":null}},"25":{"start":{"line":69,"column":2},"end":{"line":69,"column":null}}},"fnMap":{"0":{"name":"(anonymous_0)","decl":{"start":{"line":5,"column":38},"end":{"line":5,"column":45}},"loc":{"start":{"line":5,"column":86},"end":{"line":16,"column":1}},"line":5},"1":{"name":"(anonymous_1)","decl":{"start":{"line":18,"column":36},"end":{"line":18,"column":43}},"loc":{"start":{"line":18,"column":84},"end":{"line":20,"column":1}},"line":18},"2":{"name":"(anonymous_2)","decl":{"start":{"line":22,"column":39},"end":{"line":22,"column":46}},"loc":{"start":{"line":22,"column":87},"end":{"line":24,"column":1}},"line":22},"3":{"name":"(anonymous_3)","decl":{"start":{"line":26,"column":39},"end":{"line":26,"column":46}},"loc":{"start":{"line":26,"column":87},"end":{"line":30,"column":1}},"line":26},"4":{"name":"(anonymous_4)","decl":{"start":{"line":32,"column":39},"end":{"line":32,"column":46}},"loc":{"start":{"line":32,"column":87},"end":{"line":35,"column":1}},"line":32},"5":{"name":"(anonymous_5)","decl":{"start":{"line":37,"column":40},"end":{"line":37,"column":47}},"loc":{"start":{"line":37,"column":88},"end":{"line":39,"column":1}},"line":37},"6":{"name":"(anonymous_6)","decl":{"start":{"line":41,"column":40},"end":{"line":41,"column":47}},"loc":{"start":{"line":41,"column":88},"end":{"line":43,"column":1}},"line":41},"7":{"name":"(anonymous_7)","decl":{"start":{"line":45,"column":40},"end":{"line":45,"column":47}},"loc":{"start":{"line":45,"column":88},"end":{"line":47,"column":1}},"line":45},"8":{"name":"(anonymous_8)","decl":{"start":{"line":49,"column":47},"end":{"line":49,"column":54}},"loc":{"start":{"line":49,"column":95},"end":{"line":55,"column":1}},"line":49},"9":{"name":"(anonymous_9)","decl":{"start":{"line":57,"column":42},"end":{"line":57,"column":49}},"loc":{"start":{"line":57,"column":90},"end":{"line":59,"column":1}},"line":57},"10":{"name":"(anonymous_10)","decl":{"start":{"line":61,"column":40},"end":{"line":61,"column":47}},"loc":{"start":{"line":61,"column":88},"end":{"line":65,"column":1}},"line":61},"11":{"name":"(anonymous_11)","decl":{"start":{"line":67,"column":43},"end":{"line":67,"column":50}},"loc":{"start":{"line":67,"column":91},"end":{"line":70,"column":1}},"line":67}},"branchMap":{"0":{"loc":{"start":{"line":8,"column":14},"end":{"line":8,"column":null}},"type":"cond-expr","locations":[{"start":{"line":8,"column":57},"end":{"line":8,"column":80}},{"start":{"line":8,"column":80},"end":{"line":8,"column":null}}],"line":8},"1":{"loc":{"start":{"line":10,"column":8},"end":{"line":10,"column":null}},"type":"cond-expr","locations":[{"start":{"line":10,"column":55},"end":{"line":10,"column":82}},{"start":{"line":10,"column":82},"end":{"line":10,"column":null}}],"line":10},"2":{"loc":{"start":{"line":11,"column":11},"end":{"line":11,"column":null}},"type":"cond-expr","locations":[{"start":{"line":11,"column":51},"end":{"line":11,"column":71}},{"start":{"line":11,"column":71},"end":{"line":11,"column":null}}],"line":11},"3":{"loc":{"start":{"line":12,"column":14},"end":{"line":12,"column":null}},"type":"cond-expr","locations":[{"start":{"line":12,"column":57},"end":{"line":12,"column":80}},{"start":{"line":12,"column":80},"end":{"line":12,"column":null}}],"line":12},"4":{"loc":{"start":{"line":13,"column":16},"end":{"line":13,"column":null}},"type":"cond-expr","locations":[{"start":{"line":13,"column":61},"end":{"line":13,"column":86}},{"start":{"line":13,"column":86},"end":{"line":13,"column":null}}],"line":13},"5":{"loc":{"start":{"line":52,"column":14},"end":{"line":52,"column":null}},"type":"cond-expr","locations":[{"start":{"line":52,"column":57},"end":{"line":52,"column":80}},{"start":{"line":52,"column":80},"end":{"line":52,"column":null}}],"line":52}},"s":{"0":6,"1":2,"2":6,"3":1,"4":6,"5":17,"6":6,"7":4,"8":6,"9":3,"10":2,"11":6,"12":13,"13":6,"14":1,"15":6,"16":1,"17":6,"18":0,"19":6,"20":1,"21":6,"22":3,"23":6,"24":0,"25":0},"f":{"0":2,"1":1,"2":17,"3":4,"4":3,"5":13,"6":1,"7":1,"8":0,"9":1,"10":3,"11":0},"b":{"0":[0,2],"1":[1,1],"2":[1,1],"3":[1,1],"4":[1,1],"5":[0,0]},"meta":{"lastBranch":6,"lastFunction":12,"lastStatement":26,"seen":{"s:5:13:16:Infinity":0,"f:5:38:5:45":0,"s:6:2:15:Infinity":1,"b:8:57:8:80:8:80:8:Infinity":0,"b:10:55:10:82:10:82:10:Infinity":1,"b:11:51:11:71:11:71:11:Infinity":2,"b:12:57:12:80:12:80:12:Infinity":3,"b:13:61:13:86:13:86:13:Infinity":4,"s:18:13:20:Infinity":2,"f:18:36:18:43":1,"s:19:2:19:Infinity":3,"s:22:13:24:Infinity":4,"f:22:39:22:46":2,"s:23:2:23:Infinity":5,"s:26:13:30:Infinity":6,"f:26:39:26:46":3,"s:27:2:29:Infinity":7,"s:32:13:35:Infinity":8,"f:32:39:32:46":4,"s:33:2:33:Infinity":9,"s:34:2:34:Infinity":10,"s:37:13:39:Infinity":11,"f:37:40:37:47":5,"s:38:2:38:Infinity":12,"s:41:13:43:Infinity":13,"f:41:40:41:47":6,"s:42:2:42:Infinity":14,"s:45:13:47:Infinity":15,"f:45:40:45:47":7,"s:46:2:46:Infinity":16,"s:49:13:55:Infinity":17,"f:49:47:49:54":8,"s:50:2:54:Infinity":18,"b:52:57:52:80:52:80:52:Infinity":5,"s:57:13:59:Infinity":19,"f:57:42:57:49":9,"s:58:2:58:Infinity":20,"s:61:13:65:Infinity":21,"f:61:40:61:47":10,"s:62:2:64:Infinity":22,"s:67:13:70:Infinity":23,"f:67:43:67:50":11,"s:68:2:68:Infinity":24,"s:69:2:69:Infinity":25}}},"C:\\Users\\talgatov_a\\Desktop\\aqa_1\\server\\src\\middleware\\security.ts":{"path":"C:\\Users\\talgatov_a\\Desktop\\aqa_1\\server\\src\\middleware\\security.ts","statementMap":{"0":{"start":{"line":4,"column":34},"end":{"line":4,"column":null}},"1":{"start":{"line":5,"column":37},"end":{"line":5,"column":null}},"2":{"start":{"line":7,"column":25},"end":{"line":12,"column":null}},"3":{"start":{"line":19,"column":29},"end":{"line":19,"column":null}},"4":{"start":{"line":21,"column":27},"end":{"line":31,"column":null}},"5":{"start":{"line":22,"column":2},"end":{"line":24,"column":null}},"6":{"start":{"line":23,"column":4},"end":{"line":23,"column":null}},"7":{"start":{"line":26,"column":2},"end":{"line":28,"column":null}},"8":{"start":{"line":27,"column":4},"end":{"line":27,"column":null}},"9":{"start":{"line":30,"column":2},"end":{"line":30,"column":null}},"10":{"start":{"line":33,"column":21},"end":{"line":34,"column":null}},"11":{"start":{"line":34,"column":2},"end":{"line":34,"column":null}},"12":{"start":{"line":36,"column":30},"end":{"line":42,"column":null}},"13":{"start":{"line":37,"column":2},"end":{"line":41,"column":null}},"14":{"start":{"line":38,"column":4},"end":{"line":40,"column":null}},"15":{"start":{"line":39,"column":6},"end":{"line":39,"column":null}},"16":{"start":{"line":44,"column":31},"end":{"line":50,"column":null}},"17":{"start":{"line":45,"column":2},"end":{"line":47,"column":null}},"18":{"start":{"line":46,"column":4},"end":{"line":46,"column":null}},"19":{"start":{"line":49,"column":2},"end":{"line":49,"column":null}},"20":{"start":{"line":52,"column":32},"end":{"line":56,"column":null}},"21":{"start":{"line":53,"column":2},"end":{"line":53,"column":null}},"22":{"start":{"line":54,"column":2},"end":{"line":54,"column":null}},"23":{"start":{"line":55,"column":2},"end":{"line":55,"column":null}},"24":{"start":{"line":58,"column":31},"end":{"line":86,"column":null}},"25":{"start":{"line":59,"column":14},"end":{"line":59,"column":null}},"26":{"start":{"line":60,"column":2},"end":{"line":60,"column":null}},"27":{"start":{"line":62,"column":20},"end":{"line":62,"column":null}},"28":{"start":{"line":63,"column":24},"end":{"line":63,"column":null}},"29":{"start":{"line":65,"column":2},"end":{"line":72,"column":null}},"30":{"start":{"line":66,"column":4},"end":{"line":69,"column":null}},"31":{"start":{"line":70,"column":4},"end":{"line":70,"column":null}},"32":{"start":{"line":71,"column":4},"end":{"line":71,"column":null}},"33":{"start":{"line":74,"column":2},"end":{"line":81,"column":null}},"34":{"start":{"line":75,"column":4},"end":{"line":78,"column":null}},"35":{"start":{"line":79,"column":4},"end":{"line":79,"column":null}},"36":{"start":{"line":80,"column":4},"end":{"line":80,"column":null}},"37":{"start":{"line":83,"column":2},"end":{"line":83,"column":null}},"38":{"start":{"line":84,"column":2},"end":{"line":84,"column":null}},"39":{"start":{"line":85,"column":2},"end":{"line":85,"column":null}},"40":{"start":{"line":88,"column":39},"end":{"line":90,"column":null}},"41":{"start":{"line":89,"column":2},"end":{"line":89,"column":null}}},"fnMap":{"0":{"name":"(anonymous_0)","decl":{"start":{"line":21,"column":27},"end":{"line":21,"column":28}},"loc":{"start":{"line":21,"column":69},"end":{"line":31,"column":null}},"line":21},"1":{"name":"(anonymous_1)","decl":{"start":{"line":33,"column":21},"end":{"line":33,"column":22}},"loc":{"start":{"line":34,"column":2},"end":{"line":34,"column":null}},"line":34},"2":{"name":"(anonymous_2)","decl":{"start":{"line":36,"column":30},"end":{"line":36,"column":31}},"loc":{"start":{"line":36,"column":47},"end":{"line":42,"column":null}},"line":36},"3":{"name":"(anonymous_3)","decl":{"start":{"line":44,"column":31},"end":{"line":44,"column":32}},"loc":{"start":{"line":44,"column":94},"end":{"line":50,"column":null}},"line":44},"4":{"name":"(anonymous_4)","decl":{"start":{"line":52,"column":32},"end":{"line":52,"column":33}},"loc":{"start":{"line":52,"column":95},"end":{"line":56,"column":null}},"line":52},"5":{"name":"(anonymous_5)","decl":{"start":{"line":58,"column":31},"end":{"line":58,"column":32}},"loc":{"start":{"line":58,"column":93},"end":{"line":86,"column":null}},"line":58},"6":{"name":"(anonymous_6)","decl":{"start":{"line":88,"column":39},"end":{"line":88,"column":45}},"loc":{"start":{"line":88,"column":45},"end":{"line":90,"column":null}},"line":88}},"branchMap":{"0":{"loc":{"start":{"line":22,"column":2},"end":{"line":24,"column":null}},"type":"if","locations":[{"start":{"line":22,"column":2},"end":{"line":24,"column":null}},{"start":{},"end":{}}],"line":22},"1":{"loc":{"start":{"line":23,"column":11},"end":{"line":23,"column":null}},"type":"binary-expr","locations":[{"start":{"line":23,"column":11},"end":{"line":23,"column":46}},{"start":{"line":23,"column":46},"end":{"line":23,"column":null}}],"line":23},"2":{"loc":{"start":{"line":26,"column":2},"end":{"line":28,"column":null}},"type":"if","locations":[{"start":{"line":26,"column":2},"end":{"line":28,"column":null}},{"start":{},"end":{}}],"line":26},"3":{"loc":{"start":{"line":27,"column":11},"end":{"line":27,"column":null}},"type":"binary-expr","locations":[{"start":{"line":27,"column":11},"end":{"line":27,"column":42}},{"start":{"line":27,"column":42},"end":{"line":27,"column":null}}],"line":27},"4":{"loc":{"start":{"line":34,"column":2},"end":{"line":34,"column":null}},"type":"binary-expr","locations":[{"start":{"line":34,"column":2},"end":{"line":34,"column":60}},{"start":{"line":34,"column":60},"end":{"line":34,"column":74}},{"start":{"line":34,"column":74},"end":{"line":34,"column":null}}],"line":34},"5":{"loc":{"start":{"line":38,"column":4},"end":{"line":40,"column":null}},"type":"if","locations":[{"start":{"line":38,"column":4},"end":{"line":40,"column":null}},{"start":{},"end":{}}],"line":38},"6":{"loc":{"start":{"line":65,"column":2},"end":{"line":72,"column":null}},"type":"if","locations":[{"start":{"line":65,"column":2},"end":{"line":72,"column":null}},{"start":{},"end":{}}],"line":65},"7":{"loc":{"start":{"line":65,"column":6},"end":{"line":65,"column":54}},"type":"binary-expr","locations":[{"start":{"line":65,"column":6},"end":{"line":65,"column":24}},{"start":{"line":65,"column":24},"end":{"line":65,"column":54}}],"line":65},"8":{"loc":{"start":{"line":74,"column":2},"end":{"line":81,"column":null}},"type":"if","locations":[{"start":{"line":74,"column":2},"end":{"line":81,"column":null}},{"start":{},"end":{}}],"line":74}},"s":{"0":10,"1":10,"2":10,"3":10,"4":10,"5":63,"6":0,"7":63,"8":7,"9":56,"10":10,"11":63,"12":10,"13":63,"14":35,"15":0,"16":10,"17":185,"18":740,"19":185,"20":10,"21":67,"22":67,"23":67,"24":10,"25":63,"26":63,"27":63,"28":63,"29":63,"30":42,"31":42,"32":42,"33":21,"34":1,"35":1,"36":1,"37":20,"38":20,"39":20,"40":10,"41":46},"f":{"0":63,"1":63,"2":63,"3":185,"4":67,"5":63,"6":46},"b":{"0":[0,63],"1":[0,0],"2":[7,56],"3":[7,0],"4":[63,56,0],"5":[0,35],"6":[42,21],"7":[63,21],"8":[1,20]},"meta":{"lastBranch":9,"lastFunction":7,"lastStatement":42,"seen":{"s:4:34:4:Infinity":0,"s:5:37:5:Infinity":1,"s:7:25:12:Infinity":2,"s:19:29:19:Infinity":3,"s:21:27:31:Infinity":4,"f:21:27:21:28":0,"b:22:2:24:Infinity:undefined:undefined:undefined:undefined":0,"s:22:2:24:Infinity":5,"s:23:4:23:Infinity":6,"b:23:11:23:46:23:46:23:Infinity":1,"b:26:2:28:Infinity:undefined:undefined:undefined:undefined":2,"s:26:2:28:Infinity":7,"s:27:4:27:Infinity":8,"b:27:11:27:42:27:42:27:Infinity":3,"s:30:2:30:Infinity":9,"s:33:21:34:Infinity":10,"f:33:21:33:22":1,"s:34:2:34:Infinity":11,"b:34:2:34:60:34:60:34:74:34:74:34:Infinity":4,"s:36:30:42:Infinity":12,"f:36:30:36:31":2,"s:37:2:41:Infinity":13,"b:38:4:40:Infinity:undefined:undefined:undefined:undefined":5,"s:38:4:40:Infinity":14,"s:39:6:39:Infinity":15,"s:44:31:50:Infinity":16,"f:44:31:44:32":3,"s:45:2:47:Infinity":17,"s:46:4:46:Infinity":18,"s:49:2:49:Infinity":19,"s:52:32:56:Infinity":20,"f:52:32:52:33":4,"s:53:2:53:Infinity":21,"s:54:2:54:Infinity":22,"s:55:2:55:Infinity":23,"s:58:31:86:Infinity":24,"f:58:31:58:32":5,"s:59:14:59:Infinity":25,"s:60:2:60:Infinity":26,"s:62:20:62:Infinity":27,"s:63:24:63:Infinity":28,"b:65:2:72:Infinity:undefined:undefined:undefined:undefined":6,"s:65:2:72:Infinity":29,"b:65:6:65:24:65:24:65:54":7,"s:66:4:69:Infinity":30,"s:70:4:70:Infinity":31,"s:71:4:71:Infinity":32,"b:74:2:81:Infinity:undefined:undefined:undefined:undefined":8,"s:74:2:81:Infinity":33,"s:75:4:78:Infinity":34,"s:79:4:79:Infinity":35,"s:80:4:80:Infinity":36,"s:83:2:83:Infinity":37,"s:84:2:84:Infinity":38,"s:85:2:85:Infinity":39,"s:88:39:90:Infinity":40,"f:88:39:88:45":6,"s:89:2:89:Infinity":41}}},"C:\\Users\\talgatov_a\\Desktop\\aqa_1\\server\\src\\services\\auth.service.ts":{"path":"C:\\Users\\talgatov_a\\Desktop\\aqa_1\\server\\src\\services\\auth.service.ts","statementMap":{"0":{"start":{"line":13,"column":23},"end":{"line":13,"column":null}},"1":{"start":{"line":13,"column":29},"end":{"line":13,"column":null}},"2":{"start":{"line":14,"column":31},"end":{"line":14,"column":null}},"3":{"start":{"line":14,"column":37},"end":{"line":14,"column":null}},"4":{"start":{"line":22,"column":22},"end":{"line":50,"column":null}},"5":{"start":{"line":23,"column":8},"end":{"line":23,"column":null}},"6":{"start":{"line":24,"column":8},"end":{"line":28,"column":null}},"7":{"start":{"line":29,"column":8},"end":{"line":34,"column":null}},"8":{"start":{"line":36,"column":29},"end":{"line":41,"column":null}},"9":{"start":{"line":43,"column":2},"end":{"line":43,"column":null}},"10":{"start":{"line":45,"column":2},"end":{"line":49,"column":null}},"11":{"start":{"line":52,"column":20},"end":{"line":55,"column":null}},"12":{"start":{"line":53,"column":2},"end":{"line":55,"column":null}},"13":{"start":{"line":57,"column":27},"end":{"line":154,"column":null}},"14":{"start":{"line":59,"column":18},"end":{"line":59,"column":null}},"15":{"start":{"line":60,"column":21},"end":{"line":60,"column":null}},"16":{"start":{"line":62,"column":4},"end":{"line":64,"column":null}},"17":{"start":{"line":63,"column":6},"end":{"line":63,"column":null}},"18":{"start":{"line":66,"column":25},"end":{"line":66,"column":null}},"19":{"start":{"line":68,"column":4},"end":{"line":70,"column":null}},"20":{"start":{"line":69,"column":6},"end":{"line":69,"column":null}},"21":{"start":{"line":72,"column":23},"end":{"line":72,"column":null}},"22":{"start":{"line":73,"column":17},"end":{"line":79,"column":null}},"23":{"start":{"line":81,"column":22},"end":{"line":81,"column":null}},"24":{"start":{"line":82,"column":4},"end":{"line":82,"column":null}},"25":{"start":{"line":86,"column":18},"end":{"line":86,"column":null}},"26":{"start":{"line":87,"column":17},"end":{"line":87,"column":null}},"27":{"start":{"line":89,"column":4},"end":{"line":91,"column":null}},"28":{"start":{"line":90,"column":6},"end":{"line":90,"column":null}},"29":{"start":{"line":93,"column":20},"end":{"line":93,"column":null}},"30":{"start":{"line":95,"column":4},"end":{"line":97,"column":null}},"31":{"start":{"line":96,"column":6},"end":{"line":96,"column":null}},"32":{"start":{"line":99,"column":4},"end":{"line":99,"column":null}},"33":{"start":{"line":103,"column":4},"end":{"line":105,"column":null}},"34":{"start":{"line":104,"column":6},"end":{"line":104,"column":null}},"35":{"start":{"line":107,"column":10},"end":{"line":107,"column":null}},"36":{"start":{"line":108,"column":24},"end":{"line":113,"column":null}},"37":{"start":{"line":115,"column":4},"end":{"line":117,"column":null}},"38":{"start":{"line":116,"column":6},"end":{"line":116,"column":null}},"39":{"start":{"line":119,"column":4},"end":{"line":119,"column":null}},"40":{"start":{"line":120,"column":4},"end":{"line":120,"column":null}},"41":{"start":{"line":122,"column":4},"end":{"line":122,"column":null}},"42":{"start":{"line":126,"column":4},"end":{"line":128,"column":null}},"43":{"start":{"line":127,"column":6},"end":{"line":127,"column":null}},"44":{"start":{"line":130,"column":4},"end":{"line":142,"column":null}},"45":{"start":{"line":131,"column":12},"end":{"line":131,"column":null}},"46":{"start":{"line":132,"column":26},"end":{"line":132,"column":null}},"47":{"start":{"line":134,"column":6},"end":{"line":136,"column":null}},"48":{"start":{"line":135,"column":8},"end":{"line":135,"column":null}},"49":{"start":{"line":138,"column":6},"end":{"line":138,"column":null}},"50":{"start":{"line":139,"column":6},"end":{"line":139,"column":null}},"51":{"start":{"line":141,"column":6},"end":{"line":141,"column":null}},"52":{"start":{"line":146,"column":21},"end":{"line":146,"column":null}},"53":{"start":{"line":148,"column":4},"end":{"line":150,"column":null}},"54":{"start":{"line":149,"column":6},"end":{"line":149,"column":null}},"55":{"start":{"line":152,"column":4},"end":{"line":152,"column":null}}},"fnMap":{"0":{"name":"(anonymous_0)","decl":{"start":{"line":13,"column":23},"end":{"line":13,"column":29}},"loc":{"start":{"line":13,"column":29},"end":{"line":13,"column":null}},"line":13},"1":{"name":"(anonymous_1)","decl":{"start":{"line":14,"column":31},"end":{"line":14,"column":37}},"loc":{"start":{"line":14,"column":37},"end":{"line":14,"column":null}},"line":14},"2":{"name":"(anonymous_2)","decl":{"start":{"line":22,"column":22},"end":{"line":22,"column":29}},"loc":{"start":{"line":22,"column":44},"end":{"line":50,"column":null}},"line":22},"3":{"name":"(anonymous_3)","decl":{"start":{"line":52,"column":20},"end":{"line":52,"column":21}},"loc":{"start":{"line":53,"column":2},"end":{"line":55,"column":null}},"line":53},"4":{"name":"(anonymous_4)","decl":{"start":{"line":58,"column":8},"end":{"line":58,"column":17}},"loc":{"start":{"line":58,"column":76},"end":{"line":83,"column":null}},"line":58},"5":{"name":"(anonymous_5)","decl":{"start":{"line":85,"column":8},"end":{"line":85,"column":14}},"loc":{"start":{"line":85,"column":58},"end":{"line":100,"column":null}},"line":85},"6":{"name":"(anonymous_6)","decl":{"start":{"line":102,"column":8},"end":{"line":102,"column":16}},"loc":{"start":{"line":102,"column":38},"end":{"line":123,"column":null}},"line":102},"7":{"name":"(anonymous_7)","decl":{"start":{"line":125,"column":8},"end":{"line":125,"column":15}},"loc":{"start":{"line":125,"column":37},"end":{"line":143,"column":null}},"line":125},"8":{"name":"(anonymous_8)","decl":{"start":{"line":145,"column":8},"end":{"line":145,"column":11}},"loc":{"start":{"line":145,"column":36},"end":{"line":153,"column":null}},"line":145}},"branchMap":{"0":{"loc":{"start":{"line":62,"column":4},"end":{"line":64,"column":null}},"type":"if","locations":[{"start":{"line":62,"column":4},"end":{"line":64,"column":null}},{"start":{},"end":{}}],"line":62},"1":{"loc":{"start":{"line":62,"column":8},"end":{"line":62,"column":29}},"type":"binary-expr","locations":[{"start":{"line":62,"column":8},"end":{"line":62,"column":18}},{"start":{"line":62,"column":18},"end":{"line":62,"column":29}}],"line":62},"2":{"loc":{"start":{"line":68,"column":4},"end":{"line":70,"column":null}},"type":"if","locations":[{"start":{"line":68,"column":4},"end":{"line":70,"column":null}},{"start":{},"end":{}}],"line":68},"3":{"loc":{"start":{"line":76,"column":12},"end":{"line":76,"column":null}},"type":"binary-expr","locations":[{"start":{"line":76,"column":12},"end":{"line":76,"column":34}},{"start":{"line":76,"column":34},"end":{"line":76,"column":null}}],"line":76},"4":{"loc":{"start":{"line":77,"column":12},"end":{"line":77,"column":null}},"type":"cond-expr","locations":[{"start":{"line":77,"column":31},"end":{"line":77,"column":50}},{"start":{"line":77,"column":50},"end":{"line":77,"column":null}}],"line":77},"5":{"loc":{"start":{"line":89,"column":4},"end":{"line":91,"column":null}},"type":"if","locations":[{"start":{"line":89,"column":4},"end":{"line":91,"column":null}},{"start":{},"end":{}}],"line":89},"6":{"loc":{"start":{"line":95,"column":4},"end":{"line":97,"column":null}},"type":"if","locations":[{"start":{"line":95,"column":4},"end":{"line":97,"column":null}},{"start":{},"end":{}}],"line":95},"7":{"loc":{"start":{"line":103,"column":4},"end":{"line":105,"column":null}},"type":"if","locations":[{"start":{"line":103,"column":4},"end":{"line":105,"column":null}},{"start":{},"end":{}}],"line":103},"8":{"loc":{"start":{"line":115,"column":4},"end":{"line":117,"column":null}},"type":"if","locations":[{"start":{"line":115,"column":4},"end":{"line":117,"column":null}},{"start":{},"end":{}}],"line":115},"9":{"loc":{"start":{"line":115,"column":8},"end":{"line":115,"column":95}},"type":"binary-expr","locations":[{"start":{"line":115,"column":8},"end":{"line":115,"column":24}},{"start":{"line":115,"column":24},"end":{"line":115,"column":49}},{"start":{"line":115,"column":49},"end":{"line":115,"column":95}}],"line":115},"10":{"loc":{"start":{"line":126,"column":4},"end":{"line":128,"column":null}},"type":"if","locations":[{"start":{"line":126,"column":4},"end":{"line":128,"column":null}},{"start":{},"end":{}}],"line":126},"11":{"loc":{"start":{"line":134,"column":6},"end":{"line":136,"column":null}},"type":"if","locations":[{"start":{"line":134,"column":6},"end":{"line":136,"column":null}},{"start":{},"end":{}}],"line":134},"12":{"loc":{"start":{"line":148,"column":4},"end":{"line":150,"column":null}},"type":"if","locations":[{"start":{"line":148,"column":4},"end":{"line":150,"column":null}},{"start":{},"end":{}}],"line":148}},"s":{"0":6,"1":202,"2":6,"3":107,"4":6,"5":50,"6":50,"7":50,"8":50,"9":50,"10":50,"11":6,"12":1,"13":6,"14":49,"15":49,"16":49,"17":0,"18":49,"19":49,"20":1,"21":48,"22":48,"23":49,"24":48,"25":8,"26":8,"27":8,"28":0,"29":8,"30":8,"31":7,"32":1,"33":5,"34":1,"35":4,"36":4,"37":4,"38":3,"39":1,"40":1,"41":1,"42":1,"43":0,"44":1,"45":1,"46":1,"47":1,"48":0,"49":1,"50":1,"51":0,"52":1,"53":1,"54":0,"55":1},"f":{"0":202,"1":107,"2":50,"3":1,"4":49,"5":8,"6":5,"7":1,"8":1},"b":{"0":[0,49],"1":[49,49],"2":[1,48],"3":[48,0],"4":[34,14],"5":[0,8],"6":[7,1],"7":[1,4],"8":[3,1],"9":[4,4,2],"10":[0,1],"11":[0,1],"12":[0,1]},"meta":{"lastBranch":13,"lastFunction":9,"lastStatement":56,"seen":{"s:13:23:13:Infinity":0,"f:13:23:13:29":0,"s:13:29:13:Infinity":1,"s:14:31:14:Infinity":2,"f:14:31:14:37":1,"s:14:37:14:Infinity":3,"s:22:22:50:Infinity":4,"f:22:22:22:29":2,"s:23:8:23:Infinity":5,"s:24:8:28:Infinity":6,"s:29:8:34:Infinity":7,"s:36:29:41:Infinity":8,"s:43:2:43:Infinity":9,"s:45:2:49:Infinity":10,"s:52:20:55:Infinity":11,"f:52:20:52:21":3,"s:53:2:55:Infinity":12,"s:57:27:154:Infinity":13,"f:58:8:58:17":4,"s:59:18:59:Infinity":14,"s:60:21:60:Infinity":15,"b:62:4:64:Infinity:undefined:undefined:undefined:undefined":0,"s:62:4:64:Infinity":16,"b:62:8:62:18:62:18:62:29":1,"s:63:6:63:Infinity":17,"s:66:25:66:Infinity":18,"b:68:4:70:Infinity:undefined:undefined:undefined:undefined":2,"s:68:4:70:Infinity":19,"s:69:6:69:Infinity":20,"s:72:23:72:Infinity":21,"s:73:17:79:Infinity":22,"b:76:12:76:34:76:34:76:Infinity":3,"b:77:31:77:50:77:50:77:Infinity":4,"s:81:22:81:Infinity":23,"s:82:4:82:Infinity":24,"f:85:8:85:14":5,"s:86:18:86:Infinity":25,"s:87:17:87:Infinity":26,"b:89:4:91:Infinity:undefined:undefined:undefined:undefined":5,"s:89:4:91:Infinity":27,"s:90:6:90:Infinity":28,"s:93:20:93:Infinity":29,"b:95:4:97:Infinity:undefined:undefined:undefined:undefined":6,"s:95:4:97:Infinity":30,"s:96:6:96:Infinity":31,"s:99:4:99:Infinity":32,"f:102:8:102:16":6,"b:103:4:105:Infinity:undefined:undefined:undefined:undefined":7,"s:103:4:105:Infinity":33,"s:104:6:104:Infinity":34,"s:107:10:107:Infinity":35,"s:108:24:113:Infinity":36,"b:115:4:117:Infinity:undefined:undefined:undefined:undefined":8,"s:115:4:117:Infinity":37,"b:115:8:115:24:115:24:115:49:115:49:115:95":9,"s:116:6:116:Infinity":38,"s:119:4:119:Infinity":39,"s:120:4:120:Infinity":40,"s:122:4:122:Infinity":41,"f:125:8:125:15":7,"b:126:4:128:Infinity:undefined:undefined:undefined:undefined":10,"s:126:4:128:Infinity":42,"s:127:6:127:Infinity":43,"s:130:4:142:Infinity":44,"s:131:12:131:Infinity":45,"s:132:26:132:Infinity":46,"b:134:6:136:Infinity:undefined:undefined:undefined:undefined":11,"s:134:6:136:Infinity":47,"s:135:8:135:Infinity":48,"s:138:6:138:Infinity":49,"s:139:6:139:Infinity":50,"s:141:6:141:Infinity":51,"f:145:8:145:11":8,"s:146:21:146:Infinity":52,"b:148:4:150:Infinity:undefined:undefined:undefined:undefined":12,"s:148:4:150:Infinity":53,"s:149:6:149:Infinity":54,"s:152:4:152:Infinity":55}}},"C:\\Users\\talgatov_a\\Desktop\\aqa_1\\server\\src\\services\\taxonomy.service.ts":{"path":"C:\\Users\\talgatov_a\\Desktop\\aqa_1\\server\\src\\services\\taxonomy.service.ts","statementMap":{"0":{"start":{"line":7,"column":27},"end":{"line":7,"column":null}},"1":{"start":{"line":7,"column":33},"end":{"line":7,"column":null}},"2":{"start":{"line":8,"column":22},"end":{"line":8,"column":null}},"3":{"start":{"line":8,"column":28},"end":{"line":8,"column":null}},"4":{"start":{"line":10,"column":15},"end":{"line":16,"column":null}},"5":{"start":{"line":11,"column":2},"end":{"line":16,"column":null}},"6":{"start":{"line":18,"column":31},"end":{"line":194,"column":null}},"7":{"start":{"line":20,"column":23},"end":{"line":24,"column":null}},"8":{"start":{"line":26,"column":4},"end":{"line":32,"column":null}},"9":{"start":{"line":26,"column":41},"end":{"line":32,"column":6}},"10":{"start":{"line":36,"column":17},"end":{"line":40,"column":null}},"11":{"start":{"line":42,"column":4},"end":{"line":42,"column":null}},"12":{"start":{"line":46,"column":17},"end":{"line":46,"column":null}},"13":{"start":{"line":48,"column":4},"end":{"line":50,"column":null}},"14":{"start":{"line":49,"column":6},"end":{"line":49,"column":null}},"15":{"start":{"line":52,"column":17},"end":{"line":52,"column":null}},"16":{"start":{"line":54,"column":4},"end":{"line":56,"column":null}},"17":{"start":{"line":55,"column":6},"end":{"line":55,"column":null}},"18":{"start":{"line":58,"column":21},"end":{"line":60,"column":null}},"19":{"start":{"line":62,"column":4},"end":{"line":64,"column":null}},"20":{"start":{"line":63,"column":6},"end":{"line":63,"column":null}},"21":{"start":{"line":66,"column":21},"end":{"line":66,"column":null}},"22":{"start":{"line":67,"column":18},"end":{"line":67,"column":null}},"23":{"start":{"line":69,"column":4},"end":{"line":75,"column":null}},"24":{"start":{"line":79,"column":21},"end":{"line":79,"column":null}},"25":{"start":{"line":81,"column":4},"end":{"line":83,"column":null}},"26":{"start":{"line":82,"column":6},"end":{"line":82,"column":null}},"27":{"start":{"line":85,"column":17},"end":{"line":85,"column":null}},"28":{"start":{"line":87,"column":4},"end":{"line":89,"column":null}},"29":{"start":{"line":88,"column":6},"end":{"line":88,"column":null}},"30":{"start":{"line":91,"column":17},"end":{"line":91,"column":null}},"31":{"start":{"line":93,"column":4},"end":{"line":95,"column":null}},"32":{"start":{"line":94,"column":6},"end":{"line":94,"column":null}},"33":{"start":{"line":97,"column":21},"end":{"line":99,"column":null}},"34":{"start":{"line":101,"column":4},"end":{"line":103,"column":null}},"35":{"start":{"line":102,"column":6},"end":{"line":102,"column":null}},"36":{"start":{"line":105,"column":4},"end":{"line":105,"column":null}},"37":{"start":{"line":106,"column":4},"end":{"line":106,"column":null}},"38":{"start":{"line":107,"column":20},"end":{"line":107,"column":null}},"39":{"start":{"line":109,"column":4},"end":{"line":115,"column":null}},"40":{"start":{"line":119,"column":21},"end":{"line":119,"column":null}},"41":{"start":{"line":121,"column":4},"end":{"line":123,"column":null}},"42":{"start":{"line":122,"column":6},"end":{"line":122,"column":null}},"43":{"start":{"line":125,"column":4},"end":{"line":125,"column":null}},"44":{"start":{"line":129,"column":17},"end":{"line":129,"column":null}},"45":{"start":{"line":131,"column":4},"end":{"line":133,"column":null}},"46":{"start":{"line":132,"column":6},"end":{"line":132,"column":null}},"47":{"start":{"line":135,"column":17},"end":{"line":135,"column":null}},"48":{"start":{"line":137,"column":4},"end":{"line":139,"column":null}},"49":{"start":{"line":138,"column":6},"end":{"line":138,"column":null}},"50":{"start":{"line":141,"column":21},"end":{"line":143,"column":null}},"51":{"start":{"line":145,"column":4},"end":{"line":147,"column":null}},"52":{"start":{"line":146,"column":6},"end":{"line":146,"column":null}},"53":{"start":{"line":149,"column":16},"end":{"line":149,"column":null}},"54":{"start":{"line":150,"column":4},"end":{"line":150,"column":null}},"55":{"start":{"line":154,"column":16},"end":{"line":154,"column":null}},"56":{"start":{"line":156,"column":4},"end":{"line":158,"column":null}},"57":{"start":{"line":157,"column":6},"end":{"line":157,"column":null}},"58":{"start":{"line":160,"column":17},"end":{"line":160,"column":null}},"59":{"start":{"line":162,"column":4},"end":{"line":164,"column":null}},"60":{"start":{"line":163,"column":6},"end":{"line":163,"column":null}},"61":{"start":{"line":166,"column":17},"end":{"line":166,"column":null}},"62":{"start":{"line":168,"column":4},"end":{"line":170,"column":null}},"63":{"start":{"line":169,"column":6},"end":{"line":169,"column":null}},"64":{"start":{"line":172,"column":21},"end":{"line":174,"column":null}},"65":{"start":{"line":176,"column":4},"end":{"line":178,"column":null}},"66":{"start":{"line":177,"column":6},"end":{"line":177,"column":null}},"67":{"start":{"line":180,"column":4},"end":{"line":180,"column":null}},"68":{"start":{"line":181,"column":4},"end":{"line":181,"column":null}},"69":{"start":{"line":182,"column":4},"end":{"line":182,"column":null}},"70":{"start":{"line":186,"column":16},"end":{"line":186,"column":null}},"71":{"start":{"line":188,"column":4},"end":{"line":190,"column":null}},"72":{"start":{"line":189,"column":6},"end":{"line":189,"column":null}},"73":{"start":{"line":192,"column":4},"end":{"line":192,"column":null}}},"fnMap":{"0":{"name":"(anonymous_0)","decl":{"start":{"l
[...]
427},"54":{"loc":{"start":{"line":431,"column":4},"end":{"line":433,"column":null}},"type":"if","locations":[{"start":{"line":431,"column":4},"end":{"line":433,"column":null}},{"start":{},"end":{}}],"line":431},"55":{"loc":{"start":{"line":441,"column":4},"end":{"line":443,"column":null}},"type":"if","locations":[{"start":{"line":441,"column":4},"end":{"line":443,"column":null}},{"start":{},"end":{}}],"line":441},"56":{"loc":{"start":{"line":451,"column":4},"end":{"line":453,"column":null}},"type":"if","locations":[{"start":{"line":451,"column":4},"end":{"line":453,"column":null}},{"start":{},"end":{}}],"line":451},"57":{"loc":{"start":{"line":455,"column":4},"end":{"line":457,"column":null}},"type":"if","locations":[{"start":{"line":455,"column":4},"end":{"line":457,"column":null}},{"start":{},"end":{}}],"line":455},"58":{"loc":{"start":{"line":465,"column":4},"end":{"line":467,"column":null}},"type":"if","locations":[{"start":{"line":465,"column":4},"end":{"line":467,"column":null}},{"start":{},"end":{}}],"line":465},"59":{"loc":{"start":{"line":475,"column":4},"end":{"line":477,"column":null}},"type":"if","locations":[{"start":{"line":475,"column":4},"end":{"line":477,"column":null}},{"start":{},"end":{}}],"line":475},"60":{"loc":{"start":{"line":479,"column":4},"end":{"line":481,"column":null}},"type":"if","locations":[{"start":{"line":479,"column":4},"end":{"line":481,"column":null}},{"start":{},"end":{}}],"line":479},"61":{"loc":{"start":{"line":489,"column":4},"end":{"line":491,"column":null}},"type":"if","locations":[{"start":{"line":489,"column":4},"end":{"line":491,"column":null}},{"start":{},"end":{}}],"line":489},"62":{"loc":{"start":{"line":497,"column":4},"end":{"line":499,"column":null}},"type":"if","locations":[{"start":{"line":497,"column":4},"end":{"line":499,"column":null}},{"start":{},"end":{}}],"line":497},"63":{"loc":{"start":{"line":516,"column":4},"end":{"line":518,"column":null}},"type":"if","locations":[{"start":{"line":516,"column":4},"end":{"line":518,"column":null}},{"start":{},"end":{}}],"line":516},"64":{"loc":{"start":{"line":526,"column":4},"end":{"line":528,"column":null}},"type":"if","locations":[{"start":{"line":526,"column":4},"end":{"line":528,"column":null}},{"start":{},"end":{}}],"line":526},"65":{"loc":{"start":{"line":530,"column":4},"end":{"line":532,"column":null}},"type":"if","locations":[{"start":{"line":530,"column":4},"end":{"line":532,"column":null}},{"start":{},"end":{}}],"line":530},"66":{"loc":{"start":{"line":540,"column":4},"end":{"line":542,"column":null}},"type":"if","locations":[{"start":{"line":540,"column":4},"end":{"line":542,"column":null}},{"start":{},"end":{}}],"line":540},"67":{"loc":{"start":{"line":551,"column":4},"end":{"line":553,"column":null}},"type":"if","locations":[{"start":{"line":551,"column":4},"end":{"line":553,"column":null}},{"start":{},"end":{}}],"line":551},"68":{"loc":{"start":{"line":569,"column":4},"end":{"line":571,"column":null}},"type":"if","locations":[{"start":{"line":569,"column":4},"end":{"line":571,"column":null}},{"start":{},"end":{}}],"line":569},"69":{"loc":{"start":{"line":582,"column":4},"end":{"line":584,"column":null}},"type":"if","locations":[{"start":{"line":582,"column":4},"end":{"line":584,"column":null}},{"start":{},"end":{}}],"line":582},"70":{"loc":{"start":{"line":627,"column":4},"end":{"line":629,"column":null}},"type":"if","locations":[{"start":{"line":627,"column":4},"end":{"line":629,"column":null}},{"start":{},"end":{}}],"line":627},"71":{"loc":{"start":{"line":627,"column":8},"end":{"line":627,"column":58}},"type":"binary-expr","locations":[{"start":{"line":627,"column":8},"end":{"line":627,"column":17}},{"start":{"line":627,"column":17},"end":{"line":627,"column":58}}],"line":627},"72":{"loc":{"start":{"line":636,"column":4},"end":{"line":643,"column":null}},"type":"if","locations":[{"start":{"line":636,"column":4},"end":{"line":643,"column":null}},{"start":{},"end":{}}],"line":636},"73":{"loc":{"start":{"line":666,"column":4},"end":{"line":668,"column":null}},"type":"if","locations":[{"start":{"line":666,"column":4},"end":{"line":668,"column":null}},{"start":{},"end":{}}],"line":666},"74":{"loc":{"start":{"line":738,"column":4},"end":{"line":740,"column":null}},"type":"if","locations":[{"start":{"line":738,"column":4},"end":{"line":740,"column":null}},{"start":{},"end":{}}],"line":738}},"s":{"0":7,"1":119,"2":7,"3":3,"4":7,"5":3,"6":7,"7":16,"8":7,"9":8,"10":7,"11":17,"12":7,"13":20,"14":7,"15":7,"16":51,"17":7,"18":22,"19":7,"20":0,"21":7,"22":18,"23":3,"24":3,"25":7,"26":15,"27":15,"28":14,"29":1,"30":1,"31":7,"32":18,"33":15,"34":3,"35":3,"36":2,"37":7,"38":17,"39":14,"40":3,"41":3,"42":2,"43":7,"44":0,"45":0,"46":0,"47":0,"48":0,"49":7,"50":11,"51":11,"52":0,"53":0,"54":0,"55":7,"56":2,"57":7,"58":5,"59":2,"60":3,"61":3,"62":7,"63":3,"64":3,"65":3,"66":2,"67":1,"68":0,"69":1,"70":1,"71":1,"72":1,"73":0,"74":0,"75":7,"76":2,"77":2,"78":2,"79":1,"80":2,"81":2,"82":1,"83":2,"84":1,"85":1,"86":2,"87":1,"88":1,"89":7,"90":2,"91":2,"92":2,"93":2,"94":2,"95":2,"96":1,"97":1,"98":1,"99":0,"100":0,"101":0,"102":0,"103":0,"104":0,"105":0,"106":1,"107":1,"108":1,"109":0,"110":0,"111":17,"112":17,"113":17,"114":0,"115":17,"116":17,"117":17,"118":17,"119":16,"120":15,"121":15,"122":15,"123":15,"124":15,"125":0,"126":15,"127":4,"128":4,"129":0,"130":4,"131":1,"132":3,"133":4,"134":4,"135":0,"136":3,"137":0,"138":3,"139":1,"140":3,"141":1,"142":3,"143":0,"144":3,"145":1,"146":1,"147":0,"148":2,"149":1,"150":1,"151":0,"152":1,"153":1,"154":1,"155":0,"156":1,"157":13,"158":13,"159":0,"160":13,"161":0,"162":13,"163":13,"164":13,"165":13,"166":13,"167":13,"168":0,"169":13,"170":1,"171":1,"172":0,"173":1,"174":0,"175":1,"176":1,"177":1,"178":1,"179":1,"180":0,"181":1,"182":1,"183":1,"184":0,"185":1,"186":0,"187":1,"188":1,"189":1,"190":1,"191":1,"192":0,"193":1,"194":3,"195":3,"196":0,"197":3,"198":1,"199":2,"200":6,"201":6,"202":0,"203":6,"204":6,"205":6,"206":1,"207":5,"208":5,"209":5,"210":5,"211":0,"212":5,"213":1,"214":1,"215":1,"216":0,"217":0,"218":0,"219":5,"220":5,"221":0,"222":5,"223":5,"224":5,"225":2,"226":3,"227":3,"228":3,"229":3,"230":0,"231":3,"232":2,"233":2,"234":1,"235":1,"236":1,"237":1,"238":1,"239":1,"240":3,"241":3,"242":0,"243":3,"244":3,"245":1,"246":2,"247":2,"248":2,"249":0,"250":0,"251":0,"252":0,"253":1,"254":1,"255":1,"256":1,"257":1,"258":1,"259":1,"260":1,"261":0,"262":1},"f":{"0":119,"1":3,"2":3,"3":16,"4":8,"5":17,"6":20,"7":51,"8":22,"9":0,"10":18,"11":3,"12":3,"13":15,"14":1,"15":18,"16":17,"17":0,"18":11,"19":2,"20":5,"21":3,"22":2,"23":2,"24":2,"25":1,"26":1,"27":0,"28":0,"29":1,"30":17,"31":4,"32":13,"33":1,"34":1,"35":3,"36":6,"37":1,"38":5,"39":2,"40":1,"41":1,"42":1,"43":3,"44":0,"45":1,"46":1,"47":1,"48":1,"49":1},"b":{"0":[22,6],"1":[0,0],"2":[18,15],"3":[3,3],"4":[14,1],"5":[15,3],"6":[2,1],"7":[14,3],"8":[2,1],"9":[0,0],"10":[0,0],"11":[0,0],"12":[11,0],"13":[0,0],"14":[2,3],"15":[3,0],"16":[3,3],"17":[2,1],"18":[3,1],"19":[0,1],"20":[1,0],"21":[1,0],"22":[1,0],"23":[1,1],"24":[1,1],"25":[1,1],"26":[1,1],"27":[2],"28":[0,0],"29":[0,0],"30":[1,0],"31":[0,17],"32":[17,17],"33":[17,17],"34":[2,15],"35":[0,15],"36":[0,4],"37":[1,3],"38":[0,4],"39":[4,1],"40":[0,3],"41":[3,1],"42":[1,2],"43":[1,2],"44":[0,3],"45":[0,0],"46":[1,2],"47":[1,0],"48":[1,1],"49":[0,1],"50":[0,13],"51":[0,13],"52":[0,13],"53":[0,1],"54":[0,1],"55":[0,1],"56":[0,1],"57":[0,1],"58":[0,1],"59":[0,3],"60":[1,2],"61":[0,6],"62":[1,5],"63":[0,5],"64":[1,0],"65":[0,0],"66":[0,5],"67":[2,3],"68":[0,3],"69":[1,1],"70":[0,3],"71":[3,3],"72":[1,2],"73":[0,0],"74":[0,1]},"meta":{"lastBranch":75,"lastFunction":50,"lastStatement":263,"seen":{"s:16:23:16:Infinity":0,"f:16:23:16:29":0,"s:16:29:16:Infinity":1,"s:17:27:17:Infinity":2,"f:17:27:17:33":1,"s:17:33:17:Infinity":3,"s:18:22:18:Infinity":4,"f:18:22:18:28":2,"s:18:28:18:Infinity":5,"s:19:26:19:Infinity":6,"f:19:26:19:32":3,"s:19:32:19:Infinity":7,"s:20:27:20:Infinity":8,"f:20:27:20:33":4,"s:20:33:20:Infinity":9,"s:21:26:21:Infinity":10,"f:21:26:21:32":5,"s:21:32:21:Infinity":11,"s:22:23:22:Infinity":12,"f:22:23:22:29":6,"s:22:29:22:Infinity":13,"s:24:22:37:Infinity":14,"s:39:17:43:Infinity":15,"f:39:17:39:18":7,"s:40:2:43:Infinity":16,"s:45:22:46:Infinity":17,"f:45:22:45:23":8,"s:46:2:46:Infinity":18,"b:46:2:46:37:46:37:46:Infinity":0,"s:48:25:49:Infinity":19,"f:48:25:48:26":9,"s:49:2:49:Infinity":20,"b:49:2:49:37:49:37:49:Infinity":1,"s:51:24:58:Infinity":21,"f:51:24:51:25":10,"s:52:2:58:Infinity":22,"b:54:7:54:17:54:17:54:Infinity":2,"f:55:13:55:14":11,"s:55:24:55:37":23,"f:56:16:56:17":12,"s:56:27:56:63":24,"b:56:27:56:54:56:54:56:63":3,"s:60:21:73:Infinity":25,"f:60:21:60:28":13,"s:61:2:61:Infinity":26,"b:63:2:65:Infinity:undefined:undefined:undefined:undefined":4,"s:63:2:65:Infinity":27,"s:64:4:64:Infinity":28,"s:67:2:72:Infinity":29,"f:68:15:68:16":14,"s:68:27:71:6":30,"s:75:29:85:Infinity":31,"f:75:29:75:36":15,"b:76:2:78:Infinity:undefined:undefined:undefined:undefined":5,"s:76:2:78:Infinity":32,"s:77:4:77:Infinity":33,"s:80:19:80:Infinity":34,"b:82:2:84:Infinity:undefined:undefined:undefined:undefined":6,"s:82:2:84:Infinity":35,"s:83:4:83:Infinity":36,"s:87:24:99:Infinity":37,"f:87:24:87:31":16,"b:88:2:90:Infinity:undefined:undefined:undefined:undefined":7,"s:88:2:90:Infinity":38,"s:89:4:89:Infinity":39,"s:92:15:94:Infinity":40,"b:96:2:98:Infinity:undefined:undefined:undefined:undefined":8,"s:96:2:98:Infinity":41,"s:97:4:97:Infinity":42,"s:101:26:111:Infinity":43,"f:101:26:101:27":17,"b:102:2:104:Infinity:undefined:undefined:undefined:undefined":9,"s:102:2:104:Infinity":44,"s:103:4:103:Infinity":45,"b:106:2:108:Infinity:undefined:undefined:undefined:undefined":10,"s:106:2:108:Infinity":46,"b:106:6:106:16:106:16:106:45":11,"s:107:4:107:Infinity":47,"s:110:2:110:Infinity":48,"s:113:39:123:Infinity":49,"f:113:39:113:40":18,"b:114:2:116:Infinity:undefined:undefined:undefined:undefined":12,"s:114:2:116:Infinity":50,"s:115:4:115:Infinity":51,"b:118:2:120:Infinity:undefined:undefined:undefined:undefined":13,"s:118:2:120:Infinity":52,"s:119:4:119:Infinity":53,"s:122:2:122:Infinity":54,"s:125:22:136:Infinity":55,"f:125:22:125:Infinity":19,"s:126:2:136:Infinity":56,"s:138:25:146:Infinity":57,"f:138:25:138:26":20,"b:139:2:141:Infinity:undefined:undefined:undefined:undefined":14,"s:139:2:141:Infinity":58,"s:140:4:140:Infinity":59,"s:143:17:143:Infinity":60,"s:145:2:145:Infinity":61,"b:145:50:145:59:145:59:145:Infinity":15,"b:145:9:145:37:145:37:145:50":16,"s:161:42:202:Infinity":62,"f:161:42:161:Infinity":21,"s:165:26:165:Infinity":63,"s:166:19:166:Infinity":64,"b:168:2:173:Infinity:undefined:undefined:undefined:undefined":17,"s:168:2:173:Infinity":65,"b:168:6:168:26:168:26:168:71":18,"s:169:4:172:Infinity":66,"b:175:2:180:Infinity:undefined:undefined:undefined:undefined":19,"s:175:2:180:Infinity":67,"s:176:4:179:Infinity":68,"b:182:2:196:Infinity:undefined:undefined:undefined:undefined":20,"s:182:2:196:Infinity":69,"s:183:27:183:Infinity":70,"b:183:27:183:39:183:39:183:Infinity":21,"b:185:4:190:Infinity:undefined:undefined:undefined:undefined":22,"s:185:4:190:Infinity":71,"s:186:6:189:Infinity":72,"s:192:4:195:Infinity":73,"s:198:2:201:Infinity":74,"s:204:25:235:Infinity":75,"f:204:25:204:Infinity":22,"s:209:26:209:Infinity":76,"s:211:2:211:Infinity":77,"b:213:2:215:Infinity:undefined:undefined:undefined:undefined":23,"s:213:2:215:Infinity":78,"s:214:4:214:Infinity":79,"s:217:21:217:Infinity":80,"b:219:2:221:Infinity:undefined:undefined:undefined:undefined":24,"s:219:2:221:Infinity":81,"s:220:4:220:Infinity":82,"b:223:2:226:Infinity:undefined:undefined:undefined:undefined":25,"s:223:2:226:Infinity":83,"s:224:21:224:Infinity":84,"s:225:4:225:Infinity":85,"b:228:2:234:Infinity:undefined:undefined:undefined:undefined":26,"s:228:2:234:Infinity":86,"s:229:19:229:Infinity":87,"s:230:4:233:Infinity":88,"s:237:27:744:Infinity":89,"f:238:8:238:18":23,"b:238:73:238:77":27,"s:239:18:239:Infinity":90,"s:241:4:241:Infinity":91,"s:242:4:242:Infinity":92,"s:244:18:244:Infinity":93,"s:246:4:246:Infinity":94,"f:246:21:246:22":24,"s:246:22:246:58":95,"f:249:8:249:26":25,"s:250:18:255:Infinity":96,"s:257:4:257:Infinity":97,"f:257:21:257:22":26,"s:257:22:257:58":98,"f:260:8:260:27":27,"s:261:18:261:Infinity":99,"b:263:4:265:Infinity:undefined:undefined:undefined:undefined":28,"s:263:4:265:Infinity":100,"b:263:8:263:26:263:26:263:95":29,"s:264:6:264:Infinity":101,"s:267:4:267:Infinity":102,"s:268:18:268:Infinity":103,"s:270:4:270:Infinity":104,"f:270:21:270:22":28,"s:270:22:270:57":105,"f:273:8:273:16":29,"s:274:17:274:Infinity":106,"b:276:4:278:Infinity:undefined:undefined:undefined:undefined":30,"s:276:4:278:Infinity":107,"s:277:6:277:Infinity":108,"s:280:4:280:Infinity":109,"s:282:4:282:Infinity":110,"f:285:8:285:Infinity":30,"s:295:18:295:Infinity":111,"s:296:20:296:Infinity":112,"b:298:4:300:Infinity:undefined:undefined:undefined:undefined":31,"s:298:4:300:Infinity":113,"b:298:8:298:18:298:18:298:28":32,"s:299:6:299:Infinity":114,"s:302:20:302:Infinity":115,"b:302:20:302:45:302:45:302:Infinity":33,"s:303:23:303:Infinity":116,"b:303:42:303:69:303:69:303:Infinity":34,"s:304:19:304:Infinity":117,"s:306:4:306:Infinity":118,"s:307:4:307:Infinity":119,"s:309:17:318:Infinity":120,"s:320:22:320:Infinity":121,"s:321:4:321:Infinity":122,"s:323:25:323:Infinity":123,"b:325:4:327:Infinity:undefined:undefined:undefined:undefined":35,"s:325:4:327:Infinity":124,"s:326:6:326:Infinity":125,"s:329:4:329:Infinity":126,"f:332:8:332:Infinity":31,"s:343:17:343:Infinity":127,"b:345:4:347:Infinity:undefined:undefined:undefined:undefined":36,"s:345:4:347:Infinity":128,"s:346:6:346:Infinity":129,"b:349:4:351:Infinity:undefined:undefined:undefined:undefined":37,"s:349:4:351:Infinity":130,"s:350:6:350:Infinity":131,"s:353:18:353:Infinity":132,"s:354:20:354:Infinity":133,"b:356:4:358:Infinity:undefined:undefined:undefined:undefined":38,"s:356:4:358:Infinity":134,"b:356:8:356:43:356:43:356:51":39,"s:357:6:357:Infinity":135,"b:360:4:362:Infinity:undefined:undefined:undefined:undefined":40,"s:360:4:362:Infinity":136,"b:360:8:360:45:360:45:360:55":41,"s:361:6:361:Infinity":137,"b:364:4:366:Infinity:undefined:undefined:undefined:undefined":42,"s:364:4:366:Infinity":138,"s:365:6:365:Infinity":139,"b:368:4:370:Infinity:undefined:undefined:undefined:undefined":43,"s:368:4:370:Infinity":140,"s:369:6:369:Infinity":141,"b:372:4:374:Infinity:undefined:undefined:undefined:undefined":44,"s:372:4:374:Infinity":142,"s:373:6:373:Infinity":143,"b:373:21:373:46:373:46:373:Infinity":45,"b:376:4:380:Infinity:undefined:undefined:undefined:undefined":46,"s:376:4:380:Infinity":144,"s:377:25:377:Infinity":145,"b:377:44:377:71:377:71:377:Infinity":47,"s:378:6:378:Infinity":146,"s:379:6:379:Infinity":147,"b:382:4:386:Infinity:undefined:undefined:undefined:undefined":48,"s:382:4:386:Infinity":148,"s:383:21:383:Infinity":149,"s:384:6:384:Infinity":150,"s:385:6:385:Infinity":151,"s:388:4:388:Infinity":152,"s:390:24:390:Infinity":153,"b:392:4:394:Infinity:undefined:undefined:undefined:undefined":49,"s:392:4:394:Infinity":154,"s:393:6:393:Infinity":155,"s:396:4:396:Infinity":156,"f:399:8:399:20":32,"s:400:17:400:Infinity":157,"b:402:4:404:Infinity:undefined:undefined:undefined:undefined":50,"s:402:4:404:Infinity":158,"s:403:6:403:Infinity":159,"b:406:4:408:Infinity:undefined:undefined:undefined:undefined":51,"s:406:4:408:Infinity":160,"s:407:6:407:Infinity":161,"s:410:4:410:Infinity":162,"s:411:4:411:Infinity":163,"s:412:4:412:Infinity":164,"s:413:4:413:Infinity":165,"s:415:24:415:Infinity":166,"b:417:4:419:Infinity:undefined:undefined:undefined:undefined":52,"s:417:4:419:Infinity":167,"s:418:6:418:Infinity":168,"s:421:4:421:Infinity":169,"f:424:8:424:20":33,"s:425:17:425:Infinity":170,"b:427:4:429:Infinity:undefined:undefined:undefined:undefined":53,"s:427:4:429:Infinity":171,"s:428:6:428:Infinity":172,"b:431:4:433:Infinity:undefined:undefined:undefined:undefined":54,"s:431:4:433:Infinity":173,"s:432:6:432:Infinity":174,"s:435:4:435:Infinity":175,"s:436:4:436:Infinity":176,"s:437:4:437:Infinity":177,"s:439:24:439:Infinity":178,"b:441:4:443:Infinity:undefined:undefined:undefined:undefined":55,"s:441:4:443:Infinity":179,"s:442:6:442:Infinity":180,"s:445:4:445:Infinity":181,"f:448:8:448:20":34,"s:449:17:449:Infinity":182,"b:451:4:453:Infinity:undefined:undefined:undefined:undefined":56,"s:451:4:453:Infinity":183,"s:452:6:452:Infinity":184,"b:455:4:457:Infinity:undefined:undefined:undefined:undefined":57,"s:455:4:457:Infinity":185,"s:456:6:456:Infinity":186,"s:459:4:459:Infinity":187,"s:460:4:460:Infinity":188,"s:461:4:461:Infinity":189,"s:463:24:463:Infinity":190,"b:465:4:467:Infinity:undefined:undefined:undefined:undefined":58,"s:465:4:467:Infinity":191,"s:466:6:466:Infinity":192,"s:469:4:469:Infinity":193,"f:472:8:472:19":35,"s:473:17:473:Infinity":194,"b:475:4:477:Infinity:undefined:undefined:undefined:undefined":59,"s:475:4:477:Infinity":195,"s:476:6:476:Infinity":196,"b:479:4:481:Infinity:undefined:undefined:undefined:undefined":60,"s:479:4:481:Infinity":197,"s:480:6:480:Infinity":198,"s:483:4:483:Infinity":199,"f:486:8:486:19":36,"s:487:17:487:Infinity":200,"b:489:4:491:Infinity:undefined:undefined:undefined:undefined":61,"s:489:4:491:Infinity":201,"s:490:6:490:Infinity":202,"s:493:4:493:Infinity":203,"s:495:20:495:Infinity":204,"b:497:4:499:Infinity:undefined:undefined:undefined:undefined":62,"s:497:4:499:Infinity":205,"s:498:6:498:Infinity":206,"s:501:20:505:Infinity":207,"s:507:25:507:Infinity":208,"s:508:24:514:Infinity":209,"b:516:4:518:Infinity:undefined:undefined:undefined:undefined":63,"s:516:4:518:Infinity":210,"s:517:6:517:Infinity":211,"s:520:4:520:Infinity":212,"f:523:8:523:22":37,"s:524:20:524:Infinity":213,"b:526:4:528:Infinity:undefined:undefined:undefined:undefined":64,"s:526:4:528:Infinity":214,"s:527:6:527:Infinity":215,"b:530:4:532:Infinity:undefined:undefined:undefined:undefined":65,"s:530:4:532:Infinity":216,"s:531:6:531:Infinity":217,"s:534:4:534:Infinity":218,"f:537:8:537:17":38,"s:538:17:538:Infinity":219,"b:540:4:542:Infinity:undefined:undefined:undefined:undefined":66,"s:540:4:542:Infinity":220,"s:541:6:541:Infinity":221,"s:544:4:544:Infinity":222,"s:546:25:549:Infinity":223,"b:551:4:553:Infinity:undefined:undefined:undefined:undefined":67,"s:551:4:553:Infinity":224,"s:552:6:552:Infinity":225,"s:555:17:558:Infinity":226,"s:560:22:560:Infinity":227,"s:561:21:567:Infinity":228,"b:569:4:571:Infinity:undefined:undefined:undefined:undefined":68,"s:569:4:571:Infinity":229,"s:570:6:570:Infinity":230,"s:573:4:573:Infinity":231,"f:576:8:576:19":39,"s:577:17:580:Infinity":232,"b:582:4:584:Infinity:undefined:undefined:undefined:undefined":69,"s:582:4:584:Infinity":233,"s:583:6:583:Infinity":234,"s:586:4:586:Infinity":235,"f:589:8:589:22":40,"s:590:22:613:Infinity":236,"s:615:4:621:Infinity":237,"f:616:14:616:15":41,"s:616:28:616:77":238,"f:617:11:617:12":42,"s:617:26:621:8":239,"f:624:8:624:20":43,"s:625:17:625:Infinity":240,"b:627:4:629:Infinity:undefined:undefined:undefined:undefined":70,"s:627:4:629:Infinity":241,"b:627:8:627:17:627:17:627:58":71,"s:628:6:628:Infinity":242,"s:631:29:634:Infinity":243,"b:636:4:643:Infinity:undefined:undefined:undefined:undefined":72,"s:636:4:643:Infinity":244,"s:637:6:642:Infinity":245,"s:645:21:648:Infinity":246,"s:650:26:650:Infinity":247,"s:652:4:657:Infinity":248,"f:660:8:660:23":44,"s:661:21:664:Infinity":249,"b:666:4:668:Infinity:undefined:undefined:undefined:undefined":73,"s:666:4:668:Infinity":250,"s:667:6:667:Infinity":251,"s:670:4:670:Infinity":252,"f:673:8:673:23":45,"s:674:21:693:Infinity":253,"s:695:4:701:Infinity":254,"f:695:24:695:25":46,"s:695:38:701:6":255,"f:704:8:704:20":47,"s:705:18:724:Infinity":256,"s:726:4:732:Infinity":257,"f:726:21:726:22":48,"s:726:32:732:6":258,"f:735:8:735:19":49,"s:736:17:736:Infinity":259,"b:738:4:740:Infinity:undefined:undefined:undefined:undefined":74,"s:738:4:740:Infinity":260,"s:739:6:739:Infinity":261,"s:742:4:742:Infinity":262}}}}}