{
  "numTotalTestSuites": 20,
  "numPassedTestSuites": 20,
  "numFailedTestSuites": 0,
  "numPendingTestSuites": 0,
  "numTotalTests": 46,
  "numPassedTests": 46,
  "numFailedTests": 0,
  "numPendingTests": 0,
  "numTodoTests": 0,
  "snapshot": {
    "added": 0,
    "failure": false,
    "filesAdded": 0,
    "filesRemoved": 0,
    "filesRemovedList": [],
    "filesUnmatched": 0,
    "filesUpdated": 0,
    "matched": 0,
    "total": 0,
    "unchecked": 0,
    "uncheckedKeysByFile": [],
    "unmatched": 0,
    "updated": 0,
    "didUpdate": false
  },
  "startTime": 1775736687503,
  "success": true,
  "testResults": [
    {
      "assertionResults": [
        {
          "ancestorTitles": ["Auth API"],
          "fullName": "Auth API promotes the first registered user to admin and returns a valid session",
          "status": "passed",
          "title": "promotes the first registered user to admin and returns a valid session",
          "duration": 655.1333000000004,
          "failureMessages": [],
          "meta": {},
          "tags": []
        },
        {
          "ancestorTitles": ["Auth API"],
          "fullName": "Auth API rejects duplicate registration attempts with 409",
          "status": "passed",
          "title": "rejects duplicate registration attempts with 409",
          "duration": 419.4933000000001,
          "failureMessages": [],
          "meta": {},
          "tags": []
        },
        {
          "ancestorTitles": ["Auth API"],
          "fullName": "Auth API rejects invalid login credentials with 401",
          "status": "passed",
          "title": "rejects invalid login credentials with 401",
          "duration": 570.4557999999997,
          "failureMessages": [],
          "meta": {},
          "tags": []
        },
        {
          "ancestorTitles": ["Auth API"],
          "fullName": "Auth API rotates refresh tokens and rejects reuse of a revoked token",
          "status": "passed",
          "title": "rotates refresh tokens and rejects reuse of a revoked token",
          "duration": 439.40229999999974,
          "failureMessages": [],
          "meta": {},
          "tags": []
        },
        {
          "ancestorTitles": ["Auth API"],
          "fullName": "Auth API rejects refresh requests without a refresh cookie",
          "status": "passed",
          "title": "rejects refresh requests without a refresh cookie",
          "duration": 273.8922999999995,
          "failureMessages": [],
          "meta": {},
          "tags": []
        },
        {
          "ancestorTitles": ["Auth API"],
          "fullName": "Auth API rejects expired refresh tokens with 401",
          "status": "passed",
          "title": "rejects expired refresh tokens with 401",
          "duration": 640.0897999999997,
          "failureMessages": [],
          "meta": {},
          "tags": []
        },
        {
          "ancestorTitles": ["Auth API"],
          "fullName": "Auth API requires a valid access token for /auth/me",
          "status": "passed",
          "title": "requires a valid access token for /auth/me",
          "duration": 411.7375000000002,
          "failureMessages": [],
          "meta": {},
          "tags": []
        },
        {
          "ancestorTitles": ["Auth API"],
          "fullName": "Auth API revokes refresh tokens during logout",
          "status": "passed",
          "title": "revokes refresh tokens during logout",
          "duration": 510.22940000000017,
          "failureMessages": [],
          "meta": {},
          "tags": []
        }
      ],
      "startTime": 1775736732551,
      "endTime": 1775736736472.2295,
      "status": "passed",
      "message": "",
      "name": "C:/Users/talgatov_a/Desktop/aqa_1/server/src/test/auth.integration.test.ts"
    },
    {
      "assertionResults": [
        {
          "ancestorTitles": ["Blog API"],
          "fullName": "Blog API blocks unauthenticated post, comment, and like mutations",
          "status": "passed",
          "title": "blocks unauthenticated post, comment, and like mutations",
          "duration": 658.4953000000005,
          "failureMessages": [],
          "meta": {},
          "tags": []
        },
        {
          "ancestorTitles": ["Blog API"],
          "fullName": "Blog API allows an author to create, update, and delete their own post",
          "status": "passed",
          "title": "allows an author to create, update, and delete their own post",
          "duration": 737.5438000000004,
          "failureMessages": [],
          "meta": {},
          "tags": []
        },
        {
          "ancestorTitles": ["Blog API"],
          "fullName": "Blog API rejects create and update requests that reference missing categories or tags",
          "status": "passed",
          "title": "rejects create and update requests that reference missing categories or tags",
          "duration": 569.6332999999995,
          "failureMessages": [],
          "meta": {},
          "tags": []
        },
        {
          "ancestorTitles": ["Blog API"],
          "fullName": "Blog API prevents non-authors from managing posts while still allowing admins to moderate them",
          "status": "passed",
          "title": "prevents non-authors from managing posts while still allowing admins to moderate them",
          "duration": 1146.2294000000002,
          "failureMessages": [],
          "meta": {},
          "tags": []
        },
        {
          "ancestorTitles": ["Blog API"],
          "fullName": "Blog API validates comment content and returns 404 for missing comments",
          "status": "passed",
          "title": "validates comment content and returns 404 for missing comments",
          "duration": 842.5397999999986,
          "failureMessages": [],
          "meta": {},
          "tags": []
        },
        {
          "ancestorTitles": ["Blog API"],
          "fullName": "Blog API prevents duplicate likes and returns 404 when removing a missing like",
          "status": "passed",
          "title": "prevents duplicate likes and returns 404 when removing a missing like",
          "duration": 1150.3438999999998,
          "failureMessages": [],
          "meta": {},
          "tags": []
        },
        {
          "ancestorTitles": ["Blog API"],
          "fullName": "Blog API serializes parallel like requests into one created like and one duplicate rejection",
          "status": "passed",
          "title": "serializes parallel like requests into one created like and one duplicate rejection",
          "duration": 1351.4678999999996,
          "failureMessages": [],
          "meta": {},
          "tags": []
        },
        {
          "ancestorTitles": ["Blog API"],
          "fullName": "Blog API keeps parallel bookmark requests idempotent and persists a single bookmark record",
          "status": "passed",
          "title": "keeps parallel bookmark requests idempotent and persists a single bookmark record",
          "duration": 858.7873999999993,
          "failureMessages": [],
          "meta": {},
          "tags": []
        }
      ],
      "startTime": 1775736696284,
      "endTime": 1775736703601.7874,
      "status": "passed",
      "message": "",
      "name": "C:/Users/talgatov_a/Desktop/aqa_1/server/src/test/blog.integration.test.ts"
    },
    {
      "assertionResults": [
        {
          "ancestorTitles": ["blog.service unit logic"],
          "fullName": "blog.service unit logic falls back to published-only scope when a non-admin requests draft posts for another author",
          "status": "passed",
          "title": "falls back to published-only scope when a non-admin requests draft posts for another author",
          "duration": 484.49749999999995,
          "failureMessages": [],
          "meta": {},
          "tags": []
        }
      ],
      "startTime": 1775736775282,
      "endTime": 1775736775766.4976,
      "status": "passed",
      "message": "",
      "name": "C:/Users/talgatov_a/Desktop/aqa_1/server/src/test/blog.service.unit.test.ts"
    },
    {
      "assertionResults": [
        {
          "ancestorTitles": ["Database seed scripts"],
          "fullName": "Database seed scripts creates a deterministic demo dataset with valid relations",
          "status": "passed",
          "title": "creates a deterministic demo dataset with valid relations",
          "duration": 1283.2059999999997,
          "failureMessages": [],
          "meta": {},
          "tags": []
        },
        {
          "ancestorTitles": ["Database seed scripts"],
          "fullName": "Database seed scripts cleans all application tables without dropping the schema",
          "status": "passed",
          "title": "cleans all application tables without dropping the schema",
          "duration": 1698.4791000000005,
          "failureMessages": [],
          "meta": {},
          "tags": []
        },
        {
          "ancestorTitles": ["Database seed scripts"],
          "fullName": "Database seed scripts rejects destructive actions for production-like database names",
          "status": "passed",
          "title": "rejects destructive actions for production-like database names",
          "duration": 344.3072000000002,
          "failureMessages": [],
          "meta": {},
          "tags": []
        },
        {
          "ancestorTitles": ["Database seed scripts"],
          "fullName": "Database seed scripts reseeds deterministically when run more than once",
          "status": "passed",
          "title": "reseeds deterministically when run more than once",
          "duration": 2366.6724999999997,
          "failureMessages": [],
          "meta": {},
          "tags": []
        }
      ],
      "startTime": 1775736707721,
      "endTime": 1775736713413.6726,
      "status": "passed",
      "message": "",
      "name": "C:/Users/talgatov_a/Desktop/aqa_1/server/src/test/db-scripts.integration.test.ts"
    },
    {
      "assertionResults": [
        {
          "ancestorTitles": ["Editorial workspace API"],
          "fullName": "Editorial workspace API supports draft -> publish -> archive -> restore workflow",
          "status": "passed",
          "title": "supports draft -> publish -> archive -> restore workflow",
          "duration": 756.1646999999994,
          "failureMessages": [],
          "meta": {},
          "tags": []
        },
        {
          "ancestorTitles": ["Editorial workspace API"],
          "fullName": "Editorial workspace API returns only published posts in the public feed and supports filters",
          "status": "passed",
          "title": "returns only published posts in the public feed and supports filters",
          "duration": 1004.5594999999994,
          "failureMessages": [],
          "meta": {},
          "tags": []
        },
        {
          "ancestorTitles": ["Editorial workspace API"],
          "fullName": "Editorial workspace API allows authenticated users to bookmark and report published content",
          "status": "passed",
          "title": "allows authenticated users to bookmark and report published content",
          "duration": 1178.4427999999998,
          "failureMessages": [],
          "meta": {},
          "tags": []
        },
        {
          "ancestorTitles": ["Editorial workspace API"],
          "fullName": "Editorial workspace API rejects reports that target both entities or neither entity",
          "status": "passed",
          "title": "rejects reports that target both entities or neither entity",
          "duration": 1046.2023,
          "failureMessages": [],
          "meta": {},
          "tags": []
        },
        {
          "ancestorTitles": ["Editorial workspace API"],
          "fullName": "Editorial workspace API lets admins moderate reports and taxonomy records",
          "status": "passed",
          "title": "lets admins moderate reports and taxonomy records",
          "duration": 807.961800000001,
          "failureMessages": [],
          "meta": {},
          "tags": []
        }
      ],
      "startTime": 1775736742347,
      "endTime": 1775736747140.962,
      "status": "passed",
      "message": "",
      "name": "C:/Users/talgatov_a/Desktop/aqa_1/server/src/test/editorial.integration.test.ts"
    },
    {
      "assertionResults": [
        {
          "ancestorTitles": ["Profile and admin API"],
          "fullName": "Profile and admin API requires authentication and admin privileges for admin routes",
          "status": "passed",
          "title": "requires authentication and admin privileges for admin routes",
          "duration": 700.0768000000007,
          "failureMessages": [],
          "meta": {},
          "tags": []
        },
        {
          "ancestorTitles": ["Profile and admin API"],
          "fullName": "Profile and admin API rejects duplicate emails during profile updates",
          "status": "passed",
          "title": "rejects duplicate emails during profile updates",
          "duration": 646.3773000000001,
          "failureMessages": [],
          "meta": {},
          "tags": []
        },
        {
          "ancestorTitles": ["Profile and admin API"],
          "fullName": "Profile and admin API returns a profile summary and accepts a unique profile update",
          "status": "passed",
          "title": "returns a profile summary and accepts a unique profile update",
          "duration": 1006.7788,
          "failureMessages": [],
          "meta": {},
          "tags": []
        },
        {
          "ancestorTitles": ["Profile and admin API"],
          "fullName": "Profile and admin API uploads a valid avatar and persists the returned file path",
          "status": "passed",
          "title": "uploads a valid avatar and persists the returned file path",
          "duration": 560.3857000000007,
          "failureMessages": [],
          "meta": {},
          "tags": []
        },
        {
          "ancestorTitles": ["Profile and admin API"],
          "fullName": "Profile and admin API rejects avatar uploads with unsupported mime types",
          "status": "passed",
          "title": "rejects avatar uploads with unsupported mime types",
          "duration": 509.28389999999945,
          "failureMessages": [],
          "meta": {},
          "tags": []
        },
        {
          "ancestorTitles": ["Profile and admin API"],
          "fullName": "Profile and admin API rejects avatar uploads when no file is attached",
          "status": "passed",
          "title": "rejects avatar uploads when no file is attached",
          "duration": 638.9123999999993,
          "failureMessages": [],
          "meta": {},
          "tags": []
        },
        {
          "ancestorTitles": ["Profile and admin API"],
          "fullName": "Profile and admin API rejects avatar uploads larger than 5MB",
          "status": "passed",
          "title": "rejects avatar uploads larger than 5MB",
          "duration": 557.6744999999992,
          "failureMessages": [],
          "meta": {},
          "tags": []
        },
        {
          "ancestorTitles": ["Profile and admin API"],
          "fullName": "Profile and admin API lets admins inspect moderation data, update roles, and delete like records",
          "status": "passed",
          "title": "lets admins inspect moderation data, update roles, and delete like records",
          "duration": 945.9192999999996,
          "failureMessages": [],
          "meta": {},
          "tags": []
        },
        {
          "ancestorTitles": ["Profile and admin API"],
          "fullName": "Profile and admin API prevents deleting or demoting the last admin account",
          "status": "passed",
          "title": "prevents deleting or demoting the last admin account",
          "duration": 737.4138000000003,
          "failureMessages": [],
          "meta": {},
          "tags": []
        },
        {
          "ancestorTitles": ["Profile and admin API"],
          "fullName": "Profile and admin API allows admins to delete a non-admin user account",
          "status": "passed",
          "title": "allows admins to delete a non-admin user account",
          "duration": 614.3234000000011,
          "failureMessages": [],
          "meta": {},
          "tags": []
        }
      ],
      "startTime": 1775736719907,
      "endTime": 1775736726825.3235,
      "status": "passed",
      "message": "",
      "name": "C:/Users/talgatov_a/Desktop/aqa_1/server/src/test/profile-admin.integration.test.ts"
    },
    {
      "assertionResults": [
        {
          "ancestorTitles": ["qa reporting"],
          "fullName": "qa reporting summarizes vitest, playwright, and coverage inputs into a single QA summary",
          "status": "passed",
          "title": "summarizes vitest, playwright, and coverage inputs into a single QA summary",
          "duration": 288.48979999999983,
          "failureMessages": [],
          "meta": {},
          "tags": []
        },
        {
          "ancestorTitles": ["qa reporting"],
          "fullName": "qa reporting fails quality gates when coverage or execution outcomes fall below thresholds",
          "status": "passed",
          "title": "fails quality gates when coverage or execution outcomes fall below thresholds",
          "duration": 300.93440000000055,
          "failureMessages": [],
          "meta": {},
          "tags": []
        }
      ],
      "startTime": 1775736770835,
      "endTime": 1775736771424.9343,
      "status": "passed",
      "message": "",
      "name": "C:/Users/talgatov_a/Desktop/aqa_1/server/src/test/qa-reporting.unit.test.ts"
    },
    {
      "assertionResults": [
        {
          "ancestorTitles": ["report.service unit logic"],
          "fullName": "report.service unit logic rejects report inputs that target both entities or neither entity",
          "status": "passed",
          "title": "rejects report inputs that target both entities or neither entity",
          "duration": 512.0349000000001,
          "failureMessages": [],
          "meta": {},
          "tags": []
        }
      ],
      "startTime": 1775736779642,
      "endTime": 1775736780154.035,
      "status": "passed",
      "message": "",
      "name": "C:/Users/talgatov_a/Desktop/aqa_1/server/src/test/report.service.unit.test.ts"
    },
    {
      "assertionResults": [
        {
          "ancestorTitles": ["Security middleware"],
          "fullName": "Security middleware adds hardened response headers and omits x-powered-by",
          "status": "passed",
          "title": "adds hardened response headers and omits x-powered-by",
          "duration": 322.76890000000003,
          "failureMessages": [],
          "meta": {},
          "tags": []
        },
        {
          "ancestorTitles": ["Security middleware"],
          "fullName": "Security middleware marks auth responses as non-cacheable",
          "status": "passed",
          "title": "marks auth responses as non-cacheable",
          "duration": 599.9526999999998,
          "failureMessages": [],
          "meta": {},
          "tags": []
        },
        {
          "ancestorTitles": ["Security middleware"],
          "fullName": "Security middleware throttles repeated auth attempts per client while keeping other clients unaffected",
          "status": "passed",
          "title": "throttles repeated auth attempts per client while keeping other clients unaffected",
          "duration": 1205.3921,
          "failureMessages": [],
          "meta": {},
          "tags": []
        }
      ],
      "startTime": 1775736764084,
      "endTime": 1775736766211.392,
      "status": "passed",
      "message": "",
      "name": "C:/Users/talgatov_a/Desktop/aqa_1/server/src/test/security.integration.test.ts"
    },
    {
      "assertionResults": [
        {
          "ancestorTitles": ["Taxonomy API"],
          "fullName": "Taxonomy API lists, creates, updates, and deletes categories through the admin API",
          "status": "passed",
          "title": "lists, creates, updates, and deletes categories through the admin API",
          "duration": 1333.9409999999998,
          "failureMessages": [],
          "meta": {},
          "tags": []
        },
        {
          "ancestorTitles": ["Taxonomy API"],
          "fullName": "Taxonomy API rejects invalid category names, duplicate categories, and missing category records",
          "status": "passed",
          "title": "rejects invalid category names, duplicate categories, and missing category records",
          "duration": 819.4817999999996,
          "failureMessages": [],
          "meta": {},
          "tags": []
        },
        {
          "ancestorTitles": ["Taxonomy API"],
          "fullName": "Taxonomy API lists, creates, updates, and deletes tags through the admin API",
          "status": "passed",
          "title": "lists, creates, updates, and deletes tags through the admin API",
          "duration": 1075.351200000001,
          "failureMessages": [],
          "meta": {},
          "tags": []
        },
        {
          "ancestorTitles": ["Taxonomy API"],
          "fullName": "Taxonomy API rejects invalid tag names, duplicate tags, and missing tag records",
          "status": "passed",
          "title": "rejects invalid tag names, duplicate tags, and missing tag records",
          "duration": 1005.2366000000002,
          "failureMessages": [],
          "meta": {},
          "tags": []
        }
      ],
      "startTime": 1775736753368,
      "endTime": 1775736757603.2366,
      "status": "passed",
      "message": "",
      "name": "C:/Users/talgatov_a/Desktop/aqa_1/server/src/test/taxonomy.integration.test.ts"
    }
  ],
  "coverageMap": {
    "C:\\Users\\talgatov_a\\Desktop\\aqa_1\\server\\src\\controllers\\comment.controller.ts": {
      "path": "C:\\Users\\talgatov_a\\Desktop\\aqa_1\\server\\src\\controllers\\comment.controller.ts",
      "statementMap": {
        "0": { "start": { "line": 5, "column": 13 }, "end": { "line": 9, "column": null } },
        "1": { "start": { "line": 6, "column": 2 }, "end": { "line": 8, "column": null } },
        "2": { "start": { "line": 11, "column": 13 }, "end": { "line": 14, "column": null } },
        "3": { "start": { "line": 12, "column": 2 }, "end": { "line": 12, "column": null } },
        "4": { "start": { "line": 13, "column": 2 }, "end": { "line": 13, "column": null } }
      },
      "fnMap": {
        "0": {
          "name": "(anonymous_0)",
          "decl": { "start": { "line": 5, "column": 42 }, "end": { "line": 5, "column": 49 } },
          "loc": { "start": { "line": 5, "column": 90 }, "end": { "line": 9, "column": 1 } },
          "line": 5
        },
        "1": {
          "name": "(anonymous_1)",
          "decl": { "start": { "line": 11, "column": 42 }, "end": { "line": 11, "column": 49 } },
          "loc": { "start": { "line": 11, "column": 90 }, "end": { "line": 14, "column": 1 } },
          "line": 11
        }
      },
      "branchMap": {},
      "s": { "0": 6, "1": 6, "2": 6, "3": 1, "4": 0 },
      "f": { "0": 6, "1": 1 },
      "b": {},
      "meta": {
        "lastBranch": 0,
        "lastFunction": 2,
        "lastStatement": 5,
        "seen": {
          "s:5:13:9:Infinity": 0,
          "f:5:42:5:49": 0,
          "s:6:2:8:Infinity": 1,
          "s:11:13:14:Infinity": 2,
          "f:11:42:11:49": 1,
          "s:12:2:12:Infinity": 3,
          "s:13:2:13:Infinity": 4
        }
      }
    },
    "C:\\Users\\talgatov_a\\Desktop\\aqa_1\\server\\src\\controllers\\like.controller.ts": {
      "path": "C:\\Users\\talgatov_a\\Desktop\\aqa_1\\server\\src\\controllers\\like.controller.ts",
      "statementMap": {
        "0": { "start": { "line": 5, "column": 13 }, "end": { "line": 9, "column": null } },
        "1": { "start": { "line": 6, "column": 2 }, "end": { "line": 8, "column": null } },
        "2": { "start": { "line": 11, "column": 13 }, "end": { "line": 14, "column": null } },
        "3": { "start": { "line": 12, "column": 2 }, "end": { "line": 12, "column": null } },
        "4": { "start": { "line": 13, "column": 2 }, "end": { "line": 13, "column": null } }
      },
      "fnMap": {
        "0": {
          "name": "(anonymous_0)",
          "decl": { "start": { "line": 5, "column": 37 }, "end": { "line": 5, "column": 44 } },
          "loc": { "start": { "line": 5, "column": 85 }, "end": { "line": 9, "column": 1 } },
          "line": 5
        },
        "1": {
          "name": "(anonymous_1)",
          "decl": { "start": { "line": 11, "column": 39 }, "end": { "line": 11, "column": 46 } },
          "loc": { "start": { "line": 11, "column": 87 }, "end": { "line": 14, "column": 1 } },
          "line": 11
        }
      },
      "branchMap": {},
      "s": { "0": 6, "1": 5, "2": 6, "3": 2, "4": 1 },
      "f": { "0": 5, "1": 2 },
      "b": {},
      "meta": {
        "lastBranch": 0,
        "lastFunction": 2,
        "lastStatement": 5,
        "seen": {
          "s:5:13:9:Infinity": 0,
          "f:5:37:5:44": 0,
          "s:6:2:8:Infinity": 1,
          "s:11:13:14:Infinity": 2,
          "f:11:39:11:46": 1,
          "s:12:2:12:Infinity": 3,
          "s:13:2:13:Infinity": 4
        }
      }
    },
    "C:\\Users\\talgatov_a\\Desktop\\aqa_1\\server\\src\\controllers\\auth.controller.ts": {
      "path": "C:\\Users\\talgatov_a\\Desktop\\aqa_1\\server\\src\\controllers\\auth.controller.ts",
      "statementMap": {
        "0": { "start": { "line": 10, "column": 24 }, "end": { "line": 13, "column": null } },
        "1": { "start": { "line": 10, "column": 85 }, "end": { "line": 13, "column": null } },
        "2": { "start": { "line": 15, "column": 13 }, "end": { "line": 19, "column": null } },
        "3": { "start": { "line": 16, "column": 18 }, "end": { "line": 16, "column": null } },
        "4": { "start": { "line": 17, "column": 2 }, "end": { "line": 17, "column": null } },
        "5": { "start": { "line": 18, "column": 2 }, "end": { "line": 18, "column": null } },
        "6": { "start": { "line": 21, "column": 13 }, "end": { "line": 25, "column": null } },
        "7": { "start": { "line": 22, "column": 18 }, "end": { "line": 22, "column": null } },
        "8": { "start": { "line": 23, "column": 2 }, "end": { "line": 23, "column": null } },
        "9": { "start": { "line": 24, "column": 2 }, "end": { "line": 24, "column": null } },
        "10": { "start": { "line": 27, "column": 13 }, "end": { "line": 31, "column": null } },
        "11": { "start": { "line": 28, "column": 18 }, "end": { "line": 28, "column": null } },
        "12": { "start": { "line": 29, "column": 2 }, "end": { "line": 29, "column": null } },
        "13": { "start": { "line": 30, "column": 2 }, "end": { "line": 30, "column": null } },
        "14": { "start": { "line": 33, "column": 13 }, "end": { "line": 37, "column": null } },
        "15": { "start": { "line": 34, "column": 2 }, "end": { "line": 34, "column": null } },
        "16": { "start": { "line": 35, "column": 2 }, "end": { "line": 35, "column": null } },
        "17": { "start": { "line": 36, "column": 2 }, "end": { "line": 36, "column": null } },
        "18": { "start": { "line": 39, "column": 13 }, "end": { "line": 41, "column": null } },
        "19": { "start": { "line": 40, "column": 2 }, "end": { "line": 40, "column": null } }
      },
      "fnMap": {
        "0": {
          "name": "(anonymous_0)",
          "decl": { "start": { "line": 10, "column": 24 }, "end": { "line": 10, "column": 25 } },
          "loc": { "start": { "line": 10, "column": 85 }, "end": { "line": 13, "column": null } },
          "line": 10
        },
        "1": {
          "name": "(anonymous_1)",
          "decl": { "start": { "line": 15, "column": 37 }, "end": { "line": 15, "column": 44 } },
          "loc": { "start": { "line": 15, "column": 85 }, "end": { "line": 19, "column": 1 } },
          "line": 15
        },
        "2": {
          "name": "(anonymous_2)",
          "decl": { "start": { "line": 21, "column": 34 }, "end": { "line": 21, "column": 41 } },
          "loc": { "start": { "line": 21, "column": 82 }, "end": { "line": 25, "column": 1 } },
          "line": 21
        },
        "3": {
          "name": "(anonymous_3)",
          "decl": { "start": { "line": 27, "column": 36 }, "end": { "line": 27, "column": 43 } },
          "loc": { "start": { "line": 27, "column": 84 }, "end": { "line": 31, "column": 1 } },
          "line": 27
        },
        "4": {
          "name": "(anonymous_4)",
          "decl": { "start": { "line": 33, "column": 35 }, "end": { "line": 33, "column": 42 } },
          "loc": { "start": { "line": 33, "column": 83 }, "end": { "line": 37, "column": 1 } },
          "line": 33
        },
        "5": {
          "name": "(anonymous_5)",
          "decl": { "start": { "line": 39, "column": 31 }, "end": { "line": 39, "column": 38 } },
          "loc": { "start": { "line": 39, "column": 79 }, "end": { "line": 41, "column": 1 } },
          "line": 39
        }
      },
      "branchMap": {
        "0": {
          "loc": { "start": { "line": 28, "column": 36 }, "end": { "line": 28, "column": 85 } },
          "type": "binary-expr",
          "locations": [
            { "start": { "line": 28, "column": 36 }, "end": { "line": 28, "column": 83 } },
            { "start": { "line": 28, "column": 83 }, "end": { "line": 28, "column": 85 } }
          ],
          "line": 28
        },
        "1": {
          "loc": { "start": { "line": 34, "column": 20 }, "end": { "line": 34, "column": 68 } },
          "type": "binary-expr",
          "locations": [
            { "start": { "line": 34, "column": 20 }, "end": { "line": 34, "column": 66 } },
            { "start": { "line": 34, "column": 66 }, "end": { "line": 34, "column": 68 } }
          ],
          "line": 34
        }
      },
      "s": {
        "0": 6,
        "1": 50,
        "2": 6,
        "3": 49,
        "4": 48,
        "5": 48,
        "6": 6,
        "7": 8,
        "8": 1,
        "9": 1,
        "10": 6,
        "11": 5,
        "12": 1,
        "13": 1,
        "14": 6,
        "15": 1,
        "16": 1,
        "17": 1,
        "18": 6,
        "19": 1
      },
      "f": { "0": 50, "1": 49, "2": 8, "3": 5, "4": 1, "5": 1 },
      "b": { "0": [5, 1], "1": [1, 0] },
      "meta": {
        "lastBranch": 2,
        "lastFunction": 6,
        "lastStatement": 20,
        "seen": {
          "s:10:24:13:Infinity": 0,
          "f:10:24:10:25": 0,
          "s:10:85:13:Infinity": 1,
          "s:15:13:19:Infinity": 2,
          "f:15:37:15:44": 1,
          "s:16:18:16:Infinity": 3,
          "s:17:2:17:Infinity": 4,
          "s:18:2:18:Infinity": 5,
          "s:21:13:25:Infinity": 6,
          "f:21:34:21:41": 2,
          "s:22:18:22:Infinity": 7,
          "s:23:2:23:Infinity": 8,
          "s:24:2:24:Infinity": 9,
          "s:27:13:31:Infinity": 10,
          "f:27:36:27:43": 3,
          "s:28:18:28:Infinity": 11,
          "b:28:36:28:83:28:83:28:85": 0,
          "s:29:2:29:Infinity": 12,
          "s:30:2:30:Infinity": 13,
          "s:33:13:37:Infinity": 14,
          "f:33:35:33:42": 4,
          "s:34:2:34:Infinity": 15,
          "b:34:20:34:66:34:66:34:68": 1,
          "s:35:2:35:Infinity": 16,
          "s:36:2:36:Infinity": 17,
          "s:39:13:41:Infinity": 18,
          "f:39:31:39:38": 5,
          "s:40:2:40:Infinity": 19
        }
      }
    },
    "C:\\Users\\talgatov_a\\Desktop\\aqa_1\\server\\src\\controllers\\profile.controller.ts": {
      "path": "C:\\Users\\talgatov_a\\Desktop\\aqa_1\\server\\src\\controllers\\profile.controller.ts",
      "statementMap": {
        "0": { "start": { "line": 6, "column": 13 }, "end": { "line": 8, "column": null } },
        "1": { "start": { "line": 7, "column": 2 }, "end": { "line": 7, "column": null } },
        "2": { "start": { "line": 10, "column": 13 }, "end": { "line": 12, "column": null } },
        "3": { "start": { "line": 11, "column": 2 }, "end": { "line": 11, "column": null } },
        "4": { "start": { "line": 14, "column": 13 }, "end": { "line": 21, "column": null } },
        "5": { "start": { "line": 15, "column": 2 }, "end": { "line": 17, "column": null } },
        "6": { "start": { "line": 16, "column": 4 }, "end": { "line": 16, "column": null } },
        "7": { "start": { "line": 19, "column": 20 }, "end": { "line": 19, "column": null } },
        "8": { "start": { "line": 20, "column": 2 }, "end": { "line": 20, "column": null } }
      },
      "fnMap": {
        "0": {
          "name": "(anonymous_0)",
          "decl": { "start": { "line": 6, "column": 39 }, "end": { "line": 6, "column": 46 } },
          "loc": { "start": { "line": 6, "column": 87 }, "end": { "line": 8, "column": 1 } },
          "line": 6
        },
        "1": {
          "name": "(anonymous_1)",
          "decl": { "start": { "line": 10, "column": 42 }, "end": { "line": 10, "column": 49 } },
          "loc": { "start": { "line": 10, "column": 90 }, "end": { "line": 12, "column": 1 } },
          "line": 10
        },
        "2": {
          "name": "(anonymous_2)",
          "decl": { "start": { "line": 14, "column": 41 }, "end": { "line": 14, "column": 48 } },
          "loc": { "start": { "line": 14, "column": 89 }, "end": { "line": 21, "column": 1 } },
          "line": 14
        }
      },
      "branchMap": {
        "0": {
          "loc": { "start": { "line": 15, "column": 2 }, "end": { "line": 17, "column": null } },
          "type": "if",
          "locations": [
            { "start": { "line": 15, "column": 2 }, "end": { "line": 17, "column": null } },
            { "start": {}, "end": {} }
          ],
          "line": 15
        }
      },
      "s": { "0": 6, "1": 1, "2": 6, "3": 2, "4": 6, "5": 2, "6": 1, "7": 1, "8": 1 },
      "f": { "0": 1, "1": 2, "2": 2 },
      "b": { "0": [1, 1] },
      "meta": {
        "lastBranch": 1,
        "lastFunction": 3,
        "lastStatement": 9,
        "seen": {
          "s:6:13:8:Infinity": 0,
          "f:6:39:6:46": 0,
          "s:7:2:7:Infinity": 1,
          "s:10:13:12:Infinity": 2,
          "f:10:42:10:49": 1,
          "s:11:2:11:Infinity": 3,
          "s:14:13:21:Infinity": 4,
          "f:14:41:14:48": 2,
          "b:15:2:17:Infinity:undefined:undefined:undefined:undefined": 0,
          "s:15:2:17:Infinity": 5,
          "s:16:4:16:Infinity": 6,
          "s:19:20:19:Infinity": 7,
          "s:20:2:20:Infinity": 8
        }
      }
    },
    "C:\\Users\\talgatov_a\\Desktop\\aqa_1\\server\\src\\controllers\\admin.controller.ts": {
      "path": "C:\\Users\\talgatov_a\\Desktop\\aqa_1\\server\\src\\controllers\\admin.controller.ts",
      "statementMap": {
        "0": { "start": { "line": 6, "column": 13 }, "end": { "line": 8, "column": null } },
        "1": { "start": { "line": 7, "column": 2 }, "end": { "line": 7, "column": null } },
        "2": { "start": { "line": 10, "column": 13 }, "end": { "line": 14, "column": null } },
        "3": { "start": { "line": 11, "column": 2 }, "end": { "line": 13, "column": null } },
        "4": { "start": { "line": 16, "column": 13 }, "end": { "line": 19, "column": null } },
        "5": { "start": { "line": 17, "column": 2 }, "end": { "line": 17, "column": null } },
        "6": { "start": { "line": 18, "column": 2 }, "end": { "line": 18, "column": null } },
        "7": { "start": { "line": 21, "column": 13 }, "end": { "line": 23, "column": null } },
        "8": { "start": { "line": 22, "column": 2 }, "end": { "line": 22, "column": null } },
        "9": { "start": { "line": 25, "column": 13 }, "end": { "line": 27, "column": null } },
        "10": { "start": { "line": 26, "column": 2 }, "end": { "line": 26, "column": null } },
        "11": { "start": { "line": 29, "column": 13 }, "end": { "line": 32, "column": null } },
        "12": { "start": { "line": 30, "column": 2 }, "end": { "line": 30, "column": null } },
        "13": { "start": { "line": 31, "column": 2 }, "end": { "line": 31, "column": null } },
        "14": { "start": { "line": 34, "column": 13 }, "end": { "line": 36, "column": null } },
        "15": { "start": { "line": 35, "column": 2 }, "end": { "line": 35, "column": null } },
        "16": { "start": { "line": 38, "column": 13 }, "end": { "line": 41, "column": null } },
        "17": { "start": { "line": 39, "column": 2 }, "end": { "line": 39, "column": null } },
        "18": { "start": { "line": 40, "column": 2 }, "end": { "line": 40, "column": null } },
        "19": { "start": { "line": 43, "column": 13 }, "end": { "line": 45, "column": null } },
        "20": { "start": { "line": 44, "column": 2 }, "end": { "line": 44, "column": null } },
        "21": { "start": { "line": 47, "column": 13 }, "end": { "line": 50, "column": null } },
        "22": { "start": { "line": 48, "column": 2 }, "end": { "line": 48, "column": null } },
        "23": { "start": { "line": 49, "column": 2 }, "end": { "line": 49, "column": null } }
      },
      "fnMap": {
        "0": {
          "name": "(anonymous_0)",
          "decl": { "start": { "line": 6, "column": 43 }, "end": { "line": 6, "column": 50 } },
          "loc": { "start": { "line": 6, "column": 91 }, "end": { "line": 8, "column": 1 } },
          "line": 6
        },
        "1": {
          "name": "(anonymous_1)",
          "decl": { "start": { "line": 10, "column": 44 }, "end": { "line": 10, "column": 51 } },
          "loc": { "start": { "line": 10, "column": 92 }, "end": { "line": 14, "column": 1 } },
          "line": 10
        },
        "2": {
          "name": "(anonymous_2)",
          "decl": { "start": { "line": 16, "column": 44 }, "end": { "line": 16, "column": 51 } },
          "loc": { "start": { "line": 16, "column": 92 }, "end": { "line": 19, "column": 1 } },
          "line": 16
        },
        "3": {
          "name": "(anonymous_3)",
          "decl": { "start": { "line": 21, "column": 43 }, "end": { "line": 21, "column": 50 } },
          "loc": { "start": { "line": 21, "column": 92 }, "end": { "line": 23, "column": 1 } },
          "line": 21
        },
        "4": {
          "name": "(anonymous_4)",
          "decl": { "start": { "line": 25, "column": 48 }, "end": { "line": 25, "column": 55 } },
          "loc": { "start": { "line": 25, "column": 96 }, "end": { "line": 27, "column": 1 } },
          "line": 25
        },
        "5": {
          "name": "(anonymous_5)",
          "decl": { "start": { "line": 29, "column": 44 }, "end": { "line": 29, "column": 51 } },
          "loc": { "start": { "line": 29, "column": 92 }, "end": { "line": 32, "column": 1 } },
          "line": 29
        },
        "6": {
          "name": "(anonymous_6)",
          "decl": { "start": { "line": 34, "column": 46 }, "end": { "line": 34, "column": 53 } },
          "loc": { "start": { "line": 34, "column": 95 }, "end": { "line": 36, "column": 1 } },
          "line": 34
        },
        "7": {
          "name": "(anonymous_7)",
          "decl": { "start": { "line": 38, "column": 47 }, "end": { "line": 38, "column": 54 } },
          "loc": { "start": { "line": 38, "column": 95 }, "end": { "line": 41, "column": 1 } },
          "line": 38
        },
        "8": {
          "name": "(anonymous_8)",
          "decl": { "start": { "line": 43, "column": 43 }, "end": { "line": 43, "column": 50 } },
          "loc": { "start": { "line": 43, "column": 92 }, "end": { "line": 45, "column": 1 } },
          "line": 43
        },
        "9": {
          "name": "(anonymous_9)",
          "decl": { "start": { "line": 47, "column": 44 }, "end": { "line": 47, "column": 51 } },
          "loc": { "start": { "line": 47, "column": 92 }, "end": { "line": 50, "column": 1 } },
          "line": 47
        }
      },
      "branchMap": {},
      "s": {
        "0": 6,
        "1": 1,
        "2": 6,
        "3": 0,
        "4": 6,
        "5": 0,
        "6": 0,
        "7": 6,
        "8": 2,
        "9": 6,
        "10": 2,
        "11": 6,
        "12": 2,
        "13": 1,
        "14": 6,
        "15": 1,
        "16": 6,
        "17": 0,
        "18": 0,
        "19": 6,
        "20": 1,
        "21": 6,
        "22": 1,
        "23": 1
      },
      "f": { "0": 1, "1": 0, "2": 0, "3": 2, "4": 2, "5": 2, "6": 1, "7": 0, "8": 1, "9": 1 },
      "b": {},
      "meta": {
        "lastBranch": 0,
        "lastFunction": 10,
        "lastStatement": 24,
        "seen": {
          "s:6:13:8:Infinity": 0,
          "f:6:43:6:50": 0,
          "s:7:2:7:Infinity": 1,
          "s:10:13:14:Infinity": 2,
          "f:10:44:10:51": 1,
          "s:11:2:13:Infinity": 3,
          "s:16:13:19:Infinity": 4,
          "f:16:44:16:51": 2,
          "s:17:2:17:Infinity": 5,
          "s:18:2:18:Infinity": 6,
          "s:21:13:23:Infinity": 7,
          "f:21:43:21:50": 3,
          "s:22:2:22:Infinity": 8,
          "s:25:13:27:Infinity": 9,
          "f:25:48:25:55": 4,
          "s:26:2:26:Infinity": 10,
          "s:29:13:32:Infinity": 11,
          "f:29:44:29:51": 5,
          "s:30:2:30:Infinity": 12,
          "s:31:2:31:Infinity": 13,
          "s:34:13:36:Infinity": 14,
          "f:34:46:34:53": 6,
          "s:35:2:35:Infinity": 15,
          "s:38:13:41:Infinity": 16,
          "f:38:47:38:54": 7,
          "s:39:2:39:Infinity": 17,
          "s:40:2:40:Infinity": 18,
          "s:43:13:45:Infinity": 19,
          "f:43:43:43:50": 8,
          "s:44:2:44:Infinity": 20,
          "s:47:13:50:Infinity": 21,
          "f:47:44:47:51": 9,
          "s:48:2:48:Infinity": 22,
          "s:49:2:49:Infinity": 23
        }
      }
    },
    "C:\\Users\\talgatov_a\\Desktop\\aqa_1\\server\\src\\controllers\\report.controller.ts": {
      "path": "C:\\Users\\talgatov_a\\Desktop\\aqa_1\\server\\src\\controllers\\report.controller.ts",
      "statementMap": {
        "0": { "start": { "line": 5, "column": 13 }, "end": { "line": 7, "column": null } },
        "1": { "start": { "line": 6, "column": 2 }, "end": { "line": 6, "column": null } },
        "2": { "start": { "line": 9, "column": 13 }, "end": { "line": 15, "column": null } },
        "3": { "start": { "line": 10, "column": 2 }, "end": { "line": 14, "column": null } },
        "4": { "start": { "line": 17, "column": 13 }, "end": { "line": 21, "column": null } },
        "5": { "start": { "line": 18, "column": 2 }, "end": { "line": 20, "column": null } }
      },
      "fnMap": {
        "0": {
          "name": "(anonymous_0)",
          "decl": { "start": { "line": 5, "column": 41 }, "end": { "line": 5, "column": 48 } },
          "loc": { "start": { "line": 5, "column": 89 }, "end": { "line": 7, "column": 1 } },
          "line": 5
        },
        "1": {
          "name": "(anonymous_1)",
          "decl": { "start": { "line": 9, "column": 45 }, "end": { "line": 9, "column": 52 } },
          "loc": { "start": { "line": 9, "column": 93 }, "end": { "line": 15, "column": 1 } },
          "line": 9
        },
        "2": {
          "name": "(anonymous_2)",
          "decl": { "start": { "line": 17, "column": 46 }, "end": { "line": 17, "column": 53 } },
          "loc": { "start": { "line": 17, "column": 94 }, "end": { "line": 21, "column": 1 } },
          "line": 17
        }
      },
      "branchMap": {
        "0": {
          "loc": { "start": { "line": 12, "column": 14 }, "end": { "line": 12, "column": null } },
          "type": "cond-expr",
          "locations": [
            { "start": { "line": 12, "column": 57 }, "end": { "line": 12, "column": 80 } },
            { "start": { "line": 12, "column": 80 }, "end": { "line": 12, "column": null } }
          ],
          "line": 12
        }
      },
      "s": { "0": 6, "1": 5, "2": 6, "3": 1, "4": 6, "5": 1 },
      "f": { "0": 5, "1": 1, "2": 1 },
      "b": { "0": [0, 1] },
      "meta": {
        "lastBranch": 1,
        "lastFunction": 3,
        "lastStatement": 6,
        "seen": {
          "s:5:13:7:Infinity": 0,
          "f:5:41:5:48": 0,
          "s:6:2:6:Infinity": 1,
          "s:9:13:15:Infinity": 2,
          "f:9:45:9:52": 1,
          "s:10:2:14:Infinity": 3,
          "b:12:57:12:80:12:80:12:Infinity": 0,
          "s:17:13:21:Infinity": 4,
          "f:17:46:17:53": 2,
          "s:18:2:20:Infinity": 5
        }
      }
    },
    "C:\\Users\\talgatov_a\\Desktop\\aqa_1\\server\\src\\controllers\\taxonomy.controller.ts": {
      "path": "C:\\Users\\talgatov_a\\Desktop\\aqa_1\\server\\src\\controllers\\taxonomy.controller.ts",
      "statementMap": {
        "0": { "start": { "line": 5, "column": 13 }, "end": { "line": 7, "column": null } },
        "1": { "start": { "line": 6, "column": 2 }, "end": { "line": 6, "column": null } },
        "2": { "start": { "line": 9, "column": 13 }, "end": { "line": 11, "column": null } },
        "3": { "start": { "line": 10, "column": 2 }, "end": { "line": 10, "column": null } },
        "4": { "start": { "line": 13, "column": 13 }, "end": { "line": 15, "column": null } },
        "5": { "start": { "line": 14, "column": 2 }, "end": { "line": 14, "column": null } },
        "6": { "start": { "line": 17, "column": 13 }, "end": { "line": 19, "column": null } },
        "7": { "start": { "line": 18, "column": 2 }, "end": { "line": 18, "column": null } },
        "8": { "start": { "line": 21, "column": 13 }, "end": { "line": 24, "column": null } },
        "9": { "start": { "line": 22, "column": 2 }, "end": { "line": 22, "column": null } },
        "10": { "start": { "line": 23, "column": 2 }, "end": { "line": 23, "column": null } },
        "11": { "start": { "line": 26, "column": 13 }, "end": { "line": 28, "column": null } },
        "12": { "start": { "line": 27, "column": 2 }, "end": { "line": 27, "column": null } },
        "13": { "start": { "line": 30, "column": 13 }, "end": { "line": 32, "column": null } },
        "14": { "start": { "line": 31, "column": 2 }, "end": { "line": 31, "column": null } },
        "15": { "start": { "line": 34, "column": 13 }, "end": { "line": 37, "column": null } },
        "16": { "start": { "line": 35, "column": 2 }, "end": { "line": 35, "column": null } },
        "17": { "start": { "line": 36, "column": 2 }, "end": { "line": 36, "column": null } }
      },
      "fnMap": {
        "0": {
          "name": "(anonymous_0)",
          "decl": { "start": { "line": 5, "column": 43 }, "end": { "line": 5, "column": 50 } },
          "loc": { "start": { "line": 5, "column": 92 }, "end": { "line": 7, "column": 1 } },
          "line": 5
        },
        "1": {
          "name": "(anonymous_1)",
          "decl": { "start": { "line": 9, "column": 37 }, "end": { "line": 9, "column": 44 } },
          "loc": { "start": { "line": 9, "column": 86 }, "end": { "line": 11, "column": 1 } },
          "line": 9
        },
        "2": {
          "name": "(anonymous_2)",
          "decl": { "start": { "line": 13, "column": 43 }, "end": { "line": 13, "column": 50 } },
          "loc": { "start": { "line": 13, "column": 91 }, "end": { "line": 15, "column": 1 } },
          "line": 13
        },
        "3": {
          "name": "(anonymous_3)",
          "decl": { "start": { "line": 17, "column": 43 }, "end": { "line": 17, "column": 50 } },
          "loc": { "start": { "line": 17, "column": 91 }, "end": { "line": 19, "column": 1 } },
          "line": 17
        },
        "4": {
          "name": "(anonymous_4)",
          "decl": { "start": { "line": 21, "column": 43 }, "end": { "line": 21, "column": 50 } },
          "loc": { "start": { "line": 21, "column": 91 }, "end": { "line": 24, "column": 1 } },
          "line": 21
        },
        "5": {
          "name": "(anonymous_5)",
          "decl": { "start": { "line": 26, "column": 38 }, "end": { "line": 26, "column": 45 } },
          "loc": { "start": { "line": 26, "column": 86 }, "end": { "line": 28, "column": 1 } },
          "line": 26
        },
        "6": {
          "name": "(anonymous_6)",
          "decl": { "start": { "line": 30, "column": 38 }, "end": { "line": 30, "column": 45 } },
          "loc": { "start": { "line": 30, "column": 86 }, "end": { "line": 32, "column": 1 } },
          "line": 30
        },
        "7": {
          "name": "(anonymous_7)",
          "decl": { "start": { "line": 34, "column": 38 }, "end": { "line": 34, "column": 45 } },
          "loc": { "start": { "line": 34, "column": 86 }, "end": { "line": 37, "column": 1 } },
          "line": 34
        }
      },
      "branchMap": {},
      "s": {
        "0": 6,
        "1": 2,
        "2": 6,
        "3": 2,
        "4": 6,
        "5": 7,
        "6": 6,
        "7": 2,
        "8": 6,
        "9": 3,
        "10": 2,
        "11": 6,
        "12": 7,
        "13": 6,
        "14": 2,
        "15": 6,
        "16": 3,
        "17": 2
      },
      "f": { "0": 2, "1": 2, "2": 7, "3": 2, "4": 3, "5": 7, "6": 2, "7": 3 },
      "b": {},
      "meta": {
        "lastBranch": 0,
        "lastFunction": 8,
        "lastStatement": 18,
        "seen": {
          "s:5:13:7:Infinity": 0,
          "f:5:43:5:50": 0,
          "s:6:2:6:Infinity": 1,
          "s:9:13:11:Infinity": 2,
          "f:9:37:9:44": 1,
          "s:10:2:10:Infinity": 3,
          "s:13:13:15:Infinity": 4,
          "f:13:43:13:50": 2,
          "s:14:2:14:Infinity": 5,
          "s:17:13:19:Infinity": 6,
          "f:17:43:17:50": 3,
          "s:18:2:18:Infinity": 7,
          "s:21:13:24:Infinity": 8,
          "f:21:43:21:50": 4,
          "s:22:2:22:Infinity": 9,
          "s:23:2:23:Infinity": 10,
          "s:26:13:28:Infinity": 11,
          "f:26:38:26:45": 5,
          "s:27:2:27:Infinity": 12,
          "s:30:13:32:Infinity": 13,
          "f:30:38:30:45": 6,
          "s:31:2:31:Infinity": 14,
          "s:34:13:37:Infinity": 15,
          "f:34:38:34:45": 7,
          "s:35:2:35:Infinity": 16,
          "s:36:2:36:Infinity": 17
        }
      }
    },
    "C:\\Users\\talgatov_a\\Desktop\\aqa_1\\server\\src\\middleware\\authenticate.ts": {
      "path": "C:\\Users\\talgatov_a\\Desktop\\aqa_1\\server\\src\\middleware\\authenticate.ts",
      "statementMap": {
        "0": { "start": { "line": 7, "column": 28 }, "end": { "line": 15, "column": null } },
        "1": { "start": { "line": 8, "column": 24 }, "end": { "line": 8, "column": null } },
        "2": { "start": { "line": 10, "column": 2 }, "end": { "line": 12, "column": null } },
        "3": { "start": { "line": 11, "column": 4 }, "end": { "line": 11, "column": null } },
        "4": { "start": { "line": 14, "column": 2 }, "end": { "line": 14, "column": null } },
        "5": { "start": { "line": 17, "column": 20 }, "end": { "line": 29, "column": null } },
        "6": { "start": { "line": 18, "column": 16 }, "end": { "line": 18, "column": null } },
        "7": { "start": { "line": 20, "column": 2 }, "end": { "line": 22, "column": null } },
        "8": { "start": { "line": 21, "column": 4 }, "end": { "line": 21, "column": null } },
        "9": { "start": { "line": 24, "column": 8 }, "end": { "line": 24, "column": null } },
        "10": { "start": { "line": 25, "column": 25 }, "end": { "line": 25, "column": null } },
        "11": { "start": { "line": 26, "column": 15 }, "end": { "line": 26, "column": null } },
        "12": { "start": { "line": 28, "column": 2 }, "end": { "line": 28, "column": null } },
        "13": { "start": { "line": 31, "column": 35 }, "end": { "line": 43, "column": null } },
        "14": { "start": { "line": 36, "column": 2 }, "end": { "line": 42, "column": null } },
        "15": { "start": { "line": 37, "column": 4 }, "end": { "line": 37, "column": null } },
        "16": { "start": { "line": 38, "column": 4 }, "end": { "line": 38, "column": null } },
        "17": { "start": { "line": 40, "column": 4 }, "end": { "line": 40, "column": null } },
        "18": { "start": { "line": 41, "column": 4 }, "end": { "line": 41, "column": null } },
        "19": { "start": { "line": 45, "column": 28 }, "end": { "line": 59, "column": null } },
        "20": { "start": { "line": 46, "column": 2 }, "end": { "line": 58, "column": null } },
        "21": { "start": { "line": 47, "column": 17 }, "end": { "line": 47, "column": null } },
        "22": { "start": { "line": 49, "column": 4 }, "end": { "line": 52, "column": null } },
        "23": { "start": { "line": 50, "column": 6 }, "end": { "line": 50, "column": null } },
        "24": { "start": { "line": 51, "column": 6 }, "end": { "line": 51, "column": null } },
        "25": { "start": { "line": 54, "column": 4 }, "end": { "line": 54, "column": null } },
        "26": { "start": { "line": 55, "column": 4 }, "end": { "line": 55, "column": null } },
        "27": { "start": { "line": 57, "column": 4 }, "end": { "line": 57, "column": null } },
        "28": { "start": { "line": 61, "column": 28 }, "end": { "line": 68, "column": null } },
        "29": { "start": { "line": 62, "column": 2 }, "end": { "line": 65, "column": null } },
        "30": { "start": { "line": 63, "column": 4 }, "end": { "line": 63, "column": null } },
        "31": { "start": { "line": 64, "column": 4 }, "end": { "line": 64, "column": null } },
        "32": { "start": { "line": 67, "column": 2 }, "end": { "line": 67, "column": null } }
      },
      "fnMap": {
        "0": {
          "name": "(anonymous_0)",
          "decl": { "start": { "line": 7, "column": 28 }, "end": { "line": 7, "column": 29 } },
          "loc": { "start": { "line": 7, "column": 50 }, "end": { "line": 15, "column": null } },
          "line": 7
        },
        "1": {
          "name": "(anonymous_1)",
          "decl": { "start": { "line": 17, "column": 20 }, "end": { "line": 17, "column": 27 } },
          "loc": { "start": { "line": 17, "column": 48 }, "end": { "line": 29, "column": null } },
          "line": 17
        },
        "2": {
          "name": "(anonymous_2)",
          "decl": { "start": { "line": 31, "column": 35 }, "end": { "line": 31, "column": null } },
          "loc": { "start": { "line": 35, "column": 5 }, "end": { "line": 43, "column": null } },
          "line": 35
        },
        "3": {
          "name": "(anonymous_3)",
          "decl": { "start": { "line": 45, "column": 28 }, "end": { "line": 45, "column": 35 } },
          "loc": { "start": { "line": 45, "column": 96 }, "end": { "line": 59, "column": null } },
          "line": 45
        },
        "4": {
          "name": "(anonymous_4)",
          "decl": { "start": { "line": 61, "column": 28 }, "end": { "line": 61, "column": 29 } },
          "loc": { "start": { "line": 61, "column": 90 }, "end": { "line": 68, "column": null } },
          "line": 61
        }
      },
      "branchMap": {
        "0": {
          "loc": { "start": { "line": 10, "column": 2 }, "end": { "line": 12, "column": null } },
          "type": "if",
          "locations": [
            { "start": { "line": 10, "column": 2 }, "end": { "line": 12, "column": null } },
            { "start": {}, "end": {} }
          ],
          "line": 10
        },
        "1": {
          "loc": { "start": { "line": 20, "column": 2 }, "end": { "line": 22, "column": null } },
          "type": "if",
          "locations": [
            { "start": { "line": 20, "column": 2 }, "end": { "line": 22, "column": null } },
            { "start": {}, "end": {} }
          ],
          "line": 20
        },
        "2": {
          "loc": { "start": { "line": 28, "column": 9 }, "end": { "line": 28, "column": null } },
          "type": "cond-expr",
          "locations": [
            { "start": { "line": 28, "column": 9 }, "end": { "line": 28, "column": 38 } },
            { "start": { "line": 28, "column": 38 }, "end": { "line": 28, "column": null } }
          ],
          "line": 28
        },
        "3": {
          "loc": { "start": { "line": 37, "column": 20 }, "end": { "line": 37, "column": null } },
          "type": "binary-expr",
          "locations": [
            { "start": { "line": 37, "column": 20 }, "end": { "line": 37, "column": 51 } },
            { "start": { "line": 37, "column": 51 }, "end": { "line": 37, "column": null } }
          ],
          "line": 37
        },
        "4": {
          "loc": { "start": { "line": 49, "column": 4 }, "end": { "line": 52, "column": null } },
          "type": "if",
          "locations": [
            { "start": { "line": 49, "column": 4 }, "end": { "line": 52, "column": null } },
            { "start": {}, "end": {} }
          ],
          "line": 49
        },
        "5": {
          "loc": { "start": { "line": 62, "column": 2 }, "end": { "line": 65, "column": null } },
          "type": "if",
          "locations": [
            { "start": { "line": 62, "column": 2 }, "end": { "line": 65, "column": null } },
            { "start": {}, "end": {} }
          ],
          "line": 62
        },
        "6": {
          "loc": { "start": { "line": 62, "column": 6 }, "end": { "line": 62, "column": 54 } },
          "type": "binary-expr",
          "locations": [
            { "start": { "line": 62, "column": 6 }, "end": { "line": 62, "column": 23 } },
            { "start": { "line": 62, "column": 23 }, "end": { "line": 62, "column": 54 } }
          ],
          "line": 62
        }
      },
      "s": {
        "0": 6,
        "1": 140,
        "2": 140,
        "3": 8,
        "4": 132,
        "5": 6,
        "6": 140,
        "7": 140,
        "8": 8,
        "9": 132,
        "10": 132,
        "11": 132,
        "12": 131,
        "13": 6,
        "14": 3,
        "15": 3,
        "16": 3,
        "17": 0,
        "18": 0,
        "19": 6,
        "20": 137,
        "21": 137,
        "22": 136,
        "23": 5,
        "24": 5,
        "25": 131,
        "26": 131,
        "27": 1,
        "28": 6,
        "29": 61,
        "30": 1,
        "31": 1,
        "32": 60
      },
      "f": { "0": 140, "1": 140, "2": 3, "3": 137, "4": 61 },
      "b": {
        "0": [8, 132],
        "1": [8, 132],
        "2": [131, 0],
        "3": [3, 3],
        "4": [5, 131],
        "5": [1, 60],
        "6": [61, 61]
      },
      "meta": {
        "lastBranch": 7,
        "lastFunction": 5,
        "lastStatement": 33,
        "seen": {
          "s:7:28:15:Infinity": 0,
          "f:7:28:7:29": 0,
          "s:8:24:8:Infinity": 1,
          "b:10:2:12:Infinity:undefined:undefined:undefined:undefined": 0,
          "s:10:2:12:Infinity": 2,
          "s:11:4:11:Infinity": 3,
          "s:14:2:14:Infinity": 4,
          "s:17:20:29:Infinity": 5,
          "f:17:20:17:27": 1,
          "s:18:16:18:Infinity": 6,
          "b:20:2:22:Infinity:undefined:undefined:undefined:undefined": 1,
          "s:20:2:22:Infinity": 7,
          "s:21:4:21:Infinity": 8,
          "s:24:8:24:Infinity": 9,
          "s:25:25:25:Infinity": 10,
          "s:26:15:26:Infinity": 11,
          "s:28:2:28:Infinity": 12,
          "b:28:9:28:38:28:38:28:Infinity": 2,
          "s:31:35:43:Infinity": 13,
          "f:31:35:31:Infinity": 2,
          "s:36:2:42:Infinity": 14,
          "s:37:4:37:Infinity": 15,
          "b:37:20:37:51:37:51:37:Infinity": 3,
          "s:38:4:38:Infinity": 16,
          "s:40:4:40:Infinity": 17,
          "s:41:4:41:Infinity": 18,
          "s:45:28:59:Infinity": 19,
          "f:45:28:45:35": 3,
          "s:46:2:58:Infinity": 20,
          "s:47:17:47:Infinity": 21,
          "b:49:4:52:Infinity:undefined:undefined:undefined:undefined": 4,
          "s:49:4:52:Infinity": 22,
          "s:50:6:50:Infinity": 23,
          "s:51:6:51:Infinity": 24,
          "s:54:4:54:Infinity": 25,
          "s:55:4:55:Infinity": 26,
          "s:57:4:57:Infinity": 27,
          "s:61:28:68:Infinity": 28,
          "f:61:28:61:29": 4,
          "b:62:2:65:Infinity:undefined:undefined:undefined:undefined": 5,
          "s:62:2:65:Infinity": 29,
          "b:62:6:62:23:62:23:62:54": 6,
          "s:63:4:63:Infinity": 30,
          "s:64:4:64:Infinity": 31,
          "s:67:2:67:Infinity": 32
        }
      }
    },
    "C:\\Users\\talgatov_a\\Desktop\\aqa_1\\server\\src\\middleware\\error-handler.ts": {
      "path": "C:\\Users\\talgatov_a\\Desktop\\aqa_1\\server\\src\\middleware\\error-handler.ts",
      "statementMap": {
        "0": { "start": { "line": 5, "column": 31 }, "end": { "line": 7, "column": null } },
        "1": { "start": { "line": 6, "column": 2 }, "end": { "line": 6, "column": null } },
        "2": { "start": { "line": 9, "column": 28 }, "end": { "line": 34, "column": null } },
        "3": { "start": { "line": 15, "column": 2 }, "end": { "line": 15, "column": null } },
        "4": { "start": { "line": 17, "column": 2 }, "end": { "line": 20, "column": null } },
        "5": { "start": { "line": 18, "column": 4 }, "end": { "line": 18, "column": null } },
        "6": { "start": { "line": 19, "column": 4 }, "end": { "line": 19, "column": null } },
        "7": { "start": { "line": 22, "column": 2 }, "end": { "line": 30, "column": null } },
        "8": { "start": { "line": 23, "column": 4 }, "end": { "line": 26, "column": null } },
        "9": { "start": { "line": 24, "column": 6 }, "end": { "line": 24, "column": null } },
        "10": { "start": { "line": 25, "column": 6 }, "end": { "line": 25, "column": null } },
        "11": { "start": { "line": 28, "column": 4 }, "end": { "line": 28, "column": null } },
        "12": { "start": { "line": 29, "column": 4 }, "end": { "line": 29, "column": null } },
        "13": { "start": { "line": 32, "column": 2 }, "end": { "line": 32, "column": null } },
        "14": { "start": { "line": 33, "column": 2 }, "end": { "line": 33, "column": null } }
      },
      "fnMap": {
        "0": {
          "name": "(anonymous_0)",
          "decl": { "start": { "line": 5, "column": 31 }, "end": { "line": 5, "column": 32 } },
          "loc": { "start": { "line": 5, "column": 95 }, "end": { "line": 7, "column": null } },
          "line": 5
        },
        "1": {
          "name": "(anonymous_1)",
          "decl": { "start": { "line": 9, "column": 28 }, "end": { "line": 9, "column": null } },
          "loc": { "start": { "line": 14, "column": 5 }, "end": { "line": 34, "column": null } },
          "line": 14
        }
      },
      "branchMap": {
        "0": {
          "loc": { "start": { "line": 17, "column": 2 }, "end": { "line": 20, "column": null } },
          "type": "if",
          "locations": [
            { "start": { "line": 17, "column": 2 }, "end": { "line": 20, "column": null } },
            { "start": {}, "end": {} }
          ],
          "line": 17
        },
        "1": {
          "loc": { "start": { "line": 22, "column": 2 }, "end": { "line": 30, "column": null } },
          "type": "if",
          "locations": [
            { "start": { "line": 22, "column": 2 }, "end": { "line": 30, "column": null } },
            { "start": {}, "end": {} }
          ],
          "line": 22
        },
        "2": {
          "loc": { "start": { "line": 23, "column": 4 }, "end": { "line": 26, "column": null } },
          "type": "if",
          "locations": [
            { "start": { "line": 23, "column": 4 }, "end": { "line": 26, "column": null } },
            { "start": {}, "end": {} }
          ],
          "line": 23
        }
      },
      "s": {
        "0": 6,
        "1": 0,
        "2": 6,
        "3": 43,
        "4": 43,
        "5": 42,
        "6": 42,
        "7": 1,
        "8": 1,
        "9": 1,
        "10": 1,
        "11": 0,
        "12": 0,
        "13": 0,
        "14": 0
      },
      "f": { "0": 0, "1": 43 },
      "b": { "0": [42, 1], "1": [1, 0], "2": [1, 0] },
      "meta": {
        "lastBranch": 3,
        "lastFunction": 2,
        "lastStatement": 15,
        "seen": {
          "s:5:31:7:Infinity": 0,
          "f:5:31:5:32": 0,
          "s:6:2:6:Infinity": 1,
          "s:9:28:34:Infinity": 2,
          "f:9:28:9:Infinity": 1,
          "s:15:2:15:Infinity": 3,
          "b:17:2:20:Infinity:undefined:undefined:undefined:undefined": 0,
          "s:17:2:20:Infinity": 4,
          "s:18:4:18:Infinity": 5,
          "s:19:4:19:Infinity": 6,
          "b:22:2:30:Infinity:undefined:undefined:undefined:undefined": 1,
          "s:22:2:30:Infinity": 7,
          "b:23:4:26:Infinity:undefined:undefined:undefined:undefined": 2,
          "s:23:4:26:Infinity": 8,
          "s:24:6:24:Infinity": 9,
          "s:25:6:25:Infinity": 10,
          "s:28:4:28:Infinity": 11,
          "s:29:4:29:Infinity": 12,
          "s:32:2:32:Infinity": 13,
          "s:33:2:33:Infinity": 14
        }
      }
    },
    "C:\\Users\\talgatov_a\\Desktop\\aqa_1\\server\\src\\controllers\\post.controller.ts": {
      "path": "C:\\Users\\talgatov_a\\Desktop\\aqa_1\\server\\src\\controllers\\post.controller.ts",
      "statementMap": {
        "0": { "start": { "line": 5, "column": 13 }, "end": { "line": 16, "column": null } },
        "1": { "start": { "line": 6, "column": 2 }, "end": { "line": 15, "column": null } },
        "2": { "start": { "line": 18, "column": 13 }, "end": { "line": 20, "column": null } },
        "3": { "start": { "line": 19, "column": 2 }, "end": { "line": 19, "column": null } },
        "4": { "start": { "line": 22, "column": 13 }, "end": { "line": 24, "column": null } },
        "5": { "start": { "line": 23, "column": 2 }, "end": { "line": 23, "column": null } },
        "6": { "start": { "line": 26, "column": 13 }, "end": { "line": 30, "column": null } },
        "7": { "start": { "line": 27, "column": 2 }, "end": { "line": 29, "column": null } },
        "8": { "start": { "line": 32, "column": 13 }, "end": { "line": 35, "column": null } },
        "9": { "start": { "line": 33, "column": 2 }, "end": { "line": 33, "column": null } },
        "10": { "start": { "line": 34, "column": 2 }, "end": { "line": 34, "column": null } },
        "11": { "start": { "line": 37, "column": 13 }, "end": { "line": 39, "column": null } },
        "12": { "start": { "line": 38, "column": 2 }, "end": { "line": 38, "column": null } },
        "13": { "start": { "line": 41, "column": 13 }, "end": { "line": 43, "column": null } },
        "14": { "start": { "line": 42, "column": 2 }, "end": { "line": 42, "column": null } },
        "15": { "start": { "line": 45, "column": 13 }, "end": { "line": 47, "column": null } },
        "16": { "start": { "line": 46, "column": 2 }, "end": { "line": 46, "column": null } },
        "17": { "start": { "line": 49, "column": 13 }, "end": { "line": 55, "column": null } },
        "18": { "start": { "line": 50, "column": 2 }, "end": { "line": 54, "column": null } },
        "19": { "start": { "line": 57, "column": 13 }, "end": { "line": 59, "column": null } },
        "20": { "start": { "line": 58, "column": 2 }, "end": { "line": 58, "column": null } },
        "21": { "start": { "line": 61, "column": 13 }, "end": { "line": 65, "column": null } },
        "22": { "start": { "line": 62, "column": 2 }, "end": { "line": 64, "column": null } },
        "23": { "start": { "line": 67, "column": 13 }, "end": { "line": 70, "column": null } },
        "24": { "start": { "line": 68, "column": 2 }, "end": { "line": 68, "column": null } },
        "25": { "start": { "line": 69, "column": 2 }, "end": { "line": 69, "column": null } }
      },
      "fnMap": {
        "0": {
          "name": "(anonymous_0)",
          "decl": { "start": { "line": 5, "column": 38 }, "end": { "line": 5, "column": 45 } },
          "loc": { "start": { "line": 5, "column": 86 }, "end": { "line": 16, "column": 1 } },
          "line": 5
        },
        "1": {
          "name": "(anonymous_1)",
          "decl": { "start": { "line": 18, "column": 36 }, "end": { "line": 18, "column": 43 } },
          "loc": { "start": { "line": 18, "column": 84 }, "end": { "line": 20, "column": 1 } },
          "line": 18
        },
        "2": {
          "name": "(anonymous_2)",
          "decl": { "start": { "line": 22, "column": 39 }, "end": { "line": 22, "column": 46 } },
          "loc": { "start": { "line": 22, "column": 87 }, "end": { "line": 24, "column": 1 } },
          "line": 22
        },
        "3": {
          "name": "(anonymous_3)",
          "decl": { "start": { "line": 26, "column": 39 }, "end": { "line": 26, "column": 46 } },
          "loc": { "start": { "line": 26, "column": 87 }, "end": { "line": 30, "column": 1 } },
          "line": 26
        },
        "4": {
          "name": "(anonymous_4)",
          "decl": { "start": { "line": 32, "column": 39 }, "end": { "line": 32, "column": 46 } },
          "loc": { "start": { "line": 32, "column": 87 }, "end": { "line": 35, "column": 1 } },
          "line": 32
        },
        "5": {
          "name": "(anonymous_5)",
          "decl": { "start": { "line": 37, "column": 40 }, "end": { "line": 37, "column": 47 } },
          "loc": { "start": { "line": 37, "column": 88 }, "end": { "line": 39, "column": 1 } },
          "line": 37
        },
        "6": {
          "name": "(anonymous_6)",
          "decl": { "start": { "line": 41, "column": 40 }, "end": { "line": 41, "column": 47 } },
          "loc": { "start": { "line": 41, "column": 88 }, "end": { "line": 43, "column": 1 } },
          "line": 41
        },
        "7": {
          "name": "(anonymous_7)",
          "decl": { "start": { "line": 45, "column": 40 }, "end": { "line": 45, "column": 47 } },
          "loc": { "start": { "line": 45, "column": 88 }, "end": { "line": 47, "column": 1 } },
          "line": 45
        },
        "8": {
          "name": "(anonymous_8)",
          "decl": { "start": { "line": 49, "column": 47 }, "end": { "line": 49, "column": 54 } },
          "loc": { "start": { "line": 49, "column": 95 }, "end": { "line": 55, "column": 1 } },
          "line": 49
        },
        "9": {
          "name": "(anonymous_9)",
          "decl": { "start": { "line": 57, "column": 42 }, "end": { "line": 57, "column": 49 } },
          "loc": { "start": { "line": 57, "column": 90 }, "end": { "line": 59, "column": 1 } },
          "line": 57
        },
        "10": {
          "name": "(anonymous_10)",
          "decl": { "start": { "line": 61, "column": 40 }, "end": { "line": 61, "column": 47 } },
          "loc": { "start": { "line": 61, "column": 88 }, "end": { "line": 65, "column": 1 } },
          "line": 61
        },
        "11": {
          "name": "(anonymous_11)",
          "decl": { "start": { "line": 67, "column": 43 }, "end": { "line": 67, "column": 50 } },
          "loc": { "start": { "line": 67, "column": 91 }, "end": { "line": 70, "column": 1 } },
          "line": 67
        }
      },
      "branchMap": {
        "0": {
          "loc": { "start": { "line": 8, "column": 14 }, "end": { "line": 8, "column": null } },
          "type": "cond-expr",
          "locations": [
            { "start": { "line": 8, "column": 57 }, "end": { "line": 8, "column": 80 } },
            { "start": { "line": 8, "column": 80 }, "end": { "line": 8, "column": null } }
          ],
          "line": 8
        },
        "1": {
          "loc": { "start": { "line": 10, "column": 8 }, "end": { "line": 10, "column": null } },
          "type": "cond-expr",
          "locations": [
            { "start": { "line": 10, "column": 55 }, "end": { "line": 10, "column": 82 } },
            { "start": { "line": 10, "column": 82 }, "end": { "line": 10, "column": null } }
          ],
          "line": 10
        },
        "2": {
          "loc": { "start": { "line": 11, "column": 11 }, "end": { "line": 11, "column": null } },
          "type": "cond-expr",
          "locations": [
            { "start": { "line": 11, "column": 51 }, "end": { "line": 11, "column": 71 } },
            { "start": { "line": 11, "column": 71 }, "end": { "line": 11, "column": null } }
          ],
          "line": 11
        },
        "3": {
          "loc": { "start": { "line": 12, "column": 14 }, "end": { "line": 12, "column": null } },
          "type": "cond-expr",
          "locations": [
            { "start": { "line": 12, "column": 57 }, "end": { "line": 12, "column": 80 } },
            { "start": { "line": 12, "column": 80 }, "end": { "line": 12, "column": null } }
          ],
          "line": 12
        },
        "4": {
          "loc": { "start": { "line": 13, "column": 16 }, "end": { "line": 13, "column": null } },
          "type": "cond-expr",
          "locations": [
            { "start": { "line": 13, "column": 61 }, "end": { "line": 13, "column": 86 } },
            { "start": { "line": 13, "column": 86 }, "end": { "line": 13, "column": null } }
          ],
          "line": 13
        },
        "5": {
          "loc": { "start": { "line": 52, "column": 14 }, "end": { "line": 52, "column": null } },
          "type": "cond-expr",
          "locations": [
            { "start": { "line": 52, "column": 57 }, "end": { "line": 52, "column": 80 } },
            { "start": { "line": 52, "column": 80 }, "end": { "line": 52, "column": null } }
          ],
          "line": 52
        }
      },
      "s": {
        "0": 6,
        "1": 2,
        "2": 6,
        "3": 1,
        "4": 6,
        "5": 17,
        "6": 6,
        "7": 4,
        "8": 6,
        "9": 3,
        "10": 2,
        "11": 6,
        "12": 13,
        "13": 6,
        "14": 1,
        "15": 6,
        "16": 1,
        "17": 6,
        "18": 0,
        "19": 6,
        "20": 1,
        "21": 6,
        "22": 3,
        "23": 6,
        "24": 0,
        "25": 0
      },
      "f": {
        "0": 2,
        "1": 1,
        "2": 17,
        "3": 4,
        "4": 3,
        "5": 13,
        "6": 1,
        "7": 1,
        "8": 0,
        "9": 1,
        "10": 3,
        "11": 0
      },
      "b": { "0": [0, 2], "1": [1, 1], "2": [1, 1], "3": [1, 1], "4": [1, 1], "5": [0, 0] },
      "meta": {
        "lastBranch": 6,
        "lastFunction": 12,
        "lastStatement": 26,
        "seen": {
          "s:5:13:16:Infinity": 0,
          "f:5:38:5:45": 0,
          "s:6:2:15:Infinity": 1,
          "b:8:57:8:80:8:80:8:Infinity": 0,
          "b:10:55:10:82:10:82:10:Infinity": 1,
          "b:11:51:11:71:11:71:11:Infinity": 2,
          "b:12:57:12:80:12:80:12:Infinity": 3,
          "b:13:61:13:86:13:86:13:Infinity": 4,
          "s:18:13:20:Infinity": 2,
          "f:18:36:18:43": 1,
          "s:19:2:19:Infinity": 3,
          "s:22:13:24:Infinity": 4,
          "f:22:39:22:46": 2,
          "s:23:2:23:Infinity": 5,
          "s:26:13:30:Infinity": 6,
          "f:26:39:26:46": 3,
          "s:27:2:29:Infinity": 7,
          "s:32:13:35:Infinity": 8,
          "f:32:39:32:46": 4,
          "s:33:2:33:Infinity": 9,
          "s:34:2:34:Infinity": 10,
          "s:37:13:39:Infinity": 11,
          "f:37:40:37:47": 5,
          "s:38:2:38:Infinity": 12,
          "s:41:13:43:Infinity": 13,
          "f:41:40:41:47": 6,
          "s:42:2:42:Infinity": 14,
          "s:45:13:47:Infinity": 15,
          "f:45:40:45:47": 7,
          "s:46:2:46:Infinity": 16,
          "s:49:13:55:Infinity": 17,
          "f:49:47:49:54": 8,
          "s:50:2:54:Infinity": 18,
          "b:52:57:52:80:52:80:52:Infinity": 5,
          "s:57:13:59:Infinity": 19,
          "f:57:42:57:49": 9,
          "s:58:2:58:Infinity": 20,
          "s:61:13:65:Infinity": 21,
          "f:61:40:61:47": 10,
          "s:62:2:64:Infinity": 22,
          "s:67:13:70:Infinity": 23,
          "f:67:43:67:50": 11,
          "s:68:2:68:Infinity": 24,
          "s:69:2:69:Infinity": 25
        }
      }
    },
    "C:\\Users\\talgatov_a\\Desktop\\aqa_1\\server\\src\\middleware\\security.ts": {
      "path": "C:\\Users\\talgatov_a\\Desktop\\aqa_1\\server\\src\\middleware\\security.ts",
      "statementMap": {
        "0": { "start": { "line": 4, "column": 34 }, "end": { "line": 4, "column": null } },
        "1": { "start": { "line": 5, "column": 37 }, "end": { "line": 5, "column": null } },
        "2": { "start": { "line": 7, "column": 25 }, "end": { "line": 12, "column": null } },
        "3": { "start": { "line": 19, "column": 29 }, "end": { "line": 19, "column": null } },
        "4": { "start": { "line": 21, "column": 27 }, "end": { "line": 31, "column": null } },
        "5": { "start": { "line": 22, "column": 2 }, "end": { "line": 24, "column": null } },
        "6": { "start": { "line": 23, "column": 4 }, "end": { "line": 23, "column": null } },
        "7": { "start": { "line": 26, "column": 2 }, "end": { "line": 28, "column": null } },
        "8": { "start": { "line": 27, "column": 4 }, "end": { "line": 27, "column": null } },
        "9": { "start": { "line": 30, "column": 2 }, "end": { "line": 30, "column": null } },
        "10": { "start": { "line": 33, "column": 21 }, "end": { "line": 34, "column": null } },
        "11": { "start": { "line": 34, "column": 2 }, "end": { "line": 34, "column": null } },
        "12": { "start": { "line": 36, "column": 30 }, "end": { "line": 42, "column": null } },
        "13": { "start": { "line": 37, "column": 2 }, "end": { "line": 41, "column": null } },
        "14": { "start": { "line": 38, "column": 4 }, "end": { "line": 40, "column": null } },
        "15": { "start": { "line": 39, "column": 6 }, "end": { "line": 39, "column": null } },
        "16": { "start": { "line": 44, "column": 31 }, "end": { "line": 50, "column": null } },
        "17": { "start": { "line": 45, "column": 2 }, "end": { "line": 47, "column": null } },
        "18": { "start": { "line": 46, "column": 4 }, "end": { "line": 46, "column": null } },
        "19": { "start": { "line": 49, "column": 2 }, "end": { "line": 49, "column": null } },
        "20": { "start": { "line": 52, "column": 32 }, "end": { "line": 56, "column": null } },
        "21": { "start": { "line": 53, "column": 2 }, "end": { "line": 53, "column": null } },
        "22": { "start": { "line": 54, "column": 2 }, "end": { "line": 54, "column": null } },
        "23": { "start": { "line": 55, "column": 2 }, "end": { "line": 55, "column": null } },
        "24": { "start": { "line": 58, "column": 31 }, "end": { "line": 86, "column": null } },
        "25": { "start": { "line": 59, "column": 14 }, "end": { "line": 59, "column": null } },
        "26": { "start": { "line": 60, "column": 2 }, "end": { "line": 60, "column": null } },
        "27": { "start": { "line": 62, "column": 20 }, "end": { "line": 62, "column": null } },
        "28": { "start": { "line": 63, "column": 24 }, "end": { "line": 63, "column": null } },
        "29": { "start": { "line": 65, "column": 2 }, "end": { "line": 72, "column": null } },
        "30": { "start": { "line": 66, "column": 4 }, "end": { "line": 69, "column": null } },
        "31": { "start": { "line": 70, "column": 4 }, "end": { "line": 70, "column": null } },
        "32": { "start": { "line": 71, "column": 4 }, "end": { "line": 71, "column": null } },
        "33": { "start": { "line": 74, "column": 2 }, "end": { "line": 81, "column": null } },
        "34": { "start": { "line": 75, "column": 4 }, "end": { "line": 78, "column": null } },
        "35": { "start": { "line": 79, "column": 4 }, "end": { "line": 79, "column": null } },
        "36": { "start": { "line": 80, "column": 4 }, "end": { "line": 80, "column": null } },
        "37": { "start": { "line": 83, "column": 2 }, "end": { "line": 83, "column": null } },
        "38": { "start": { "line": 84, "column": 2 }, "end": { "line": 84, "column": null } },
        "39": { "start": { "line": 85, "column": 2 }, "end": { "line": 85, "column": null } },
        "40": { "start": { "line": 88, "column": 39 }, "end": { "line": 90, "column": null } },
        "41": { "start": { "line": 89, "column": 2 }, "end": { "line": 89, "column": null } }
      },
      "fnMap": {
        "0": {
          "name": "(anonymous_0)",
[...]
        "22": 3,
        "23": 2,
        "24": 2,
        "25": 2,
        "26": 1,
        "27": 1,
        "28": 0,
        "29": 0,
        "30": 1,
        "31": 17,
        "32": 4,
        "33": 13,
        "34": 1,
        "35": 1,
        "36": 3,
        "37": 6,
        "38": 1,
        "39": 5,
        "40": 2,
        "41": 1,
        "42": 1,
        "43": 1,
        "44": 3,
        "45": 0,
        "46": 1,
        "47": 1,
        "48": 1,
        "49": 1,
        "50": 1
      },
      "b": {
        "0": [0, 0, 0, 0],
        "1": [22, 6],
        "2": [0, 0],
        "3": [18, 15],
        "4": [3, 3],
        "5": [14, 1],
        "6": [15, 3],
        "7": [2, 1],
        "8": [14, 3],
        "9": [2, 1],
        "10": [0, 0],
        "11": [0, 0],
        "12": [0, 0],
        "13": [11, 0],
        "14": [0, 0],
        "15": [2, 3],
        "16": [3, 0],
        "17": [3, 3],
        "18": [2, 1],
        "19": [3, 1],
        "20": [0, 1],
        "21": [1, 0],
        "22": [1, 0],
        "23": [1, 0],
        "24": [1, 1],
        "25": [1, 1],
        "26": [1, 1],
        "27": [1, 1],
        "28": [2],
        "29": [0, 0],
        "30": [0, 0],
        "31": [1, 0],
        "32": [0, 17],
        "33": [17, 17],
        "34": [17, 17],
        "35": [2, 15],
        "36": [0, 15],
        "37": [0, 4],
        "38": [1, 3],
        "39": [0, 4],
        "40": [4, 1],
        "41": [0, 3],
        "42": [3, 1],
        "43": [1, 2],
        "44": [1, 2],
        "45": [0, 3],
        "46": [0, 0],
        "47": [1, 2],
        "48": [1, 0],
        "49": [1, 1],
        "50": [0, 1],
        "51": [0, 13],
        "52": [0, 13],
        "53": [0, 13],
        "54": [0, 1],
        "55": [0, 1],
        "56": [0, 1],
        "57": [0, 1],
        "58": [0, 1],
        "59": [0, 1],
        "60": [0, 3],
        "61": [1, 2],
        "62": [0, 6],
        "63": [1, 5],
        "64": [0, 5],
        "65": [1, 0],
        "66": [0, 0],
        "67": [0, 5],
        "68": [2, 3],
        "69": [0, 3],
        "70": [1, 1],
        "71": [0, 3],
        "72": [3, 3],
        "73": [1, 2],
        "74": [0, 0],
        "75": [0, 0],
        "76": [0, 0],
        "77": [0, 1]
      },
      "meta": {
        "lastBranch": 78,
        "lastFunction": 51,
        "lastStatement": 272,
        "seen": {
          "s:16:23:16:Infinity": 0,
          "f:16:23:16:29": 0,
          "s:16:29:16:Infinity": 1,
          "s:17:27:17:Infinity": 2,
          "f:17:27:17:33": 1,
          "s:17:33:17:Infinity": 3,
          "s:18:22:18:Infinity": 4,
          "f:18:22:18:28": 2,
          "s:18:28:18:Infinity": 5,
          "s:19:26:19:Infinity": 6,
          "f:19:26:19:32": 3,
          "s:19:32:19:Infinity": 7,
          "s:20:27:20:Infinity": 8,
          "f:20:27:20:33": 4,
          "s:20:33:20:Infinity": 9,
          "s:21:26:21:Infinity": 10,
          "f:21:26:21:32": 5,
          "s:21:32:21:Infinity": 11,
          "s:22:23:22:Infinity": 12,
          "f:22:23:22:29": 6,
          "s:22:29:22:Infinity": 13,
          "s:24:26:31:Infinity": 14,
          "f:24:26:24:27": 7,
          "s:25:2:31:Infinity": 15,
          "b:25:2:25:Infinity:26:2:27:Infinity:28:3:29:Infinity:30:3:31:Infinity": 0,
          "s:33:22:46:Infinity": 16,
          "s:48:17:52:Infinity": 17,
          "f:48:17:48:18": 8,
          "s:49:2:52:Infinity": 18,
          "s:54:22:55:Infinity": 19,
          "f:54:22:54:23": 9,
          "s:55:2:55:Infinity": 20,
          "b:55:2:55:37:55:37:55:Infinity": 1,
          "s:57:25:58:Infinity": 21,
          "f:57:25:57:26": 10,
          "s:58:2:58:Infinity": 22,
          "b:58:2:58:37:58:37:58:Infinity": 2,
          "s:60:24:67:Infinity": 23,
          "f:60:24:60:25": 11,
          "s:61:2:67:Infinity": 24,
          "b:63:7:63:17:63:17:63:Infinity": 3,
          "f:64:13:64:14": 12,
          "s:64:24:64:37": 25,
          "f:65:16:65:17": 13,
          "s:65:27:65:63": 26,
          "b:65:27:65:54:65:54:65:63": 4,
          "s:69:21:82:Infinity": 27,
          "f:69:21:69:28": 14,
          "s:70:2:70:Infinity": 28,
          "b:72:2:74:Infinity:undefined:undefined:undefined:undefined": 5,
          "s:72:2:74:Infinity": 29,
          "s:73:4:73:Infinity": 30,
          "s:76:2:81:Infinity": 31,
          "f:77:15:77:16": 15,
          "s:77:27:80:6": 32,
          "s:84:29:94:Infinity": 33,
          "f:84:29:84:36": 16,
          "b:85:2:87:Infinity:undefined:undefined:undefined:undefined": 6,
          "s:85:2:87:Infinity": 34,
          "s:86:4:86:Infinity": 35,
          "s:89:19:89:Infinity": 36,
          "b:91:2:93:Infinity:undefined:undefined:undefined:undefined": 7,
          "s:91:2:93:Infinity": 37,
          "s:92:4:92:Infinity": 38,
          "s:96:24:108:Infinity": 39,
          "f:96:24:96:31": 17,
          "b:97:2:99:Infinity:undefined:undefined:undefined:undefined": 8,
          "s:97:2:99:Infinity": 40,
          "s:98:4:98:Infinity": 41,
          "s:101:15:103:Infinity": 42,
          "b:105:2:107:Infinity:undefined:undefined:undefined:undefined": 9,
          "s:105:2:107:Infinity": 43,
          "s:106:4:106:Infinity": 44,
          "s:110:26:120:Infinity": 45,
          "f:110:26:110:27": 18,
          "b:111:2:113:Infinity:undefined:undefined:undefined:undefined": 10,
          "s:111:2:113:Infinity": 46,
          "s:112:4:112:Infinity": 47,
          "b:115:2:117:Infinity:undefined:undefined:undefined:undefined": 11,
          "s:115:2:117:Infinity": 48,
          "b:115:6:115:16:115:16:115:45": 12,
          "s:116:4:116:Infinity": 49,
          "s:119:2:119:Infinity": 50,
          "s:122:39:132:Infinity": 51,
          "f:122:39:122:40": 19,
          "b:123:2:125:Infinity:undefined:undefined:undefined:undefined": 13,
          "s:123:2:125:Infinity": 52,
          "s:124:4:124:Infinity": 53,
          "b:127:2:129:Infinity:undefined:undefined:undefined:undefined": 14,
          "s:127:2:129:Infinity": 54,
          "s:128:4:128:Infinity": 55,
          "s:131:2:131:Infinity": 56,
          "s:134:22:145:Infinity": 57,
          "f:134:22:134:Infinity": 20,
          "s:135:2:145:Infinity": 58,
          "s:147:25:155:Infinity": 59,
          "f:147:25:147:26": 21,
          "b:148:2:150:Infinity:undefined:undefined:undefined:undefined": 15,
          "s:148:2:150:Infinity": 60,
          "s:149:4:149:Infinity": 61,
          "s:152:17:152:Infinity": 62,
          "s:154:2:154:Infinity": 63,
          "b:154:50:154:59:154:59:154:Infinity": 16,
          "b:154:9:154:37:154:37:154:50": 17,
          "s:170:42:211:Infinity": 64,
          "f:170:42:170:Infinity": 22,
          "s:174:26:174:Infinity": 65,
          "s:175:19:175:Infinity": 66,
          "b:177:2:182:Infinity:undefined:undefined:undefined:undefined": 18,
          "s:177:2:182:Infinity": 67,
          "b:177:6:177:26:177:26:177:71": 19,
          "s:178:4:181:Infinity": 68,
          "b:184:2:189:Infinity:undefined:undefined:undefined:undefined": 20,
          "s:184:2:189:Infinity": 69,
          "s:185:4:188:Infinity": 70,
          "b:191:2:205:Infinity:undefined:undefined:undefined:undefined": 21,
          "s:191:2:205:Infinity": 71,
          "s:192:27:192:Infinity": 72,
          "b:192:27:192:39:192:39:192:Infinity": 22,
          "b:194:4:199:Infinity:undefined:undefined:undefined:undefined": 23,
          "s:194:4:199:Infinity": 73,
          "s:195:6:198:Infinity": 74,
          "s:201:4:204:Infinity": 75,
          "s:207:2:210:Infinity": 76,
          "s:213:25:244:Infinity": 77,
          "f:213:25:213:Infinity": 23,
          "s:218:26:218:Infinity": 78,
          "s:220:2:220:Infinity": 79,
          "b:222:2:224:Infinity:undefined:undefined:undefined:undefined": 24,
          "s:222:2:224:Infinity": 80,
          "s:223:4:223:Infinity": 81,
          "s:226:21:226:Infinity": 82,
          "b:228:2:230:Infinity:undefined:undefined:undefined:undefined": 25,
          "s:228:2:230:Infinity": 83,
          "s:229:4:229:Infinity": 84,
          "b:232:2:235:Infinity:undefined:undefined:undefined:undefined": 26,
          "s:232:2:235:Infinity": 85,
          "s:233:21:233:Infinity": 86,
          "s:234:4:234:Infinity": 87,
          "b:237:2:243:Infinity:undefined:undefined:undefined:undefined": 27,
          "s:237:2:243:Infinity": 88,
          "s:238:19:238:Infinity": 89,
          "s:239:4:242:Infinity": 90,
          "s:246:27:775:Infinity": 91,
          "f:247:8:247:18": 24,
          "b:247:73:247:77": 28,
          "s:248:18:248:Infinity": 92,
          "s:250:4:250:Infinity": 93,
          "s:251:4:251:Infinity": 94,
          "s:253:18:253:Infinity": 95,
          "s:255:4:255:Infinity": 96,
          "f:255:21:255:22": 25,
          "s:255:22:255:58": 97,
          "f:258:8:258:26": 26,
          "s:259:18:264:Infinity": 98,
          "s:266:4:266:Infinity": 99,
          "f:266:21:266:22": 27,
          "s:266:22:266:58": 100,
          "f:269:8:269:27": 28,
          "s:270:18:270:Infinity": 101,
          "b:272:4:274:Infinity:undefined:undefined:undefined:undefined": 29,
          "s:272:4:274:Infinity": 102,
          "b:272:8:272:26:272:26:272:95": 30,
          "s:273:6:273:Infinity": 103,
          "s:276:4:276:Infinity": 104,
          "s:277:18:277:Infinity": 105,
          "s:279:4:279:Infinity": 106,
          "f:279:21:279:22": 29,
          "s:279:22:279:57": 107,
          "f:282:8:282:16": 30,
          "s:283:17:283:Infinity": 108,
          "b:285:4:287:Infinity:undefined:undefined:undefined:undefined": 31,
          "s:285:4:287:Infinity": 109,
          "s:286:6:286:Infinity": 110,
          "s:289:4:289:Infinity": 111,
          "s:291:4:291:Infinity": 112,
          "f:294:8:294:Infinity": 31,
          "s:304:18:304:Infinity": 113,
          "s:305:20:305:Infinity": 114,
          "b:307:4:309:Infinity:undefined:undefined:undefined:undefined": 32,
          "s:307:4:309:Infinity": 115,
          "b:307:8:307:18:307:18:307:28": 33,
          "s:308:6:308:Infinity": 116,
          "s:311:20:311:Infinity": 117,
          "b:311:20:311:45:311:45:311:Infinity": 34,
          "s:312:23:312:Infinity": 118,
          "b:312:42:312:69:312:69:312:Infinity": 35,
          "s:313:19:313:Infinity": 119,
          "s:315:4:315:Infinity": 120,
          "s:316:4:316:Infinity": 121,
          "s:318:17:327:Infinity": 122,
          "s:329:22:329:Infinity": 123,
          "s:330:4:330:Infinity": 124,
          "s:332:25:332:Infinity": 125,
          "b:334:4:336:Infinity:undefined:undefined:undefined:undefined": 36,
          "s:334:4:336:Infinity": 126,
          "s:335:6:335:Infinity": 127,
          "s:338:4:338:Infinity": 128,
          "f:341:8:341:Infinity": 32,
          "s:352:17:352:Infinity": 129,
          "b:354:4:356:Infinity:undefined:undefined:undefined:undefined": 37,
          "s:354:4:356:Infinity": 130,
          "s:355:6:355:Infinity": 131,
          "b:358:4:360:Infinity:undefined:undefined:undefined:undefined": 38,
          "s:358:4:360:Infinity": 132,
          "s:359:6:359:Infinity": 133,
          "s:362:18:362:Infinity": 134,
          "s:363:20:363:Infinity": 135,
          "b:365:4:367:Infinity:undefined:undefined:undefined:undefined": 39,
          "s:365:4:367:Infinity": 136,
          "b:365:8:365:43:365:43:365:51": 40,
          "s:366:6:366:Infinity": 137,
          "b:369:4:371:Infinity:undefined:undefined:undefined:undefined": 41,
          "s:369:4:371:Infinity": 138,
          "b:369:8:369:45:369:45:369:55": 42,
          "s:370:6:370:Infinity": 139,
          "b:373:4:375:Infinity:undefined:undefined:undefined:undefined": 43,
          "s:373:4:375:Infinity": 140,
          "s:374:6:374:Infinity": 141,
          "b:377:4:379:Infinity:undefined:undefined:undefined:undefined": 44,
          "s:377:4:379:Infinity": 142,
          "s:378:6:378:Infinity": 143,
          "b:381:4:383:Infinity:undefined:undefined:undefined:undefined": 45,
          "s:381:4:383:Infinity": 144,
          "s:382:6:382:Infinity": 145,
          "b:382:21:382:46:382:46:382:Infinity": 46,
          "b:385:4:389:Infinity:undefined:undefined:undefined:undefined": 47,
          "s:385:4:389:Infinity": 146,
          "s:386:25:386:Infinity": 147,
          "b:386:44:386:71:386:71:386:Infinity": 48,
          "s:387:6:387:Infinity": 148,
          "s:388:6:388:Infinity": 149,
          "b:391:4:395:Infinity:undefined:undefined:undefined:undefined": 49,
          "s:391:4:395:Infinity": 150,
          "s:392:21:392:Infinity": 151,
          "s:393:6:393:Infinity": 152,
          "s:394:6:394:Infinity": 153,
          "s:397:4:397:Infinity": 154,
          "s:399:24:399:Infinity": 155,
          "b:401:4:403:Infinity:undefined:undefined:undefined:undefined": 50,
          "s:401:4:403:Infinity": 156,
          "s:402:6:402:Infinity": 157,
          "s:405:4:405:Infinity": 158,
          "f:408:8:408:20": 33,
          "s:409:17:409:Infinity": 159,
          "b:411:4:413:Infinity:undefined:undefined:undefined:undefined": 51,
          "s:411:4:413:Infinity": 160,
          "s:412:6:412:Infinity": 161,
          "b:415:4:417:Infinity:undefined:undefined:undefined:undefined": 52,
          "s:415:4:417:Infinity": 162,
          "s:416:6:416:Infinity": 163,
          "s:419:4:419:Infinity": 164,
          "s:420:4:420:Infinity": 165,
          "s:421:4:421:Infinity": 166,
          "s:422:4:422:Infinity": 167,
          "s:424:24:424:Infinity": 168,
          "b:426:4:428:Infinity:undefined:undefined:undefined:undefined": 53,
          "s:426:4:428:Infinity": 169,
          "s:427:6:427:Infinity": 170,
          "s:430:4:430:Infinity": 171,
          "f:433:8:433:20": 34,
          "s:434:17:434:Infinity": 172,
          "b:436:4:438:Infinity:undefined:undefined:undefined:undefined": 54,
          "s:436:4:438:Infinity": 173,
          "s:437:6:437:Infinity": 174,
          "b:440:4:442:Infinity:undefined:undefined:undefined:undefined": 55,
          "s:440:4:442:Infinity": 175,
          "s:441:6:441:Infinity": 176,
          "s:444:4:444:Infinity": 177,
          "s:445:4:445:Infinity": 178,
          "s:446:4:446:Infinity": 179,
          "s:448:24:448:Infinity": 180,
          "b:450:4:452:Infinity:undefined:undefined:undefined:undefined": 56,
          "s:450:4:452:Infinity": 181,
          "s:451:6:451:Infinity": 182,
          "s:454:4:454:Infinity": 183,
          "f:457:8:457:20": 35,
          "s:458:17:458:Infinity": 184,
          "b:460:4:462:Infinity:undefined:undefined:undefined:undefined": 57,
          "s:460:4:462:Infinity": 185,
          "s:461:6:461:Infinity": 186,
          "b:464:4:466:Infinity:undefined:undefined:undefined:undefined": 58,
          "s:464:4:466:Infinity": 187,
          "s:465:6:465:Infinity": 188,
          "s:468:4:468:Infinity": 189,
          "s:469:4:469:Infinity": 190,
          "s:470:4:470:Infinity": 191,
          "s:472:24:472:Infinity": 192,
          "b:474:4:476:Infinity:undefined:undefined:undefined:undefined": 59,
          "s:474:4:476:Infinity": 193,
          "s:475:6:475:Infinity": 194,
          "s:478:4:478:Infinity": 195,
          "f:481:8:481:19": 36,
          "s:482:17:482:Infinity": 196,
          "b:484:4:486:Infinity:undefined:undefined:undefined:undefined": 60,
          "s:484:4:486:Infinity": 197,
          "s:485:6:485:Infinity": 198,
          "b:488:4:490:Infinity:undefined:undefined:undefined:undefined": 61,
          "s:488:4:490:Infinity": 199,
          "s:489:6:489:Infinity": 200,
          "s:492:4:492:Infinity": 201,
          "f:495:8:495:19": 37,
          "s:496:17:496:Infinity": 202,
          "b:498:4:500:Infinity:undefined:undefined:undefined:undefined": 62,
          "s:498:4:500:Infinity": 203,
          "s:499:6:499:Infinity": 204,
          "s:502:4:502:Infinity": 205,
          "s:504:20:504:Infinity": 206,
          "b:506:4:508:Infinity:undefined:undefined:undefined:undefined": 63,
          "s:506:4:508:Infinity": 207,
          "s:507:6:507:Infinity": 208,
          "s:510:20:514:Infinity": 209,
          "s:516:25:516:Infinity": 210,
          "s:517:24:523:Infinity": 211,
          "b:525:4:527:Infinity:undefined:undefined:undefined:undefined": 64,
          "s:525:4:527:Infinity": 212,
          "s:526:6:526:Infinity": 213,
          "s:529:4:529:Infinity": 214,
          "f:532:8:532:22": 38,
          "s:533:20:533:Infinity": 215,
          "b:535:4:537:Infinity:undefined:undefined:undefined:undefined": 65,
          "s:535:4:537:Infinity": 216,
          "s:536:6:536:Infinity": 217,
          "b:539:4:541:Infinity:undefined:undefined:undefined:undefined": 66,
          "s:539:4:541:Infinity": 218,
          "s:540:6:540:Infinity": 219,
          "s:543:4:543:Infinity": 220,
          "f:546:8:546:17": 39,
          "s:547:17:547:Infinity": 221,
          "b:549:4:551:Infinity:undefined:undefined:undefined:undefined": 67,
          "s:549:4:551:Infinity": 222,
          "s:550:6:550:Infinity": 223,
          "s:553:4:553:Infinity": 224,
          "s:555:25:558:Infinity": 225,
          "b:560:4:562:Infinity:undefined:undefined:undefined:undefined": 68,
          "s:560:4:562:Infinity": 226,
          "s:561:6:561:Infinity": 227,
          "s:564:17:567:Infinity": 228,
          "s:569:22:569:Infinity": 229,
          "s:570:21:576:Infinity": 230,
          "b:578:4:580:Infinity:undefined:undefined:undefined:undefined": 69,
          "s:578:4:580:Infinity": 231,
          "s:579:6:579:Infinity": 232,
          "s:582:4:582:Infinity": 233,
          "f:585:8:585:19": 40,
          "s:586:17:589:Infinity": 234,
          "b:591:4:593:Infinity:undefined:undefined:undefined:undefined": 70,
          "s:591:4:593:Infinity": 235,
          "s:592:6:592:Infinity": 236,
          "s:595:4:595:Infinity": 237,
          "f:598:8:598:22": 41,
          "s:599:22:622:Infinity": 238,
          "s:624:4:630:Infinity": 239,
          "f:625:14:625:15": 42,
          "s:625:28:625:77": 240,
          "f:626:11:626:12": 43,
          "s:626:26:630:8": 241,
          "f:633:8:633:20": 44,
          "s:634:17:634:Infinity": 242,
          "b:636:4:638:Infinity:undefined:undefined:undefined:undefined": 71,
          "s:636:4:638:Infinity": 243,
          "b:636:8:636:17:636:17:636:58": 72,
          "s:637:6:637:Infinity": 244,
          "s:640:29:643:Infinity": 245,
          "b:645:4:652:Infinity:undefined:undefined:undefined:undefined": 73,
          "s:645:4:652:Infinity": 246,
          "s:646:6:651:Infinity": 247,
          "s:654:21:657:Infinity": 248,
          "s:659:4:688:Infinity": 249,
          "s:660:28:660:Infinity": 250,
          "s:662:6:667:Infinity": 251,
          "b:669:6:671:Infinity:undefined:undefined:undefined:undefined": 74,
          "s:669:6:671:Infinity": 252,
          "s:670:8:670:Infinity": 253,
          "s:673:33:676:Infinity": 254,
          "b:678:6:680:Infinity:undefined:undefined:undefined:undefined": 75,
          "s:678:6:680:Infinity": 255,
          "s:679:8:679:Infinity": 256,
          "s:682:6:687:Infinity": 257,
          "f:691:8:691:23": 45,
          "s:692:21:695:Infinity": 258,
          "b:697:4:699:Infinity:undefined:undefined:undefined:undefined": 76,
          "s:697:4:699:Infinity": 259,
          "s:698:6:698:Infinity": 260,
          "s:701:4:701:Infinity": 261,
          "f:704:8:704:23": 46,
          "s:705:21:724:Infinity": 262,
          "s:726:4:732:Infinity": 263,
          "f:726:24:726:25": 47,
          "s:726:38:732:6": 264,
          "f:735:8:735:20": 48,
          "s:736:18:755:Infinity": 265,
          "s:757:4:763:Infinity": 266,
          "f:757:21:757:22": 49,
          "s:757:32:763:6": 267,
          "f:766:8:766:19": 50,
          "s:767:17:767:Infinity": 268,
          "b:769:4:771:Infinity:undefined:undefined:undefined:undefined": 77,
          "s:769:4:771:Infinity": 269,
          "s:770:6:770:Infinity": 270,
          "s:773:4:773:Infinity": 271
        }
      }
    }
  }
}
